# JRE version: Java(TM) SE Runtime Environment (8.0_251-b08) (build 1.8.0_251-b08)
# Java VM: Java HotSpot(TM) 64-Bit Server VM (25.251-b08 mixed mode linux-amd64 compressed oops)
Heap:
 PSYoungGen      total 34304K, used 20264K [0x00000000ebf00000, 0x00000000ee300000, 0x0000000100000000)
  eden space 31744K, 63% used [0x00000000ebf00000,0x00000000ed2ca120,0x00000000ede00000)
  from space 2560K, 0% used [0x00000000ede00000,0x00000000ede00000,0x00000000ee080000)
  to   space 2560K, 0% used [0x00000000ee080000,0x00000000ee080000,0x00000000ee300000)
 ParOldGen       total 40448K, used 10836K [0x00000000c3c00000, 0x00000000c6380000, 0x00000000ebf00000)
  object space 40448K, 26% used [0x00000000c3c00000,0x00000000c4695000,0x00000000c6380000)
 Metaspace       used 24769K, capacity 25664K, committed 25856K, reserved 1071104K
  class space    used 3291K, capacity 3522K, committed 3584K, reserved 1048576K
GC Heap History (8 events):
Event: 1.586 GC heap before
{Heap before GC invocations=1 (full 0):
 PSYoungGen      total 18432K, used 15872K [0x00000000ebf00000, 0x00000000ed380000, 0x0000000100000000)
  eden space 15872K, 100% used [0x00000000ebf00000,0x00000000ece80000,0x00000000ece80000)
  from space 2560K, 0% used [0x00000000ed100000,0x00000000ed100000,0x00000000ed380000)
  to   space 2560K, 0% used [0x00000000ece80000,0x00000000ece80000,0x00000000ed100000)
 ParOldGen       total 42496K, used 0K [0x00000000c3c00000, 0x00000000c6580000, 0x00000000ebf00000)
  object space 42496K, 0% used [0x00000000c3c00000,0x00000000c3c00000,0x00000000c6580000)
 Metaspace       used 9853K, capacity 10302K, committed 10368K, reserved 1058816K
  class space    used 1233K, capacity 1377K, committed 1408K, reserved 1048576K
Event: 1.605 GC heap after
Heap after GC invocations=1 (full 0):
 PSYoungGen      total 18432K, used 2528K [0x00000000ebf00000, 0x00000000ee300000, 0x0000000100000000)
  eden space 15872K, 0% used [0x00000000ebf00000,0x00000000ebf00000,0x00000000ece80000)
  from space 2560K, 98% used [0x00000000ece80000,0x00000000ed0f8020,0x00000000ed100000)
  to   space 2560K, 0% used [0x00000000ee080000,0x00000000ee080000,0x00000000ee300000)
 ParOldGen       total 42496K, used 758K [0x00000000c3c00000, 0x00000000c6580000, 0x00000000ebf00000)
  object space 42496K, 1% used [0x00000000c3c00000,0x00000000c3cbd8b0,0x00000000c6580000)
 Metaspace       used 9853K, capacity 10302K, committed 10368K, reserved 1058816K
  class space    used 1233K, capacity 1377K, committed 1408K, reserved 1048576K
}
Event: 2.766 GC heap before
{Heap before GC invocations=2 (full 0):
 PSYoungGen      total 18432K, used 18400K [0x00000000ebf00000, 0x00000000ee300000, 0x0000000100000000)
  eden space 15872K, 100% used [0x00000000ebf00000,0x00000000ece80000,0x00000000ece80000)
  from space 2560K, 98% used [0x00000000ece80000,0x00000000ed0f8020,0x00000000ed100000)
  to   space 2560K, 0% used [0x00000000ee080000,0x00000000ee080000,0x00000000ee300000)
 ParOldGen       total 42496K, used 758K [0x00000000c3c00000, 0x00000000c6580000, 0x00000000ebf00000)
  object space 42496K, 1% used [0x00000000c3c00000,0x00000000c3cbd8b0,0x00000000c6580000)
 Metaspace       used 15842K, capacity 16546K, committed 16640K, reserved 1062912K
  class space    used 2280K, capacity 2489K, committed 2560K, reserved 1048576K
Event: 2.782 GC heap after
Heap after GC invocations=2 (full 0):
 PSYoungGen      total 34304K, used 2538K [0x00000000ebf00000, 0x00000000ee300000, 0x0000000100000000)
  eden space 31744K, 0% used [0x00000000ebf00000,0x00000000ebf00000,0x00000000ede00000)
  from space 2560K, 99% used [0x00000000ee080000,0x00000000ee2fab40,0x00000000ee300000)
  to   space 2560K, 0% used [0x00000000ede00000,0x00000000ede00000,0x00000000ee080000)
 ParOldGen       total 42496K, used 4154K [0x00000000c3c00000, 0x00000000c6580000, 0x00000000ebf00000)
  object space 42496K, 9% used [0x00000000c3c00000,0x00000000c400eb60,0x00000000c6580000)
 Metaspace       used 15842K, capacity 16546K, committed 16640K, reserved 1062912K
  class space    used 2280K, capacity 2489K, committed 2560K, reserved 1048576K
}
Event: 12.368 GC heap before
{Heap before GC invocations=3 (full 0):
 PSYoungGen      total 34304K, used 18248K [0x00000000ebf00000, 0x00000000ee300000, 0x0000000100000000)
  eden space 31744K, 49% used [0x00000000ebf00000,0x00000000ece57868,0x00000000ede00000)
  from space 2560K, 99% used [0x00000000ee080000,0x00000000ee2fab40,0x00000000ee300000)
  to   space 2560K, 0% used [0x00000000ede00000,0x00000000ede00000,0x00000000ee080000)
 ParOldGen       total 42496K, used 4154K [0x00000000c3c00000, 0x00000000c6580000, 0x00000000ebf00000)
  object space 42496K, 9% used [0x00000000c3c00000,0x00000000c400eb60,0x00000000c6580000)
 Metaspace       used 20386K, capacity 21206K, committed 21296K, reserved 1067008K
  class space    used 2735K, capacity 2937K, committed 2944K, reserved 1048576K
Event: 12.380 GC heap after
Heap after GC invocations=3 (full 0):
 PSYoungGen      total 34304K, used 2538K [0x00000000ebf00000, 0x00000000ee300000, 0x0000000100000000)
  eden space 31744K, 0% used [0x00000000ebf00000,0x00000000ebf00000,0x00000000ede00000)
  from space 2560K, 99% used [0x00000000ede00000,0x00000000ee07ab40,0x00000000ee080000)
  to   space 2560K, 0% used [0x00000000ee080000,0x00000000ee080000,0x00000000ee300000)
 ParOldGen       total 42496K, used 8484K [0x00000000c3c00000, 0x00000000c6580000, 0x00000000ebf00000)
  object space 42496K, 19% used [0x00000000c3c00000,0x00000000c4449080,0x00000000c6580000)
 Metaspace       used 20386K, capacity 21206K, committed 21296K, reserved 1067008K
  class space    used 2735K, capacity 2937K, committed 2944K, reserved 1048576K
}
Event: 12.380 GC heap before
{Heap before GC invocations=4 (full 1):
 PSYoungGen      total 34304K, used 2538K [0x00000000ebf00000, 0x00000000ee300000, 0x0000000100000000)
  eden space 31744K, 0% used [0x00000000ebf00000,0x00000000ebf00000,0x00000000ede00000)
  from space 2560K, 99% used [0x00000000ede00000,0x00000000ee07ab40,0x00000000ee080000)
  to   space 2560K, 0% used [0x00000000ee080000,0x00000000ee080000,0x00000000ee300000)
 ParOldGen       total 42496K, used 8484K [0x00000000c3c00000, 0x00000000c6580000, 0x00000000ebf00000)
  object space 42496K, 19% used [0x00000000c3c00000,0x00000000c4449080,0x00000000c6580000)
 Metaspace       used 20386K, capacity 21206K, committed 21296K, reserved 1067008K
  class space    used 2735K, capacity 2937K, committed 2944K, reserved 1048576K
Event: 12.476 GC heap after
Heap after GC invocations=4 (full 1):
 PSYoungGen      total 34304K, used 0K [0x00000000ebf00000, 0x00000000ee300000, 0x0000000100000000)
  eden space 31744K, 0% used [0x00000000ebf00000,0x00000000ebf00000,0x00000000ede00000)
  from space 2560K, 0% used [0x00000000ede00000,0x00000000ede00000,0x00000000ee080000)
  to   space 2560K, 0% used [0x00000000ee080000,0x00000000ee080000,0x00000000ee300000)
 ParOldGen       total 40448K, used 10836K [0x00000000c3c00000, 0x00000000c6380000, 0x00000000ebf00000)
  object space 40448K, 26% used [0x00000000c3c00000,0x00000000c4695000,0x00000000c6380000)
 Metaspace       used 20386K, capacity 21206K, committed 21296K, reserved 1067008K
  class space    used 2735K, capacity 2937K, committed 2944K, reserved 1048576K
}

