# JRE version: Java(TM) SE Runtime Environment (8.0_251-b08) (build 1.8.0_251-b08)
# Java VM: Java HotSpot(TM) 64-Bit Server VM (25.251-b08 mixed mode linux-amd64 compressed oops)
Heap:
 PSYoungGen      total 18432K, used 10479K [0x00000000ebf00000, 0x00000000ee980000, 0x0000000100000000)
  eden space 15872K, 49% used [0x00000000ebf00000,0x00000000ec6bf9f8,0x00000000ece80000)
  from space 2560K, 99% used [0x00000000ece80000,0x00000000ed0fc430,0x00000000ed100000)
  to   space 7168K, 0% used [0x00000000ee280000,0x00000000ee280000,0x00000000ee980000)
 ParOldGen       total 33792K, used 11083K [0x00000000c3c00000, 0x00000000c5d00000, 0x00000000ebf00000)
  object space 33792K, 32% used [0x00000000c3c00000,0x00000000c46d2dc8,0x00000000c5d00000)
 Metaspace       used 24879K, capacity 25834K, committed 26112K, reserved 1071104K
  class space    used 3289K, capacity 3521K, committed 3584K, reserved 1048576K
GC Heap History (10 events):
Event: 1.575 GC heap before
{Heap before GC invocations=2 (full 0):
 PSYoungGen      total 18432K, used 17576K [0x00000000ebf00000, 0x00000000ed380000, 0x0000000100000000)
  eden space 15872K, 100% used [0x00000000ebf00000,0x00000000ece80000,0x00000000ece80000)
  from space 2560K, 66% used [0x00000000ece80000,0x00000000ed02a3a8,0x00000000ed100000)
  to   space 2560K, 0% used [0x00000000ed100000,0x00000000ed100000,0x00000000ed380000)
 ParOldGen       total 42496K, used 8K [0x00000000c3c00000, 0x00000000c6580000, 0x00000000ebf00000)
  object space 42496K, 0% used [0x00000000c3c00000,0x00000000c3c02000,0x00000000c6580000)
 Metaspace       used 13604K, capacity 14084K, committed 14336K, reserved 1060864K
  class space    used 1841K, capacity 2006K, committed 2048K, reserved 1048576K
Event: 1.588 GC heap after
Heap after GC invocations=2 (full 0):
 PSYoungGen      total 18432K, used 2552K [0x00000000ebf00000, 0x00000000ed380000, 0x0000000100000000)
  eden space 15872K, 0% used [0x00000000ebf00000,0x00000000ebf00000,0x00000000ece80000)
  from space 2560K, 99% used [0x00000000ed100000,0x00000000ed37e398,0x00000000ed380000)
  to   space 2560K, 0% used [0x00000000ece80000,0x00000000ece80000,0x00000000ed100000)
 ParOldGen       total 42496K, used 2405K [0x00000000c3c00000, 0x00000000c6580000, 0x00000000ebf00000)
  object space 42496K, 5% used [0x00000000c3c00000,0x00000000c3e594d8,0x00000000c6580000)
 Metaspace       used 13604K, capacity 14084K, committed 14336K, reserved 1060864K
  class space    used 1841K, capacity 2006K, committed 2048K, reserved 1048576K
}
Event: 23.671 GC heap before
{Heap before GC invocations=3 (full 0):
 PSYoungGen      total 18432K, used 18424K [0x00000000ebf00000, 0x00000000ed380000, 0x0000000100000000)
  eden space 15872K, 100% used [0x00000000ebf00000,0x00000000ece80000,0x00000000ece80000)
  from space 2560K, 99% used [0x00000000ed100000,0x00000000ed37e398,0x00000000ed380000)
  to   space 2560K, 0% used [0x00000000ece80000,0x00000000ece80000,0x00000000ed100000)
 ParOldGen       total 42496K, used 2405K [0x00000000c3c00000, 0x00000000c6580000, 0x00000000ebf00000)
  object space 42496K, 5% used [0x00000000c3c00000,0x00000000c3e594d8,0x00000000c6580000)
 Metaspace       used 18447K, capacity 19178K, committed 19456K, reserved 1067008K
  class space    used 2486K, capacity 2697K, committed 2816K, reserved 1048576K
Event: 23.683 GC heap after
Heap after GC invocations=3 (full 0):
 PSYoungGen      total 18432K, used 2560K [0x00000000ebf00000, 0x00000000ed380000, 0x0000000100000000)
  eden space 15872K, 0% used [0x00000000ebf00000,0x00000000ebf00000,0x00000000ece80000)
  from space 2560K, 100% used [0x00000000ece80000,0x00000000ed100000,0x00000000ed100000)
  to   space 2560K, 0% used [0x00000000ed100000,0x00000000ed100000,0x00000000ed380000)
 ParOldGen       total 42496K, used 5742K [0x00000000c3c00000, 0x00000000c6580000, 0x00000000ebf00000)
  object space 42496K, 13% used [0x00000000c3c00000,0x00000000c419b900,0x00000000c6580000)
 Metaspace       used 18447K, capacity 19178K, committed 19456K, reserved 1067008K
  class space    used 2486K, capacity 2697K, committed 2816K, reserved 1048576K
}
Event: 23.894 GC heap before
{Heap before GC invocations=4 (full 0):
 PSYoungGen      total 18432K, used 7798K [0x00000000ebf00000, 0x00000000ed380000, 0x0000000100000000)
  eden space 15872K, 33% used [0x00000000ebf00000,0x00000000ec41d900,0x00000000ece80000)
  from space 2560K, 100% used [0x00000000ece80000,0x00000000ed100000,0x00000000ed100000)
  to   space 2560K, 0% used [0x00000000ed100000,0x00000000ed100000,0x00000000ed380000)
 ParOldGen       total 42496K, used 5742K [0x00000000c3c00000, 0x00000000c6580000, 0x00000000ebf00000)
  object space 42496K, 13% used [0x00000000c3c00000,0x00000000c419b900,0x00000000c6580000)
 Metaspace       used 20477K, capacity 21218K, committed 21296K, reserved 1067008K
  class space    used 2723K, capacity 2931K, committed 2944K, reserved 1048576K
Event: 23.904 GC heap after
Heap after GC invocations=4 (full 0):
 PSYoungGen      total 18432K, used 2560K [0x00000000ebf00000, 0x00000000ee300000, 0x0000000100000000)
  eden space 15872K, 0% used [0x00000000ebf00000,0x00000000ebf00000,0x00000000ece80000)
  from space 2560K, 100% used [0x00000000ed100000,0x00000000ed380000,0x00000000ed380000)
  to   space 2560K, 0% used [0x00000000ece80000,0x00000000ece80000,0x00000000ed100000)
 ParOldGen       total 42496K, used 7893K [0x00000000c3c00000, 0x00000000c6580000, 0x00000000ebf00000)
  object space 42496K, 18% used [0x00000000c3c00000,0x00000000c43b5630,0x00000000c6580000)
 Metaspace       used 20477K, capacity 21218K, committed 21296K, reserved 1067008K
  class space    used 2723K, capacity 2931K, committed 2944K, reserved 1048576K
}
Event: 23.904 GC heap before
{Heap before GC invocations=5 (full 1):
 PSYoungGen      total 18432K, used 2560K [0x00000000ebf00000, 0x00000000ee300000, 0x0000000100000000)
  eden space 15872K, 0% used [0x00000000ebf00000,0x00000000ebf00000,0x00000000ece80000)
  from space 2560K, 100% used [0x00000000ed100000,0x00000000ed380000,0x00000000ed380000)
  to   space 2560K, 0% used [0x00000000ece80000,0x00000000ece80000,0x00000000ed100000)
 ParOldGen       total 42496K, used 7893K [0x00000000c3c00000, 0x00000000c6580000, 0x00000000ebf00000)
  object space 42496K, 18% used [0x00000000c3c00000,0x00000000c43b5630,0x00000000c6580000)
 Metaspace       used 20477K, capacity 21218K, committed 21296K, reserved 1067008K
  class space    used 2723K, capacity 2931K, committed 2944K, reserved 1048576K
Event: 23.985 GC heap after
Heap after GC invocations=5 (full 1):
 PSYoungGen      total 18432K, used 0K [0x00000000ebf00000, 0x00000000ee300000, 0x0000000100000000)
  eden space 15872K, 0% used [0x00000000ebf00000,0x00000000ebf00000,0x00000000ece80000)
  from space 2560K, 0% used [0x00000000ed100000,0x00000000ed100000,0x00000000ed380000)
  to   space 2560K, 0% used [0x00000000ece80000,0x00000000ece80000,0x00000000ed100000)
 ParOldGen       total 33792K, used 10274K [0x00000000c3c00000, 0x00000000c5d00000, 0x00000000ebf00000)
  object space 33792K, 30% used [0x00000000c3c00000,0x00000000c4608a78,0x00000000c5d00000)
 Metaspace       used 20477K, capacity 21218K, committed 21296K, reserved 1067008K
  class space    used 2723K, capacity 2931K, committed 2944K, reserved 1048576K
}
Event: 24.511 GC heap before
{Heap before GC invocations=6 (full 1):
 PSYoungGen      total 18432K, used 15872K [0x00000000ebf00000, 0x00000000ee300000, 0x0000000100000000)
  eden space 15872K, 100% used [0x00000000ebf00000,0x00000000ece80000,0x00000000ece80000)
  from space 2560K, 0% used [0x00000000ed100000,0x00000000ed100000,0x00000000ed380000)
  to   space 2560K, 0% used [0x00000000ece80000,0x00000000ece80000,0x00000000ed100000)
 ParOldGen       total 33792K, used 10274K [0x00000000c3c00000, 0x00000000c5d00000, 0x00000000ebf00000)
  object space 33792K, 30% used [0x00000000c3c00000,0x00000000c4608a78,0x00000000c5d00000)
 Metaspace       used 22727K, capacity 23546K, committed 23808K, reserved 1069056K
  class space    used 2975K, capacity 3205K, committed 3328K, reserved 1048576K
Event: 24.517 GC heap after
Heap after GC invocations=6 (full 1):
 PSYoungGen      total 18432K, used 2545K [0x00000000ebf00000, 0x00000000ee980000, 0x0000000100000000)
  eden space 15872K, 0% used [0x00000000ebf00000,0x00000000ebf00000,0x00000000ece80000)
  from space 2560K, 99% used [0x00000000ece80000,0x00000000ed0fc430,0x00000000ed100000)
  to   space 7168K, 0% used [0x00000000ee280000,0x00000000ee280000,0x00000000ee980000)
 ParOldGen       total 33792K, used 11083K [0x00000000c3c00000, 0x00000000c5d00000, 0x00000000ebf00000)
  object space 33792K, 32% used [0x00000000c3c00000,0x00000000c46d2dc8,0x00000000c5d00000)
 Metaspace       used 22727K, capacity 23546K, committed 23808K, reserved 1069056K
  class space    used 2975K, capacity 3205K, committed 3328K, reserved 1048576K
}

