# JRE version: Java(TM) SE Runtime Environment (8.0_251-b08) (build 1.8.0_251-b08)
# Java VM: Java HotSpot(TM) 64-Bit Server VM (25.251-b08 mixed mode linux-amd64 compressed oops)
Heap:
 PSYoungGen      total 25600K, used 6957K [0x00000000ebf00000, 0x00000000ee100000, 0x0000000100000000)
  eden space 23040K, 19% used [0x00000000ebf00000,0x00000000ec350378,0x00000000ed580000)
  from space 2560K, 99% used [0x00000000ede80000,0x00000000ee0fb200,0x00000000ee100000)
  to   space 2560K, 0% used [0x00000000edc00000,0x00000000edc00000,0x00000000ede80000)
 ParOldGen       total 41472K, used 11259K [0x00000000c3c00000, 0x00000000c6480000, 0x00000000ebf00000)
  object space 41472K, 27% used [0x00000000c3c00000,0x00000000c46fee68,0x00000000c6480000)
 Metaspace       used 24766K, capacity 25740K, committed 25856K, reserved 1071104K
  class space    used 3294K, capacity 3532K, committed 3584K, reserved 1048576K
GC Heap History (10 events):
Event: 1.028 GC heap before
{Heap before GC invocations=1 (full 0):
 PSYoungGen      total 18432K, used 15872K [0x00000000ebf00000, 0x00000000ed380000, 0x0000000100000000)
  eden space 15872K, 100% used [0x00000000ebf00000,0x00000000ece80000,0x00000000ece80000)
  from space 2560K, 0% used [0x00000000ed100000,0x00000000ed100000,0x00000000ed380000)
  to   space 2560K, 0% used [0x00000000ece80000,0x00000000ece80000,0x00000000ed100000)
 ParOldGen       total 42496K, used 0K [0x00000000c3c00000, 0x00000000c6580000, 0x00000000ebf00000)
  object space 42496K, 0% used [0x00000000c3c00000,0x00000000c3c00000,0x00000000c6580000)
 Metaspace       used 9838K, capacity 10286K, committed 10368K, reserved 1058816K
  class space    used 1233K, capacity 1377K, committed 1408K, reserved 1048576K
Event: 1.039 GC heap after
Heap after GC invocations=1 (full 0):
 PSYoungGen      total 18432K, used 2544K [0x00000000ebf00000, 0x00000000ee300000, 0x0000000100000000)
  eden space 15872K, 0% used [0x00000000ebf00000,0x00000000ebf00000,0x00000000ece80000)
  from space 2560K, 99% used [0x00000000ece80000,0x00000000ed0fc060,0x00000000ed100000)
  to   space 2560K, 0% used [0x00000000ee080000,0x00000000ee080000,0x00000000ee300000)
 ParOldGen       total 42496K, used 787K [0x00000000c3c00000, 0x00000000c6580000, 0x00000000ebf00000)
  object space 42496K, 1% used [0x00000000c3c00000,0x00000000c3cc4cc0,0x00000000c6580000)
 Metaspace       used 9838K, capacity 10286K, committed 10368K, reserved 1058816K
  class space    used 1233K, capacity 1377K, committed 1408K, reserved 1048576K
}
Event: 3.122 GC heap before
{Heap before GC invocations=2 (full 0):
 PSYoungGen      total 18432K, used 18416K [0x00000000ebf00000, 0x00000000ee300000, 0x0000000100000000)
  eden space 15872K, 100% used [0x00000000ebf00000,0x00000000ece80000,0x00000000ece80000)
  from space 2560K, 99% used [0x00000000ece80000,0x00000000ed0fc060,0x00000000ed100000)
  to   space 2560K, 0% used [0x00000000ee080000,0x00000000ee080000,0x00000000ee300000)
 ParOldGen       total 42496K, used 787K [0x00000000c3c00000, 0x00000000c6580000, 0x00000000ebf00000)
  object space 42496K, 1% used [0x00000000c3c00000,0x00000000c3cc4cc0,0x00000000c6580000)
 Metaspace       used 15924K, capacity 16598K, committed 16896K, reserved 1062912K
  class space    used 2278K, capacity 2489K, committed 2560K, reserved 1048576K
Event: 3.139 GC heap after
Heap after GC invocations=2 (full 0):
 PSYoungGen      total 18432K, used 2528K [0x00000000ebf00000, 0x00000000ee300000, 0x0000000100000000)
  eden space 15872K, 0% used [0x00000000ebf00000,0x00000000ebf00000,0x00000000ece80000)
  from space 2560K, 98% used [0x00000000ee080000,0x00000000ee2f8030,0x00000000ee300000)
  to   space 2560K, 0% used [0x00000000ece80000,0x00000000ece80000,0x00000000ed100000)
 ParOldGen       total 42496K, used 4230K [0x00000000c3c00000, 0x00000000c6580000, 0x00000000ebf00000)
  object space 42496K, 9% used [0x00000000c3c00000,0x00000000c4021a80,0x00000000c6580000)
 Metaspace       used 15924K, capacity 16598K, committed 16896K, reserved 1062912K
  class space    used 2278K, capacity 2489K, committed 2560K, reserved 1048576K
}
Event: 11.742 GC heap before
{Heap before GC invocations=3 (full 0):
 PSYoungGen      total 18432K, used 17593K [0x00000000ebf00000, 0x00000000ee300000, 0x0000000100000000)
  eden space 15872K, 94% used [0x00000000ebf00000,0x00000000ecdb65c0,0x00000000ece80000)
  from space 2560K, 98% used [0x00000000ee080000,0x00000000ee2f8030,0x00000000ee300000)
  to   space 2560K, 0% used [0x00000000ece80000,0x00000000ece80000,0x00000000ed100000)
 ParOldGen       total 42496K, used 4230K [0x00000000c3c00000, 0x00000000c6580000, 0x00000000ebf00000)
  object space 42496K, 9% used [0x00000000c3c00000,0x00000000c4021a80,0x00000000c6580000)
 Metaspace       used 20387K, capacity 21190K, committed 21296K, reserved 1067008K
  class space    used 2733K, capacity 2937K, committed 2944K, reserved 1048576K
Event: 11.753 GC heap after
Heap after GC invocations=3 (full 0):
 PSYoungGen      total 18432K, used 2528K [0x00000000ebf00000, 0x00000000ee100000, 0x0000000100000000)
  eden space 15872K, 0% used [0x00000000ebf00000,0x00000000ebf00000,0x00000000ece80000)
  from space 2560K, 98% used [0x00000000ece80000,0x00000000ed0f8030,0x00000000ed100000)
  to   space 2560K, 0% used [0x00000000ede80000,0x00000000ede80000,0x00000000ee100000)
 ParOldGen       total 42496K, used 8528K [0x00000000c3c00000, 0x00000000c6580000, 0x00000000ebf00000)
  object space 42496K, 20% used [0x00000000c3c00000,0x00000000c4454368,0x00000000c6580000)
 Metaspace       used 20387K, capacity 21190K, committed 21296K, reserved 1067008K
  class space    used 2733K, capacity 2937K, committed 2944K, reserved 1048576K
}
Event: 11.753 GC heap before
{Heap before GC invocations=4 (full 1):
 PSYoungGen      total 18432K, used 2528K [0x00000000ebf00000, 0x00000000ee100000, 0x0000000100000000)
  eden space 15872K, 0% used [0x00000000ebf00000,0x00000000ebf00000,0x00000000ece80000)
  from space 2560K, 98% used [0x00000000ece80000,0x00000000ed0f8030,0x00000000ed100000)
  to   space 2560K, 0% used [0x00000000ede80000,0x00000000ede80000,0x00000000ee100000)
 ParOldGen       total 42496K, used 8528K [0x00000000c3c00000, 0x00000000c6580000, 0x00000000ebf00000)
  object space 42496K, 20% used [0x00000000c3c00000,0x00000000c4454368,0x00000000c6580000)
 Metaspace       used 20387K, capacity 21190K, committed 21296K, reserved 1067008K
  class space    used 2733K, capacity 2937K, committed 2944K, reserved 1048576K
Event: 11.852 GC heap after
Heap after GC invocations=4 (full 1):
 PSYoungGen      total 18432K, used 0K [0x00000000ebf00000, 0x00000000ee100000, 0x0000000100000000)
  eden space 15872K, 0% used [0x00000000ebf00000,0x00000000ebf00000,0x00000000ece80000)
  from space 2560K, 0% used [0x00000000ece80000,0x00000000ece80000,0x00000000ed100000)
  to   space 2560K, 0% used [0x00000000ede80000,0x00000000ede80000,0x00000000ee100000)
 ParOldGen       total 41472K, used 10706K [0x00000000c3c00000, 0x00000000c6480000, 0x00000000ebf00000)
  object space 41472K, 25% used [0x00000000c3c00000,0x00000000c4674928,0x00000000c6480000)
 Metaspace       used 20387K, capacity 21190K, committed 21296K, reserved 1067008K
  class space    used 2733K, capacity 2937K, committed 2944K, reserved 1048576K
}
Event: 12.556 GC heap before
{Heap before GC invocations=5 (full 1):
 PSYoungGen      total 18432K, used 15872K [0x00000000ebf00000, 0x00000000ee100000, 0x0000000100000000)
  eden space 15872K, 100% used [0x00000000ebf00000,0x00000000ece80000,0x00000000ece80000)
  from space 2560K, 0% used [0x00000000ece80000,0x00000000ece80000,0x00000000ed100000)
  to   space 2560K, 0% used [0x00000000ede80000,0x00000000ede80000,0x00000000ee100000)
 ParOldGen       total 41472K, used 10706K [0x00000000c3c00000, 0x00000000c6480000, 0x00000000ebf00000)
  object space 41472K, 25% used [0x00000000c3c00000,0x00000000c4674928,0x00000000c6480000)
 Metaspace       used 23133K, capacity 23942K, committed 24064K, reserved 1071104K
  class space    used 3041K, capacity 3227K, committed 3328K, reserved 1048576K
Event: 12.562 GC heap after
Heap after GC invocations=5 (full 1):
 PSYoungGen      total 25600K, used 2540K [0x00000000ebf00000, 0x00000000ee100000, 0x0000000100000000)
  eden space 23040K, 0% used [0x00000000ebf00000,0x00000000ebf00000,0x00000000ed580000)
  from space 2560K, 99% used [0x00000000ede80000,0x00000000ee0fb200,0x00000000ee100000)
  to   space 2560K, 0% used [0x00000000edc00000,0x00000000edc00000,0x00000000ede80000)
 ParOldGen       total 41472K, used 11259K [0x00000000c3c00000, 0x00000000c6480000, 0x00000000ebf00000)
  object space 41472K, 27% used [0x00000000c3c00000,0x00000000c46fee68,0x00000000c6480000)
 Metaspace       used 23133K, capacity 23942K, committed 24064K, reserved 1071104K
  class space    used 3041K, capacity 3227K, committed 3328K, reserved 1048576K
}

