# JRE version: Java(TM) SE Runtime Environment (8.0_251-b08) (build 1.8.0_251-b08)
# Java VM: Java HotSpot(TM) 64-Bit Server VM (25.251-b08 mixed mode linux-amd64 compressed oops)
Heap:
 PSYoungGen      total 18432K, used 6887K [0x00000000ebf00000, 0x00000000ede00000, 0x0000000100000000)
  eden space 15872K, 27% used [0x00000000ebf00000,0x00000000ec33ed98,0x00000000ece80000)
  from space 2560K, 99% used [0x00000000ed100000,0x00000000ed37b198,0x00000000ed380000)
  to   space 2560K, 0% used [0x00000000ece80000,0x00000000ece80000,0x00000000ed100000)
 ParOldGen       total 37376K, used 11253K [0x00000000c3c00000, 0x00000000c6080000, 0x00000000ebf00000)
  object space 37376K, 30% used [0x00000000c3c00000,0x00000000c46fd578,0x00000000c6080000)
 Metaspace       used 24798K, capacity 25712K, committed 25856K, reserved 1071104K
  class space    used 3291K, capacity 3522K, committed 3584K, reserved 1048576K
GC Heap History (10 events):
Event: 1.134 GC heap before
{Heap before GC invocations=1 (full 0):
 PSYoungGen      total 18432K, used 15872K [0x00000000ebf00000, 0x00000000ed380000, 0x0000000100000000)
  eden space 15872K, 100% used [0x00000000ebf00000,0x00000000ece80000,0x00000000ece80000)
  from space 2560K, 0% used [0x00000000ed100000,0x00000000ed100000,0x00000000ed380000)
  to   space 2560K, 0% used [0x00000000ece80000,0x00000000ece80000,0x00000000ed100000)
 ParOldGen       total 42496K, used 0K [0x00000000c3c00000, 0x00000000c6580000, 0x00000000ebf00000)
  object space 42496K, 0% used [0x00000000c3c00000,0x00000000c3c00000,0x00000000c6580000)
 Metaspace       used 9756K, capacity 10190K, committed 10368K, reserved 1058816K
  class space    used 1215K, capacity 1345K, committed 1408K, reserved 1048576K
Event: 1.141 GC heap after
Heap after GC invocations=1 (full 0):
 PSYoungGen      total 18432K, used 2544K [0x00000000ebf00000, 0x00000000ed380000, 0x0000000100000000)
  eden space 15872K, 0% used [0x00000000ebf00000,0x00000000ebf00000,0x00000000ece80000)
  from space 2560K, 99% used [0x00000000ece80000,0x00000000ed0fc060,0x00000000ed100000)
  to   space 2560K, 0% used [0x00000000ed100000,0x00000000ed100000,0x00000000ed380000)
 ParOldGen       total 42496K, used 710K [0x00000000c3c00000, 0x00000000c6580000, 0x00000000ebf00000)
  object space 42496K, 1% used [0x00000000c3c00000,0x00000000c3cb18a0,0x00000000c6580000)
 Metaspace       used 9756K, capacity 10190K, committed 10368K, reserved 1058816K
  class space    used 1215K, capacity 1345K, committed 1408K, reserved 1048576K
}
Event: 2.149 GC heap before
{Heap before GC invocations=2 (full 0):
 PSYoungGen      total 18432K, used 18416K [0x00000000ebf00000, 0x00000000ed380000, 0x0000000100000000)
  eden space 15872K, 100% used [0x00000000ebf00000,0x00000000ece80000,0x00000000ece80000)
  from space 2560K, 99% used [0x00000000ece80000,0x00000000ed0fc060,0x00000000ed100000)
  to   space 2560K, 0% used [0x00000000ed100000,0x00000000ed100000,0x00000000ed380000)
 ParOldGen       total 42496K, used 710K [0x00000000c3c00000, 0x00000000c6580000, 0x00000000ebf00000)
  object space 42496K, 1% used [0x00000000c3c00000,0x00000000c3cb18a0,0x00000000c6580000)
 Metaspace       used 15754K, capacity 16444K, committed 16640K, reserved 1062912K
  class space    used 2269K, capacity 2486K, committed 2560K, reserved 1048576K
Event: 2.167 GC heap after
Heap after GC invocations=2 (full 0):
 PSYoungGen      total 18432K, used 2528K [0x00000000ebf00000, 0x00000000ee300000, 0x0000000100000000)
  eden space 15872K, 0% used [0x00000000ebf00000,0x00000000ebf00000,0x00000000ece80000)
  from space 2560K, 98% used [0x00000000ed100000,0x00000000ed378030,0x00000000ed380000)
  to   space 2560K, 0% used [0x00000000ece80000,0x00000000ece80000,0x00000000ed100000)
 ParOldGen       total 42496K, used 4139K [0x00000000c3c00000, 0x00000000c6580000, 0x00000000ebf00000)
  object space 42496K, 9% used [0x00000000c3c00000,0x00000000c400ae90,0x00000000c6580000)
 Metaspace       used 15754K, capacity 16444K, committed 16640K, reserved 1062912K
  class space    used 2269K, capacity 2486K, committed 2560K, reserved 1048576K
}
Event: 23.684 GC heap before
{Heap before GC invocations=3 (full 0):
 PSYoungGen      total 18432K, used 18163K [0x00000000ebf00000, 0x00000000ee300000, 0x0000000100000000)
  eden space 15872K, 98% used [0x00000000ebf00000,0x00000000ece44fb0,0x00000000ece80000)
  from space 2560K, 98% used [0x00000000ed100000,0x00000000ed378030,0x00000000ed380000)
  to   space 2560K, 0% used [0x00000000ece80000,0x00000000ece80000,0x00000000ed100000)
 ParOldGen       total 42496K, used 4139K [0x00000000c3c00000, 0x00000000c6580000, 0x00000000ebf00000)
  object space 42496K, 9% used [0x00000000c3c00000,0x00000000c400ae90,0x00000000c6580000)
 Metaspace       used 20433K, capacity 21190K, committed 21296K, reserved 1067008K
  class space    used 2736K, capacity 2937K, committed 2944K, reserved 1048576K
Event: 23.696 GC heap after
Heap after GC invocations=3 (full 0):
 PSYoungGen      total 18432K, used 2544K [0x00000000ebf00000, 0x00000000ed380000, 0x0000000100000000)
  eden space 15872K, 0% used [0x00000000ebf00000,0x00000000ebf00000,0x00000000ece80000)
  from space 2560K, 99% used [0x00000000ece80000,0x00000000ed0fc030,0x00000000ed100000)
  to   space 2560K, 0% used [0x00000000ed100000,0x00000000ed100000,0x00000000ed380000)
 ParOldGen       total 42496K, used 8419K [0x00000000c3c00000, 0x00000000c6580000, 0x00000000ebf00000)
  object space 42496K, 19% used [0x00000000c3c00000,0x00000000c4438e30,0x00000000c6580000)
 Metaspace       used 20433K, capacity 21190K, committed 21296K, reserved 1067008K
  class space    used 2736K, capacity 2937K, committed 2944K, reserved 1048576K
}
Event: 23.696 GC heap before
{Heap before GC invocations=4 (full 1):
 PSYoungGen      total 18432K, used 2544K [0x00000000ebf00000, 0x00000000ed380000, 0x0000000100000000)
  eden space 15872K, 0% used [0x00000000ebf00000,0x00000000ebf00000,0x00000000ece80000)
  from space 2560K, 99% used [0x00000000ece80000,0x00000000ed0fc030,0x00000000ed100000)
  to   space 2560K, 0% used [0x00000000ed100000,0x00000000ed100000,0x00000000ed380000)
 ParOldGen       total 42496K, used 8419K [0x00000000c3c00000, 0x00000000c6580000, 0x00000000ebf00000)
  object space 42496K, 19% used [0x00000000c3c00000,0x00000000c4438e30,0x00000000c6580000)
 Metaspace       used 20433K, capacity 21190K, committed 21296K, reserved 1067008K
  class space    used 2736K, capacity 2937K, committed 2944K, reserved 1048576K
Event: 23.784 GC heap after
Heap after GC invocations=4 (full 1):
 PSYoungGen      total 18432K, used 0K [0x00000000ebf00000, 0x00000000ed380000, 0x0000000100000000)
  eden space 15872K, 0% used [0x00000000ebf00000,0x00000000ebf00000,0x00000000ece80000)
  from space 2560K, 0% used [0x00000000ece80000,0x00000000ece80000,0x00000000ed100000)
  to   space 2560K, 0% used [0x00000000ed100000,0x00000000ed100000,0x00000000ed380000)
 ParOldGen       total 37376K, used 10700K [0x00000000c3c00000, 0x00000000c6080000, 0x00000000ebf00000)
  object space 37376K, 28% used [0x00000000c3c00000,0x00000000c4673038,0x00000000c6080000)
 Metaspace       used 20433K, capacity 21190K, committed 21296K, reserved 1067008K
  class space    used 2736K, capacity 2937K, committed 2944K, reserved 1048576K
}
Event: 24.528 GC heap before
{Heap before GC invocations=5 (full 1):
 PSYoungGen      total 18432K, used 15872K [0x00000000ebf00000, 0x00000000ed380000, 0x0000000100000000)
  eden space 15872K, 100% used [0x00000000ebf00000,0x00000000ece80000,0x00000000ece80000)
  from space 2560K, 0% used [0x00000000ece80000,0x00000000ece80000,0x00000000ed100000)
  to   space 2560K, 0% used [0x00000000ed100000,0x00000000ed100000,0x00000000ed380000)
 ParOldGen       total 37376K, used 10700K [0x00000000c3c00000, 0x00000000c6080000, 0x00000000ebf00000)
  object space 37376K, 28% used [0x00000000c3c00000,0x00000000c4673038,0x00000000c6080000)
 Metaspace       used 23202K, capacity 24006K, committed 24320K, reserved 1071104K
  class space    used 3042K, capacity 3227K, committed 3328K, reserved 1048576K
Event: 24.534 GC heap after
Heap after GC invocations=5 (full 1):
 PSYoungGen      total 18432K, used 2540K [0x00000000ebf00000, 0x00000000ede00000, 0x0000000100000000)
  eden space 15872K, 0% used [0x00000000ebf00000,0x00000000ebf00000,0x00000000ece80000)
  from space 2560K, 99% used [0x00000000ed100000,0x00000000ed37b198,0x00000000ed380000)
  to   space 2560K, 0% used [0x00000000ece80000,0x00000000ece80000,0x00000000ed100000)
 ParOldGen       total 37376K, used 11253K [0x00000000c3c00000, 0x00000000c6080000, 0x00000000ebf00000)
  object space 37376K, 30% used [0x00000000c3c00000,0x00000000c46fd578,0x00000000c6080000)
 Metaspace       used 23202K, capacity 24006K, committed 24320K, reserved 1071104K
  class space    used 3042K, capacity 3227K, committed 3328K, reserved 1048576K
}

