# JRE version: Java(TM) SE Runtime Environment (8.0_251-b08) (build 1.8.0_251-b08)
# Java VM: Java HotSpot(TM) 64-Bit Server VM (25.251-b08 mixed mode linux-amd64 compressed oops)
Heap:
 PSYoungGen      total 18432K, used 6957K [0x00000000ebf00000, 0x00000000ee680000, 0x0000000100000000)
  eden space 15872K, 27% used [0x00000000ebf00000,0x00000000ec34c530,0x00000000ece80000)
  from space 2560K, 99% used [0x00000000ece80000,0x00000000ed0fef68,0x00000000ed100000)
  to   space 7680K, 0% used [0x00000000edf00000,0x00000000edf00000,0x00000000ee680000)
 ParOldGen       total 39936K, used 11360K [0x00000000c3c00000, 0x00000000c6300000, 0x00000000ebf00000)
  object space 39936K, 28% used [0x00000000c3c00000,0x00000000c4718290,0x00000000c6300000)
 Metaspace       used 24827K, capacity 25788K, committed 25856K, reserved 1071104K
  class space    used 3289K, capacity 3522K, committed 3584K, reserved 1048576K
GC Heap History (10 events):
Event: 2.532 GC heap before
{Heap before GC invocations=2 (full 0):
 PSYoungGen      total 18432K, used 17544K [0x00000000ebf00000, 0x00000000ed380000, 0x0000000100000000)
  eden space 15872K, 100% used [0x00000000ebf00000,0x00000000ece80000,0x00000000ece80000)
  from space 2560K, 65% used [0x00000000ece80000,0x00000000ed0223a8,0x00000000ed100000)
  to   space 2560K, 0% used [0x00000000ed100000,0x00000000ed100000,0x00000000ed380000)
 ParOldGen       total 42496K, used 8K [0x00000000c3c00000, 0x00000000c6580000, 0x00000000ebf00000)
  object space 42496K, 0% used [0x00000000c3c00000,0x00000000c3c02000,0x00000000c6580000)
 Metaspace       used 13603K, capacity 14106K, committed 14336K, reserved 1060864K
  class space    used 1842K, capacity 2007K, committed 2048K, reserved 1048576K
Event: 2.546 GC heap after
Heap after GC invocations=2 (full 0):
 PSYoungGen      total 18432K, used 2544K [0x00000000ebf00000, 0x00000000ed380000, 0x0000000100000000)
  eden space 15872K, 0% used [0x00000000ebf00000,0x00000000ebf00000,0x00000000ece80000)
  from space 2560K, 99% used [0x00000000ed100000,0x00000000ed37c030,0x00000000ed380000)
  to   space 2560K, 0% used [0x00000000ece80000,0x00000000ece80000,0x00000000ed100000)
 ParOldGen       total 42496K, used 2411K [0x00000000c3c00000, 0x00000000c6580000, 0x00000000ebf00000)
  object space 42496K, 5% used [0x00000000c3c00000,0x00000000c3e5aef8,0x00000000c6580000)
 Metaspace       used 13603K, capacity 14106K, committed 14336K, reserved 1060864K
  class space    used 1842K, capacity 2007K, committed 2048K, reserved 1048576K
}
Event: 11.812 GC heap before
{Heap before GC invocations=3 (full 0):
 PSYoungGen      total 18432K, used 18413K [0x00000000ebf00000, 0x00000000ed380000, 0x0000000100000000)
  eden space 15872K, 99% used [0x00000000ebf00000,0x00000000ece7f580,0x00000000ece80000)
  from space 2560K, 99% used [0x00000000ed100000,0x00000000ed37c030,0x00000000ed380000)
  to   space 2560K, 0% used [0x00000000ece80000,0x00000000ece80000,0x00000000ed100000)
 ParOldGen       total 42496K, used 2411K [0x00000000c3c00000, 0x00000000c6580000, 0x00000000ebf00000)
  object space 42496K, 5% used [0x00000000c3c00000,0x00000000c3e5aef8,0x00000000c6580000)
 Metaspace       used 18669K, capacity 19370K, committed 19456K, reserved 1067008K
  class space    used 2536K, capacity 2735K, committed 2816K, reserved 1048576K
Event: 11.829 GC heap after
Heap after GC invocations=3 (full 0):
 PSYoungGen      total 18432K, used 2538K [0x00000000ebf00000, 0x00000000ed380000, 0x0000000100000000)
  eden space 15872K, 0% used [0x00000000ebf00000,0x00000000ebf00000,0x00000000ece80000)
  from space 2560K, 99% used [0x00000000ece80000,0x00000000ed0fab40,0x00000000ed100000)
  to   space 2560K, 0% used [0x00000000ed100000,0x00000000ed100000,0x00000000ed380000)
 ParOldGen       total 42496K, used 6046K [0x00000000c3c00000, 0x00000000c6580000, 0x00000000ebf00000)
  object space 42496K, 14% used [0x00000000c3c00000,0x00000000c41e7a48,0x00000000c6580000)
 Metaspace       used 18669K, capacity 19370K, committed 19456K, reserved 1067008K
  class space    used 2536K, capacity 2735K, committed 2816K, reserved 1048576K
}
Event: 12.211 GC heap before
{Heap before GC invocations=4 (full 0):
 PSYoungGen      total 18432K, used 9941K [0x00000000ebf00000, 0x00000000ed380000, 0x0000000100000000)
  eden space 15872K, 46% used [0x00000000ebf00000,0x00000000ec63ac60,0x00000000ece80000)
  from space 2560K, 99% used [0x00000000ece80000,0x00000000ed0fab40,0x00000000ed100000)
  to   space 2560K, 0% used [0x00000000ed100000,0x00000000ed100000,0x00000000ed380000)
 ParOldGen       total 42496K, used 6046K [0x00000000c3c00000, 0x00000000c6580000, 0x00000000ebf00000)
  object space 42496K, 14% used [0x00000000c3c00000,0x00000000c41e7a48,0x00000000c6580000)
 Metaspace       used 20434K, capacity 21206K, committed 21296K, reserved 1067008K
  class space    used 2733K, capacity 2937K, committed 2944K, reserved 1048576K
Event: 12.220 GC heap after
Heap after GC invocations=4 (full 0):
 PSYoungGen      total 18432K, used 2538K [0x00000000ebf00000, 0x00000000ed380000, 0x0000000100000000)
  eden space 15872K, 0% used [0x00000000ebf00000,0x00000000ebf00000,0x00000000ece80000)
  from space 2560K, 99% used [0x00000000ed100000,0x00000000ed37ab40,0x00000000ed380000)
  to   space 2560K, 0% used [0x00000000ece80000,0x00000000ece80000,0x00000000ed100000)
 ParOldGen       total 42496K, used 8587K [0x00000000c3c00000, 0x00000000c6580000, 0x00000000ebf00000)
  object space 42496K, 20% used [0x00000000c3c00000,0x00000000c4462e00,0x00000000c6580000)
 Metaspace       used 20434K, capacity 21206K, committed 21296K, reserved 1067008K
  class space    used 2733K, capacity 2937K, committed 2944K, reserved 1048576K
}
Event: 12.220 GC heap before
{Heap before GC invocations=5 (full 1):
 PSYoungGen      total 18432K, used 2538K [0x00000000ebf00000, 0x00000000ed380000, 0x0000000100000000)
  eden space 15872K, 0% used [0x00000000ebf00000,0x00000000ebf00000,0x00000000ece80000)
  from space 2560K, 99% used [0x00000000ed100000,0x00000000ed37ab40,0x00000000ed380000)
  to   space 2560K, 0% used [0x00000000ece80000,0x00000000ece80000,0x00000000ed100000)
 ParOldGen       total 42496K, used 8587K [0x00000000c3c00000, 0x00000000c6580000, 0x00000000ebf00000)
  object space 42496K, 20% used [0x00000000c3c00000,0x00000000c4462e00,0x00000000c6580000)
 Metaspace       used 20434K, capacity 21206K, committed 21296K, reserved 1067008K
  class space    used 2733K, capacity 2937K, committed 2944K, reserved 1048576K
Event: 12.345 GC heap after
Heap after GC invocations=5 (full 1):
 PSYoungGen      total 18432K, used 0K [0x00000000ebf00000, 0x00000000ed380000, 0x0000000100000000)
  eden space 15872K, 0% used [0x00000000ebf00000,0x00000000ebf00000,0x00000000ece80000)
  from space 2560K, 0% used [0x00000000ed100000,0x00000000ed100000,0x00000000ed380000)
  to   space 2560K, 0% used [0x00000000ece80000,0x00000000ece80000,0x00000000ed100000)
 ParOldGen       total 39936K, used 10925K [0x00000000c3c00000, 0x00000000c6300000, 0x00000000ebf00000)
  object space 39936K, 27% used [0x00000000c3c00000,0x00000000c46ab538,0x00000000c6300000)
 Metaspace       used 20434K, capacity 21206K, committed 21296K, reserved 1067008K
  class space    used 2733K, capacity 2937K, committed 2944K, reserved 1048576K
}
Event: 13.099 GC heap before
{Heap before GC invocations=6 (full 1):
 PSYoungGen      total 18432K, used 15872K [0x00000000ebf00000, 0x00000000ed380000, 0x0000000100000000)
  eden space 15872K, 100% used [0x00000000ebf00000,0x00000000ece80000,0x00000000ece80000)
  from space 2560K, 0% used [0x00000000ed100000,0x00000000ed100000,0x00000000ed380000)
  to   space 2560K, 0% used [0x00000000ece80000,0x00000000ece80000,0x00000000ed100000)
 ParOldGen       total 39936K, used 10925K [0x00000000c3c00000, 0x00000000c6300000, 0x00000000ebf00000)
  object space 39936K, 27% used [0x00000000c3c00000,0x00000000c46ab538,0x00000000c6300000)
 Metaspace       used 23167K, capacity 23954K, committed 24064K, reserved 1071104K
  class space    used 3041K, capacity 3227K, committed 3328K, reserved 1048576K
Event: 13.119 GC heap after
Heap after GC invocations=6 (full 1):
 PSYoungGen      total 18432K, used 2555K [0x00000000ebf00000, 0x00000000ee680000, 0x0000000100000000)
  eden space 15872K, 0% used [0x00000000ebf00000,0x00000000ebf00000,0x00000000ece80000)
  from space 2560K, 99% used [0x00000000ece80000,0x00000000ed0fef68,0x00000000ed100000)
  to   space 7680K, 0% used [0x00000000edf00000,0x00000000edf00000,0x00000000ee680000)
 ParOldGen       total 39936K, used 11360K [0x00000000c3c00000, 0x00000000c6300000, 0x00000000ebf00000)
  object space 39936K, 28% used [0x00000000c3c00000,0x00000000c4718290,0x00000000c6300000)
 Metaspace       used 23167K, capacity 23954K, committed 24064K, reserved 1071104K
  class space    used 3041K, capacity 3227K, committed 3328K, reserved 1048576K
}

