# JRE version: Java(TM) SE Runtime Environment (8.0_251-b08) (build 1.8.0_251-b08)
# Java VM: Java HotSpot(TM) 64-Bit Server VM (25.251-b08 mixed mode linux-amd64 compressed oops)
Heap:
 PSYoungGen      total 18432K, used 15795K [0x00000000ebf00000, 0x00000000ee780000, 0x0000000100000000)
  eden space 15872K, 83% used [0x00000000ebf00000,0x00000000ecbf3be8,0x00000000ece80000)
  from space 2560K, 98% used [0x00000000ece80000,0x00000000ed0f93e8,0x00000000ed100000)
  to   space 7168K, 0% used [0x00000000ee080000,0x00000000ee080000,0x00000000ee780000)
 ParOldGen       total 35840K, used 11490K [0x00000000c3c00000, 0x00000000c5f00000, 0x00000000ebf00000)
  object space 35840K, 32% used [0x00000000c3c00000,0x00000000c4738b88,0x00000000c5f00000)
 Metaspace       used 26580K, capacity 27650K, committed 27904K, reserved 1073152K
  class space    used 3541K, capacity 3803K, committed 3840K, reserved 1048576K
GC Heap History (10 events):
Event: 1.823 GC heap before
{Heap before GC invocations=2 (full 0):
 PSYoungGen      total 18432K, used 17544K [0x00000000ebf00000, 0x00000000ed380000, 0x0000000100000000)
  eden space 15872K, 100% used [0x00000000ebf00000,0x00000000ece80000,0x00000000ece80000)
  from space 2560K, 65% used [0x00000000ece80000,0x00000000ed0223a8,0x00000000ed100000)
  to   space 2560K, 0% used [0x00000000ed100000,0x00000000ed100000,0x00000000ed380000)
 ParOldGen       total 42496K, used 8K [0x00000000c3c00000, 0x00000000c6580000, 0x00000000ebf00000)
  object space 42496K, 0% used [0x00000000c3c00000,0x00000000c3c02000,0x00000000c6580000)
 Metaspace       used 13602K, capacity 14038K, committed 14336K, reserved 1060864K
  class space    used 1842K, capacity 2007K, committed 2048K, reserved 1048576K
Event: 1.834 GC heap after
Heap after GC invocations=2 (full 0):
 PSYoungGen      total 18432K, used 2528K [0x00000000ebf00000, 0x00000000ed380000, 0x0000000100000000)
  eden space 15872K, 0% used [0x00000000ebf00000,0x00000000ebf00000,0x00000000ece80000)
  from space 2560K, 98% used [0x00000000ed100000,0x00000000ed378020,0x00000000ed380000)
  to   space 2560K, 0% used [0x00000000ece80000,0x00000000ece80000,0x00000000ed100000)
 ParOldGen       total 42496K, used 2427K [0x00000000c3c00000, 0x00000000c6580000, 0x00000000ebf00000)
  object space 42496K, 5% used [0x00000000c3c00000,0x00000000c3e5ef28,0x00000000c6580000)
 Metaspace       used 13602K, capacity 14038K, committed 14336K, reserved 1060864K
  class space    used 1842K, capacity 2007K, committed 2048K, reserved 1048576K
}
Event: 15.785 GC heap before
{Heap before GC invocations=3 (full 0):
 PSYoungGen      total 18432K, used 18400K [0x00000000ebf00000, 0x00000000ed380000, 0x0000000100000000)
  eden space 15872K, 100% used [0x00000000ebf00000,0x00000000ece80000,0x00000000ece80000)
  from space 2560K, 98% used [0x00000000ed100000,0x00000000ed378020,0x00000000ed380000)
  to   space 2560K, 0% used [0x00000000ece80000,0x00000000ece80000,0x00000000ed100000)
 ParOldGen       total 42496K, used 2427K [0x00000000c3c00000, 0x00000000c6580000, 0x00000000ebf00000)
  object space 42496K, 5% used [0x00000000c3c00000,0x00000000c3e5ef28,0x00000000c6580000)
 Metaspace       used 18696K, capacity 19434K, committed 19712K, reserved 1067008K
  class space    used 2525K, capacity 2735K, committed 2816K, reserved 1048576K
Event: 15.801 GC heap after
Heap after GC invocations=3 (full 0):
 PSYoungGen      total 18432K, used 2533K [0x00000000ebf00000, 0x00000000ed380000, 0x0000000100000000)
  eden space 15872K, 0% used [0x00000000ebf00000,0x00000000ebf00000,0x00000000ece80000)
  from space 2560K, 98% used [0x00000000ece80000,0x00000000ed0f9648,0x00000000ed100000)
  to   space 2560K, 0% used [0x00000000ed100000,0x00000000ed100000,0x00000000ed380000)
 ParOldGen       total 42496K, used 5937K [0x00000000c3c00000, 0x00000000c6580000, 0x00000000ebf00000)
  object space 42496K, 13% used [0x00000000c3c00000,0x00000000c41cc4c0,0x00000000c6580000)
 Metaspace       used 18696K, capacity 19434K, committed 19712K, reserved 1067008K
  class space    used 2525K, capacity 2735K, committed 2816K, reserved 1048576K
}
Event: 16.022 GC heap before
{Heap before GC invocations=4 (full 0):
 PSYoungGen      total 18432K, used 9076K [0x00000000ebf00000, 0x00000000ed380000, 0x0000000100000000)
  eden space 15872K, 41% used [0x00000000ebf00000,0x00000000ec563da0,0x00000000ece80000)
  from space 2560K, 98% used [0x00000000ece80000,0x00000000ed0f9648,0x00000000ed100000)
  to   space 2560K, 0% used [0x00000000ed100000,0x00000000ed100000,0x00000000ed380000)
 ParOldGen       total 42496K, used 5937K [0x00000000c3c00000, 0x00000000c6580000, 0x00000000ebf00000)
  object space 42496K, 13% used [0x00000000c3c00000,0x00000000c41cc4c0,0x00000000c6580000)
 Metaspace       used 20515K, capacity 21264K, committed 21296K, reserved 1067008K
  class space    used 2731K, capacity 2936K, committed 2944K, reserved 1048576K
Event: 16.034 GC heap after
Heap after GC invocations=4 (full 0):
 PSYoungGen      total 18432K, used 2538K [0x00000000ebf00000, 0x00000000ee300000, 0x0000000100000000)
  eden space 15872K, 0% used [0x00000000ebf00000,0x00000000ebf00000,0x00000000ece80000)
  from space 2560K, 99% used [0x00000000ed100000,0x00000000ed37ab40,0x00000000ed380000)
  to   space 2560K, 0% used [0x00000000ece80000,0x00000000ece80000,0x00000000ed100000)
 ParOldGen       total 42496K, used 8360K [0x00000000c3c00000, 0x00000000c6580000, 0x00000000ebf00000)
  object space 42496K, 19% used [0x00000000c3c00000,0x00000000c442a340,0x00000000c6580000)
 Metaspace       used 20515K, capacity 21264K, committed 21296K, reserved 1067008K
  class space    used 2731K, capacity 2936K, committed 2944K, reserved 1048576K
}
Event: 16.034 GC heap before
{Heap before GC invocations=5 (full 1):
 PSYoungGen      total 18432K, used 2538K [0x00000000ebf00000, 0x00000000ee300000, 0x0000000100000000)
  eden space 15872K, 0% used [0x00000000ebf00000,0x00000000ebf00000,0x00000000ece80000)
  from space 2560K, 99% used [0x00000000ed100000,0x00000000ed37ab40,0x00000000ed380000)
  to   space 2560K, 0% used [0x00000000ece80000,0x00000000ece80000,0x00000000ed100000)
 ParOldGen       total 42496K, used 8360K [0x00000000c3c00000, 0x00000000c6580000, 0x00000000ebf00000)
  object space 42496K, 19% used [0x00000000c3c00000,0x00000000c442a340,0x00000000c6580000)
 Metaspace       used 20515K, capacity 21264K, committed 21296K, reserved 1067008K
  class space    used 2731K, capacity 2936K, committed 2944K, reserved 1048576K
Event: 16.139 GC heap after
Heap after GC invocations=5 (full 1):
 PSYoungGen      total 18432K, used 0K [0x00000000ebf00000, 0x00000000ee300000, 0x0000000100000000)
  eden space 15872K, 0% used [0x00000000ebf00000,0x00000000ebf00000,0x00000000ece80000)
  from space 2560K, 0% used [0x00000000ed100000,0x00000000ed100000,0x00000000ed380000)
  to   space 2560K, 0% used [0x00000000ece80000,0x00000000ece80000,0x00000000ed100000)
 ParOldGen       total 35840K, used 10707K [0x00000000c3c00000, 0x00000000c5f00000, 0x00000000ebf00000)
  object space 35840K, 29% used [0x00000000c3c00000,0x00000000c4674c40,0x00000000c5f00000)
 Metaspace       used 20515K, capacity 21264K, committed 21296K, reserved 1067008K
  class space    used 2731K, capacity 2936K, committed 2944K, reserved 1048576K
}
Event: 16.746 GC heap before
{Heap before GC invocations=6 (full 1):
 PSYoungGen      total 18432K, used 15872K [0x00000000ebf00000, 0x00000000ee300000, 0x0000000100000000)
  eden space 15872K, 100% used [0x00000000ebf00000,0x00000000ece80000,0x00000000ece80000)
  from space 2560K, 0% used [0x00000000ed100000,0x00000000ed100000,0x00000000ed380000)
  to   space 2560K, 0% used [0x00000000ece80000,0x00000000ece80000,0x00000000ed100000)
 ParOldGen       total 35840K, used 10707K [0x00000000c3c00000, 0x00000000c5f00000, 0x00000000ebf00000)
  object space 35840K, 29% used [0x00000000c3c00000,0x00000000c4674c40,0x00000000c5f00000)
 Metaspace       used 23140K, capacity 23936K, committed 24320K, reserved 1071104K
  class space    used 3032K, capacity 3216K, committed 3328K, reserved 1048576K
Event: 16.752 GC heap after
Heap after GC invocations=6 (full 1):
 PSYoungGen      total 18432K, used 2532K [0x00000000ebf00000, 0x00000000ee780000, 0x0000000100000000)
  eden space 15872K, 0% used [0x00000000ebf00000,0x00000000ebf00000,0x00000000ece80000)
  from space 2560K, 98% used [0x00000000ece80000,0x00000000ed0f93e8,0x00000000ed100000)
  to   space 7168K, 0% used [0x00000000ee080000,0x00000000ee080000,0x00000000ee780000)
 ParOldGen       total 35840K, used 11490K [0x00000000c3c00000, 0x00000000c5f00000, 0x00000000ebf00000)
  object space 35840K, 32% used [0x00000000c3c00000,0x00000000c4738b88,0x00000000c5f00000)
 Metaspace       used 23140K, capacity 23936K, committed 24320K, reserved 1071104K
  class space    used 3032K, capacity 3216K, committed 3328K, reserved 1048576K
}

