# JRE version: Java(TM) SE Runtime Environment (8.0_251-b08) (build 1.8.0_251-b08)
# Java VM: Java HotSpot(TM) 64-Bit Server VM (25.251-b08 mixed mode linux-amd64 compressed oops)
Heap:
 PSYoungGen      total 18432K, used 7273K [0x00000000ebf00000, 0x00000000ee580000, 0x0000000100000000)
  eden space 15872K, 29% used [0x00000000ebf00000,0x00000000ec39cec0,0x00000000ece80000)
  from space 2560K, 99% used [0x00000000ece80000,0x00000000ed0fd710,0x00000000ed100000)
  to   space 7680K, 0% used [0x00000000ede00000,0x00000000ede00000,0x00000000ee580000)
 ParOldGen       total 39424K, used 11348K [0x00000000c3c00000, 0x00000000c6280000, 0x00000000ebf00000)
  object space 39424K, 28% used [0x00000000c3c00000,0x00000000c47153f8,0x00000000c6280000)
 Metaspace       used 24723K, capacity 25672K, committed 25856K, reserved 1071104K
  class space    used 3296K, capacity 3532K, committed 3584K, reserved 1048576K
GC Heap History (10 events):
Event: 1.528 GC heap before
{Heap before GC invocations=2 (full 0):
 PSYoungGen      total 18432K, used 17560K [0x00000000ebf00000, 0x00000000ed380000, 0x0000000100000000)
  eden space 15872K, 100% used [0x00000000ebf00000,0x00000000ece80000,0x00000000ece80000)
  from space 2560K, 65% used [0x00000000ece80000,0x00000000ed0263b8,0x00000000ed100000)
  to   space 2560K, 0% used [0x00000000ed100000,0x00000000ed100000,0x00000000ed380000)
 ParOldGen       total 42496K, used 8K [0x00000000c3c00000, 0x00000000c6580000, 0x00000000ebf00000)
  object space 42496K, 0% used [0x00000000c3c00000,0x00000000c3c02000,0x00000000c6580000)
 Metaspace       used 13610K, capacity 14088K, committed 14336K, reserved 1060864K
  class space    used 1842K, capacity 2006K, committed 2048K, reserved 1048576K
Event: 1.540 GC heap after
Heap after GC invocations=2 (full 0):
 PSYoungGen      total 18432K, used 2528K [0x00000000ebf00000, 0x00000000ed380000, 0x0000000100000000)
  eden space 15872K, 0% used [0x00000000ebf00000,0x00000000ebf00000,0x00000000ece80000)
  from space 2560K, 98% used [0x00000000ed100000,0x00000000ed378020,0x00000000ed380000)
  to   space 2560K, 0% used [0x00000000ece80000,0x00000000ece80000,0x00000000ed100000)
 ParOldGen       total 42496K, used 2431K [0x00000000c3c00000, 0x00000000c6580000, 0x00000000ebf00000)
  object space 42496K, 5% used [0x00000000c3c00000,0x00000000c3e5fef8,0x00000000c6580000)
 Metaspace       used 13610K, capacity 14088K, committed 14336K, reserved 1060864K
  class space    used 1842K, capacity 2006K, committed 2048K, reserved 1048576K
}
Event: 7.905 GC heap before
{Heap before GC invocations=3 (full 0):
 PSYoungGen      total 18432K, used 18400K [0x00000000ebf00000, 0x00000000ed380000, 0x0000000100000000)
  eden space 15872K, 100% used [0x00000000ebf00000,0x00000000ece80000,0x00000000ece80000)
  from space 2560K, 98% used [0x00000000ed100000,0x00000000ed378020,0x00000000ed380000)
  to   space 2560K, 0% used [0x00000000ece80000,0x00000000ece80000,0x00000000ed100000)
 ParOldGen       total 42496K, used 2431K [0x00000000c3c00000, 0x00000000c6580000, 0x00000000ebf00000)
  object space 42496K, 5% used [0x00000000c3c00000,0x00000000c3e5fef8,0x00000000c6580000)
 Metaspace       used 18634K, capacity 19418K, committed 19712K, reserved 1067008K
  class space    used 2541K, capacity 2735K, committed 2816K, reserved 1048576K
Event: 7.917 GC heap after
Heap after GC invocations=3 (full 0):
 PSYoungGen      total 18432K, used 2549K [0x00000000ebf00000, 0x00000000ed380000, 0x0000000100000000)
  eden space 15872K, 0% used [0x00000000ebf00000,0x00000000ebf00000,0x00000000ece80000)
  from space 2560K, 99% used [0x00000000ece80000,0x00000000ed0fd658,0x00000000ed100000)
  to   space 2560K, 0% used [0x00000000ed100000,0x00000000ed100000,0x00000000ed380000)
 ParOldGen       total 42496K, used 6182K [0x00000000c3c00000, 0x00000000c6580000, 0x00000000ebf00000)
  object space 42496K, 14% used [0x00000000c3c00000,0x00000000c4209928,0x00000000c6580000)
 Metaspace       used 18634K, capacity 19418K, committed 19712K, reserved 1067008K
  class space    used 2541K, capacity 2735K, committed 2816K, reserved 1048576K
}
Event: 8.156 GC heap before
{Heap before GC invocations=4 (full 0):
 PSYoungGen      total 18432K, used 9816K [0x00000000ebf00000, 0x00000000ed380000, 0x0000000100000000)
  eden space 15872K, 45% used [0x00000000ebf00000,0x00000000ec6189b0,0x00000000ece80000)
  from space 2560K, 99% used [0x00000000ece80000,0x00000000ed0fd658,0x00000000ed100000)
  to   space 2560K, 0% used [0x00000000ed100000,0x00000000ed100000,0x00000000ed380000)
 ParOldGen       total 42496K, used 6182K [0x00000000c3c00000, 0x00000000c6580000, 0x00000000ebf00000)
  object space 42496K, 14% used [0x00000000c3c00000,0x00000000c4209928,0x00000000c6580000)
 Metaspace       used 20341K, capacity 21094K, committed 21248K, reserved 1067008K
  class space    used 2739K, capacity 2969K, committed 3072K, reserved 1048576K
Event: 8.164 GC heap after
Heap after GC invocations=4 (full 0):
 PSYoungGen      total 18432K, used 2544K [0x00000000ebf00000, 0x00000000ee300000, 0x0000000100000000)
  eden space 15872K, 0% used [0x00000000ebf00000,0x00000000ebf00000,0x00000000ece80000)
  from space 2560K, 99% used [0x00000000ed100000,0x00000000ed37c040,0x00000000ed380000)
  to   space 2560K, 0% used [0x00000000ece80000,0x00000000ece80000,0x00000000ed100000)
 ParOldGen       total 42496K, used 8583K [0x00000000c3c00000, 0x00000000c6580000, 0x00000000ebf00000)
  object space 42496K, 20% used [0x00000000c3c00000,0x00000000c4461da0,0x00000000c6580000)
 Metaspace       used 20341K, capacity 21094K, committed 21248K, reserved 1067008K
  class space    used 2739K, capacity 2969K, committed 3072K, reserved 1048576K
}
Event: 8.164 GC heap before
{Heap before GC invocations=5 (full 1):
 PSYoungGen      total 18432K, used 2544K [0x00000000ebf00000, 0x00000000ee300000, 0x0000000100000000)
  eden space 15872K, 0% used [0x00000000ebf00000,0x00000000ebf00000,0x00000000ece80000)
  from space 2560K, 99% used [0x00000000ed100000,0x00000000ed37c040,0x00000000ed380000)
  to   space 2560K, 0% used [0x00000000ece80000,0x00000000ece80000,0x00000000ed100000)
 ParOldGen       total 42496K, used 8583K [0x00000000c3c00000, 0x00000000c6580000, 0x00000000ebf00000)
  object space 42496K, 20% used [0x00000000c3c00000,0x00000000c4461da0,0x00000000c6580000)
 Metaspace       used 20341K, capacity 21094K, committed 21248K, reserved 1067008K
  class space    used 2739K, capacity 2969K, committed 3072K, reserved 1048576K
Event: 8.260 GC heap after
Heap after GC invocations=5 (full 1):
 PSYoungGen      total 18432K, used 0K [0x00000000ebf00000, 0x00000000ee300000, 0x0000000100000000)
  eden space 15872K, 0% used [0x00000000ebf00000,0x00000000ebf00000,0x00000000ece80000)
  from space 2560K, 0% used [0x00000000ed100000,0x00000000ed100000,0x00000000ed380000)
  to   space 2560K, 0% used [0x00000000ece80000,0x00000000ece80000,0x00000000ed100000)
 ParOldGen       total 39424K, used 10915K [0x00000000c3c00000, 0x00000000c6280000, 0x00000000ebf00000)
  object space 39424K, 27% used [0x00000000c3c00000,0x00000000c46a8f00,0x00000000c6280000)
 Metaspace       used 20341K, capacity 21094K, committed 21248K, reserved 1067008K
  class space    used 2739K, capacity 2969K, committed 3072K, reserved 1048576K
}
Event: 8.927 GC heap before
{Heap before GC invocations=6 (full 1):
 PSYoungGen      total 18432K, used 15872K [0x00000000ebf00000, 0x00000000ee300000, 0x0000000100000000)
  eden space 15872K, 100% used [0x00000000ebf00000,0x00000000ece80000,0x00000000ece80000)
  from space 2560K, 0% used [0x00000000ed100000,0x00000000ed100000,0x00000000ed380000)
  to   space 2560K, 0% used [0x00000000ece80000,0x00000000ece80000,0x00000000ed100000)
 ParOldGen       total 39424K, used 10915K [0x00000000c3c00000, 0x00000000c6280000, 0x00000000ebf00000)
  object space 39424K, 27% used [0x00000000c3c00000,0x00000000c46a8f00,0x00000000c6280000)
 Metaspace       used 23021K, capacity 23878K, committed 24064K, reserved 1071104K
  class space    used 3041K, capacity 3227K, committed 3328K, reserved 1048576K
Event: 8.935 GC heap after
Heap after GC invocations=6 (full 1):
 PSYoungGen      total 18432K, used 2549K [0x00000000ebf00000, 0x00000000ee580000, 0x0000000100000000)
  eden space 15872K, 0% used [0x00000000ebf00000,0x00000000ebf00000,0x00000000ece80000)
  from space 2560K, 99% used [0x00000000ece80000,0x00000000ed0fd710,0x00000000ed100000)
  to   space 7680K, 0% used [0x00000000ede00000,0x00000000ede00000,0x00000000ee580000)
 ParOldGen       total 39424K, used 11348K [0x00000000c3c00000, 0x00000000c6280000, 0x00000000ebf00000)
  object space 39424K, 28% used [0x00000000c3c00000,0x00000000c47153f8,0x00000000c6280000)
 Metaspace       used 23021K, capacity 23878K, committed 24064K, reserved 1071104K
  class space    used 3041K, capacity 3227K, committed 3328K, reserved 1048576K
}

