# JRE version: Java(TM) SE Runtime Environment (8.0_251-b08) (build 1.8.0_251-b08)
# Java VM: Java HotSpot(TM) 64-Bit Server VM (25.251-b08 mixed mode linux-amd64 compressed oops)
Heap:
 PSYoungGen      total 18432K, used 6569K [0x00000000ebf00000, 0x00000000edb00000, 0x0000000100000000)
  eden space 15872K, 25% used [0x00000000ebf00000,0x00000000ec2f1308,0x00000000ece80000)
  from space 2560K, 98% used [0x00000000ed100000,0x00000000ed379370,0x00000000ed380000)
  to   space 2560K, 0% used [0x00000000ece80000,0x00000000ece80000,0x00000000ed100000)
 ParOldGen       total 40960K, used 11265K [0x00000000c3c00000, 0x00000000c6400000, 0x00000000ebf00000)
  object space 40960K, 27% used [0x00000000c3c00000,0x00000000c47006c8,0x00000000c6400000)
 Metaspace       used 24710K, capacity 25660K, committed 25856K, reserved 1071104K
  class space    used 3290K, capacity 3522K, committed 3584K, reserved 1048576K
GC Heap History (10 events):
Event: 1.235 GC heap before
{Heap before GC invocations=1 (full 0):
 PSYoungGen      total 18432K, used 15872K [0x00000000ebf00000, 0x00000000ed380000, 0x0000000100000000)
  eden space 15872K, 100% used [0x00000000ebf00000,0x00000000ece80000,0x00000000ece80000)
  from space 2560K, 0% used [0x00000000ed100000,0x00000000ed100000,0x00000000ed380000)
  to   space 2560K, 0% used [0x00000000ece80000,0x00000000ece80000,0x00000000ed100000)
 ParOldGen       total 42496K, used 0K [0x00000000c3c00000, 0x00000000c6580000, 0x00000000ebf00000)
  object space 42496K, 0% used [0x00000000c3c00000,0x00000000c3c00000,0x00000000c6580000)
 Metaspace       used 9758K, capacity 10202K, committed 10368K, reserved 1058816K
  class space    used 1215K, capacity 1345K, committed 1408K, reserved 1048576K
Event: 1.242 GC heap after
Heap after GC invocations=1 (full 0):
 PSYoungGen      total 18432K, used 2544K [0x00000000ebf00000, 0x00000000ed380000, 0x0000000100000000)
  eden space 15872K, 0% used [0x00000000ebf00000,0x00000000ebf00000,0x00000000ece80000)
  from space 2560K, 99% used [0x00000000ece80000,0x00000000ed0fc030,0x00000000ed100000)
  to   space 2560K, 0% used [0x00000000ed100000,0x00000000ed100000,0x00000000ed380000)
 ParOldGen       total 42496K, used 714K [0x00000000c3c00000, 0x00000000c6580000, 0x00000000ebf00000)
  object space 42496K, 1% used [0x00000000c3c00000,0x00000000c3cb28f0,0x00000000c6580000)
 Metaspace       used 9758K, capacity 10202K, committed 10368K, reserved 1058816K
  class space    used 1215K, capacity 1345K, committed 1408K, reserved 1048576K
}
Event: 2.365 GC heap before
{Heap before GC invocations=2 (full 0):
 PSYoungGen      total 18432K, used 18416K [0x00000000ebf00000, 0x00000000ed380000, 0x0000000100000000)
  eden space 15872K, 100% used [0x00000000ebf00000,0x00000000ece80000,0x00000000ece80000)
  from space 2560K, 99% used [0x00000000ece80000,0x00000000ed0fc030,0x00000000ed100000)
  to   space 2560K, 0% used [0x00000000ed100000,0x00000000ed100000,0x00000000ed380000)
 ParOldGen       total 42496K, used 714K [0x00000000c3c00000, 0x00000000c6580000, 0x00000000ebf00000)
  object space 42496K, 1% used [0x00000000c3c00000,0x00000000c3cb28f0,0x00000000c6580000)
 Metaspace       used 15813K, capacity 16472K, committed 16640K, reserved 1062912K
  class space    used 2272K, capacity 2488K, committed 2560K, reserved 1048576K
Event: 2.381 GC heap after
Heap after GC invocations=2 (full 0):
 PSYoungGen      total 18432K, used 2554K [0x00000000ebf00000, 0x00000000ee300000, 0x0000000100000000)
  eden space 15872K, 0% used [0x00000000ebf00000,0x00000000ebf00000,0x00000000ece80000)
  from space 2560K, 99% used [0x00000000ed100000,0x00000000ed37eb40,0x00000000ed380000)
  to   space 2560K, 0% used [0x00000000ece80000,0x00000000ece80000,0x00000000ed100000)
 ParOldGen       total 42496K, used 4142K [0x00000000c3c00000, 0x00000000c6580000, 0x00000000ebf00000)
  object space 42496K, 9% used [0x00000000c3c00000,0x00000000c400bb40,0x00000000c6580000)
 Metaspace       used 15813K, capacity 16472K, committed 16640K, reserved 1062912K
  class space    used 2272K, capacity 2488K, committed 2560K, reserved 1048576K
}
Event: 9.573 GC heap before
{Heap before GC invocations=3 (full 0):
 PSYoungGen      total 18432K, used 18014K [0x00000000ebf00000, 0x00000000ee300000, 0x0000000100000000)
  eden space 15872K, 97% used [0x00000000ebf00000,0x00000000ece18dc0,0x00000000ece80000)
  from space 2560K, 99% used [0x00000000ed100000,0x00000000ed37eb40,0x00000000ed380000)
  to   space 2560K, 0% used [0x00000000ece80000,0x00000000ece80000,0x00000000ed100000)
 ParOldGen       total 42496K, used 4142K [0x00000000c3c00000, 0x00000000c6580000, 0x00000000ebf00000)
  object space 42496K, 9% used [0x00000000c3c00000,0x00000000c400bb40,0x00000000c6580000)
 Metaspace       used 20371K, capacity 21138K, committed 21296K, reserved 1067008K
  class space    used 2735K, capacity 2937K, committed 2944K, reserved 1048576K
Event: 9.590 GC heap after
Heap after GC invocations=3 (full 0):
 PSYoungGen      total 18432K, used 2554K [0x00000000ebf00000, 0x00000000ed380000, 0x0000000100000000)
  eden space 15872K, 0% used [0x00000000ebf00000,0x00000000ebf00000,0x00000000ece80000)
  from space 2560K, 99% used [0x00000000ece80000,0x00000000ed0feb20,0x00000000ed100000)
  to   space 2560K, 0% used [0x00000000ed100000,0x00000000ed100000,0x00000000ed380000)
 ParOldGen       total 42496K, used 8398K [0x00000000c3c00000, 0x00000000c6580000, 0x00000000ebf00000)
  object space 42496K, 19% used [0x00000000c3c00000,0x00000000c4433960,0x00000000c6580000)
 Metaspace       used 20371K, capacity 21138K, committed 21296K, reserved 1067008K
  class space    used 2735K, capacity 2937K, committed 2944K, reserved 1048576K
}
Event: 9.590 GC heap before
{Heap before GC invocations=4 (full 1):
 PSYoungGen      total 18432K, used 2554K [0x00000000ebf00000, 0x00000000ed380000, 0x0000000100000000)
  eden space 15872K, 0% used [0x00000000ebf00000,0x00000000ebf00000,0x00000000ece80000)
  from space 2560K, 99% used [0x00000000ece80000,0x00000000ed0feb20,0x00000000ed100000)
  to   space 2560K, 0% used [0x00000000ed100000,0x00000000ed100000,0x00000000ed380000)
 ParOldGen       total 42496K, used 8398K [0x00000000c3c00000, 0x00000000c6580000, 0x00000000ebf00000)
  object space 42496K, 19% used [0x00000000c3c00000,0x00000000c4433960,0x00000000c6580000)
 Metaspace       used 20371K, capacity 21138K, committed 21296K, reserved 1067008K
  class space    used 2735K, capacity 2937K, committed 2944K, reserved 1048576K
Event: 9.678 GC heap after
Heap after GC invocations=4 (full 1):
 PSYoungGen      total 18432K, used 0K [0x00000000ebf00000, 0x00000000ed380000, 0x0000000100000000)
  eden space 15872K, 0% used [0x00000000ebf00000,0x00000000ebf00000,0x00000000ece80000)
  from space 2560K, 0% used [0x00000000ece80000,0x00000000ece80000,0x00000000ed100000)
  to   space 2560K, 0% used [0x00000000ed100000,0x00000000ed100000,0x00000000ed380000)
 ParOldGen       total 40960K, used 10682K [0x00000000c3c00000, 0x00000000c6400000, 0x00000000ebf00000)
  object space 40960K, 26% used [0x00000000c3c00000,0x00000000c466eb78,0x00000000c6400000)
 Metaspace       used 20371K, capacity 21138K, committed 21296K, reserved 1067008K
  class space    used 2735K, capacity 2937K, committed 2944K, reserved 1048576K
}
Event: 10.394 GC heap before
{Heap before GC invocations=5 (full 1):
 PSYoungGen      total 18432K, used 15872K [0x00000000ebf00000, 0x00000000ed380000, 0x0000000100000000)
  eden space 15872K, 100% used [0x00000000ebf00000,0x00000000ece80000,0x00000000ece80000)
  from space 2560K, 0% used [0x00000000ece80000,0x00000000ece80000,0x00000000ed100000)
  to   space 2560K, 0% used [0x00000000ed100000,0x00000000ed100000,0x00000000ed380000)
 ParOldGen       total 40960K, used 10682K [0x00000000c3c00000, 0x00000000c6400000, 0x00000000ebf00000)
  object space 40960K, 26% used [0x00000000c3c00000,0x00000000c466eb78,0x00000000c6400000)
 Metaspace       used 23062K, capacity 23826K, committed 24064K, reserved 1071104K
  class space    used 3042K, capacity 3227K, committed 3328K, reserved 1048576K
Event: 10.400 GC heap after
Heap after GC invocations=5 (full 1):
 PSYoungGen      total 18432K, used 2532K [0x00000000ebf00000, 0x00000000edb00000, 0x0000000100000000)
  eden space 15872K, 0% used [0x00000000ebf00000,0x00000000ebf00000,0x00000000ece80000)
  from space 2560K, 98% used [0x00000000ed100000,0x00000000ed379370,0x00000000ed380000)
  to   space 2560K, 0% used [0x00000000ece80000,0x00000000ece80000,0x00000000ed100000)
 ParOldGen       total 40960K, used 11265K [0x00000000c3c00000, 0x00000000c6400000, 0x00000000ebf00000)
  object space 40960K, 27% used [0x00000000c3c00000,0x00000000c47006c8,0x00000000c6400000)
 Metaspace       used 23062K, capacity 23826K, committed 24064K, reserved 1071104K
  class space    used 3042K, capacity 3227K, committed 3328K, reserved 1048576K
}

