# JRE version: Java(TM) SE Runtime Environment (8.0_251-b08) (build 1.8.0_251-b08)
# Java VM: Java HotSpot(TM) 64-Bit Server VM (25.251-b08 mixed mode linux-amd64 compressed oops)
Heap:
 PSYoungGen      total 18432K, used 14238K [0x00000000ebf00000, 0x00000000ee600000, 0x0000000100000000)
  eden space 15872K, 73% used [0x00000000ebf00000,0x00000000eca6c238,0x00000000ece80000)
  from space 2560K, 99% used [0x00000000ece80000,0x00000000ed0fb9b8,0x00000000ed100000)
  to   space 7680K, 0% used [0x00000000ede80000,0x00000000ede80000,0x00000000ee600000)
 ParOldGen       total 38912K, used 11401K [0x00000000c3c00000, 0x00000000c6200000, 0x00000000ebf00000)
  object space 38912K, 29% used [0x00000000c3c00000,0x00000000c47224f8,0x00000000c6200000)
 Metaspace       used 26545K, capacity 27634K, committed 27904K, reserved 1073152K
  class space    used 3541K, capacity 3803K, committed 3840K, reserved 1048576K
GC Heap History (10 events):
Event: 1.978 GC heap before
{Heap before GC invocations=2 (full 0):
 PSYoungGen      total 18432K, used 17560K [0x00000000ebf00000, 0x00000000ed380000, 0x0000000100000000)
  eden space 15872K, 100% used [0x00000000ebf00000,0x00000000ece80000,0x00000000ece80000)
  from space 2560K, 65% used [0x00000000ece80000,0x00000000ed0263b8,0x00000000ed100000)
  to   space 2560K, 0% used [0x00000000ed100000,0x00000000ed100000,0x00000000ed380000)
 ParOldGen       total 42496K, used 8K [0x00000000c3c00000, 0x00000000c6580000, 0x00000000ebf00000)
  object space 42496K, 0% used [0x00000000c3c00000,0x00000000c3c02000,0x00000000c6580000)
 Metaspace       used 13615K, capacity 14088K, committed 14336K, reserved 1060864K
  class space    used 1841K, capacity 2006K, committed 2048K, reserved 1048576K
Event: 1.988 GC heap after
Heap after GC invocations=2 (full 0):
 PSYoungGen      total 18432K, used 2528K [0x00000000ebf00000, 0x00000000ed380000, 0x0000000100000000)
  eden space 15872K, 0% used [0x00000000ebf00000,0x00000000ebf00000,0x00000000ece80000)
  from space 2560K, 98% used [0x00000000ed100000,0x00000000ed378020,0x00000000ed380000)
  to   space 2560K, 0% used [0x00000000ece80000,0x00000000ece80000,0x00000000ed100000)
 ParOldGen       total 42496K, used 2429K [0x00000000c3c00000, 0x00000000c6580000, 0x00000000ebf00000)
  object space 42496K, 5% used [0x00000000c3c00000,0x00000000c3e5f700,0x00000000c6580000)
 Metaspace       used 13615K, capacity 14088K, committed 14336K, reserved 1060864K
  class space    used 1841K, capacity 2006K, committed 2048K, reserved 1048576K
}
Event: 9.180 GC heap before
{Heap before GC invocations=3 (full 0):
 PSYoungGen      total 18432K, used 18400K [0x00000000ebf00000, 0x00000000ed380000, 0x0000000100000000)
  eden space 15872K, 100% used [0x00000000ebf00000,0x00000000ece80000,0x00000000ece80000)
  from space 2560K, 98% used [0x00000000ed100000,0x00000000ed378020,0x00000000ed380000)
  to   space 2560K, 0% used [0x00000000ece80000,0x00000000ece80000,0x00000000ed100000)
 ParOldGen       total 42496K, used 2429K [0x00000000c3c00000, 0x00000000c6580000, 0x00000000ebf00000)
  object space 42496K, 5% used [0x00000000c3c00000,0x00000000c3e5f700,0x00000000c6580000)
 Metaspace       used 18672K, capacity 19426K, committed 19712K, reserved 1067008K
  class space    used 2540K, capacity 2735K, committed 2816K, reserved 1048576K
Event: 9.191 GC heap after
Heap after GC invocations=3 (full 0):
 PSYoungGen      total 18432K, used 2549K [0x00000000ebf00000, 0x00000000ed380000, 0x0000000100000000)
  eden space 15872K, 0% used [0x00000000ebf00000,0x00000000ebf00000,0x00000000ece80000)
  from space 2560K, 99% used [0x00000000ece80000,0x00000000ed0fd648,0x00000000ed100000)
  to   space 2560K, 0% used [0x00000000ed100000,0x00000000ed100000,0x00000000ed380000)
 ParOldGen       total 42496K, used 6141K [0x00000000c3c00000, 0x00000000c6580000, 0x00000000ebf00000)
  object space 42496K, 14% used [0x00000000c3c00000,0x00000000c41ff7a8,0x00000000c6580000)
 Metaspace       used 18672K, capacity 19426K, committed 19712K, reserved 1067008K
  class space    used 2540K, capacity 2735K, committed 2816K, reserved 1048576K
}
Event: 9.474 GC heap before
{Heap before GC invocations=4 (full 0):
 PSYoungGen      total 18432K, used 9854K [0x00000000ebf00000, 0x00000000ed380000, 0x0000000100000000)
  eden space 15872K, 46% used [0x00000000ebf00000,0x00000000ec6224d0,0x00000000ece80000)
  from space 2560K, 99% used [0x00000000ece80000,0x00000000ed0fd648,0x00000000ed100000)
  to   space 2560K, 0% used [0x00000000ed100000,0x00000000ed100000,0x00000000ed380000)
 ParOldGen       total 42496K, used 6141K [0x00000000c3c00000, 0x00000000c6580000, 0x00000000ebf00000)
  object space 42496K, 14% used [0x00000000c3c00000,0x00000000c41ff7a8,0x00000000c6580000)
 Metaspace       used 20378K, capacity 21198K, committed 21296K, reserved 1067008K
  class space    used 2733K, capacity 2937K, committed 2944K, reserved 1048576K
Event: 9.484 GC heap after
Heap after GC invocations=4 (full 0):
 PSYoungGen      total 18432K, used 2554K [0x00000000ebf00000, 0x00000000ee300000, 0x0000000100000000)
  eden space 15872K, 0% used [0x00000000ebf00000,0x00000000ebf00000,0x00000000ece80000)
  from space 2560K, 99% used [0x00000000ed100000,0x00000000ed37eb20,0x00000000ed380000)
  to   space 2560K, 0% used [0x00000000ece80000,0x00000000ece80000,0x00000000ed100000)
 ParOldGen       total 42496K, used 8573K [0x00000000c3c00000, 0x00000000c6580000, 0x00000000ebf00000)
  object space 42496K, 20% used [0x00000000c3c00000,0x00000000c445f648,0x00000000c6580000)
 Metaspace       used 20378K, capacity 21198K, committed 21296K, reserved 1067008K
  class space    used 2733K, capacity 2937K, committed 2944K, reserved 1048576K
}
Event: 9.484 GC heap before
{Heap before GC invocations=5 (full 1):
 PSYoungGen      total 18432K, used 2554K [0x00000000ebf00000, 0x00000000ee300000, 0x0000000100000000)
  eden space 15872K, 0% used [0x00000000ebf00000,0x00000000ebf00000,0x00000000ece80000)
  from space 2560K, 99% used [0x00000000ed100000,0x00000000ed37eb20,0x00000000ed380000)
  to   space 2560K, 0% used [0x00000000ece80000,0x00000000ece80000,0x00000000ed100000)
 ParOldGen       total 42496K, used 8573K [0x00000000c3c00000, 0x00000000c6580000, 0x00000000ebf00000)
  object space 42496K, 20% used [0x00000000c3c00000,0x00000000c445f648,0x00000000c6580000)
 Metaspace       used 20378K, capacity 21198K, committed 21296K, reserved 1067008K
  class space    used 2733K, capacity 2937K, committed 2944K, reserved 1048576K
Event: 9.575 GC heap after
Heap after GC invocations=5 (full 1):
 PSYoungGen      total 18432K, used 0K [0x00000000ebf00000, 0x00000000ee300000, 0x0000000100000000)
  eden space 15872K, 0% used [0x00000000ebf00000,0x00000000ebf00000,0x00000000ece80000)
  from space 2560K, 0% used [0x00000000ed100000,0x00000000ed100000,0x00000000ed380000)
  to   space 2560K, 0% used [0x00000000ece80000,0x00000000ece80000,0x00000000ed100000)
 ParOldGen       total 38912K, used 10921K [0x00000000c3c00000, 0x00000000c6200000, 0x00000000ebf00000)
  object space 38912K, 28% used [0x00000000c3c00000,0x00000000c46aa688,0x00000000c6200000)
 Metaspace       used 20378K, capacity 21198K, committed 21296K, reserved 1067008K
  class space    used 2733K, capacity 2937K, committed 2944K, reserved 1048576K
}
Event: 10.311 GC heap before
{Heap before GC invocations=6 (full 1):
 PSYoungGen      total 18432K, used 15872K [0x00000000ebf00000, 0x00000000ee300000, 0x0000000100000000)
  eden space 15872K, 100% used [0x00000000ebf00000,0x00000000ece80000,0x00000000ece80000)
  from space 2560K, 0% used [0x00000000ed100000,0x00000000ed100000,0x00000000ed380000)
  to   space 2560K, 0% used [0x00000000ece80000,0x00000000ece80000,0x00000000ed100000)
 ParOldGen       total 38912K, used 10921K [0x00000000c3c00000, 0x00000000c6200000, 0x00000000ebf00000)
  object space 38912K, 28% used [0x00000000c3c00000,0x00000000c46aa688,0x00000000c6200000)
 Metaspace       used 23113K, capacity 23882K, committed 24064K, reserved 1071104K
  class space    used 3041K, capacity 3227K, committed 3328K, reserved 1048576K
Event: 10.318 GC heap after
Heap after GC invocations=6 (full 1):
 PSYoungGen      total 18432K, used 2542K [0x00000000ebf00000, 0x00000000ee600000, 0x0000000100000000)
  eden space 15872K, 0% used [0x00000000ebf00000,0x00000000ebf00000,0x00000000ece80000)
  from space 2560K, 99% used [0x00000000ece80000,0x00000000ed0fb9b8,0x00000000ed100000)
  to   space 7680K, 0% used [0x00000000ede80000,0x00000000ede80000,0x00000000ee600000)
 ParOldGen       total 38912K, used 11401K [0x00000000c3c00000, 0x00000000c6200000, 0x00000000ebf00000)
  object space 38912K, 29% used [0x00000000c3c00000,0x00000000c47224f8,0x00000000c6200000)
 Metaspace       used 23113K, capacity 23882K, committed 24064K, reserved 1071104K
  class space    used 3041K, capacity 3227K, committed 3328K, reserved 1048576K
}

