# JRE version: Java(TM) SE Runtime Environment (8.0_251-b08) (build 1.8.0_251-b08)
# Java VM: Java HotSpot(TM) 64-Bit Server VM (25.251-b08 mixed mode linux-amd64 compressed oops)
Heap:
 PSYoungGen      total 18432K, used 13943K [0x00000000ebf00000, 0x00000000ee780000, 0x0000000100000000)
  eden space 15872K, 71% used [0x00000000ebf00000,0x00000000eca22808,0x00000000ece80000)
  from space 2560K, 99% used [0x00000000ece80000,0x00000000ed0fb4f0,0x00000000ed100000)
  to   space 7680K, 0% used [0x00000000ee000000,0x00000000ee000000,0x00000000ee780000)
 ParOldGen       total 37376K, used 11398K [0x00000000c3c00000, 0x00000000c6080000, 0x00000000ebf00000)
  object space 37376K, 30% used [0x00000000c3c00000,0x00000000c47218e0,0x00000000c6080000)
 Metaspace       used 26456K, capacity 27526K, committed 27648K, reserved 1073152K
  class space    used 3540K, capacity 3803K, committed 3840K, reserved 1048576K
GC Heap History (10 events):
Event: 2.045 GC heap before
{Heap before GC invocations=2 (full 0):
 PSYoungGen      total 18432K, used 17576K [0x00000000ebf00000, 0x00000000ed380000, 0x0000000100000000)
  eden space 15872K, 100% used [0x00000000ebf00000,0x00000000ece80000,0x00000000ece80000)
  from space 2560K, 66% used [0x00000000ece80000,0x00000000ed02a3a8,0x00000000ed100000)
  to   space 2560K, 0% used [0x00000000ed100000,0x00000000ed100000,0x00000000ed380000)
 ParOldGen       total 42496K, used 8K [0x00000000c3c00000, 0x00000000c6580000, 0x00000000ebf00000)
  object space 42496K, 0% used [0x00000000c3c00000,0x00000000c3c02000,0x00000000c6580000)
 Metaspace       used 13614K, capacity 14100K, committed 14336K, reserved 1060864K
  class space    used 1842K, capacity 2006K, committed 2048K, reserved 1048576K
Event: 2.058 GC heap after
Heap after GC invocations=2 (full 0):
 PSYoungGen      total 18432K, used 2544K [0x00000000ebf00000, 0x00000000ed380000, 0x0000000100000000)
  eden space 15872K, 0% used [0x00000000ebf00000,0x00000000ebf00000,0x00000000ece80000)
  from space 2560K, 99% used [0x00000000ed100000,0x00000000ed37c030,0x00000000ed380000)
  to   space 2560K, 0% used [0x00000000ece80000,0x00000000ece80000,0x00000000ed100000)
 ParOldGen       total 42496K, used 2419K [0x00000000c3c00000, 0x00000000c6580000, 0x00000000ebf00000)
  object space 42496K, 5% used [0x00000000c3c00000,0x00000000c3e5cec8,0x00000000c6580000)
 Metaspace       used 13614K, capacity 14100K, committed 14336K, reserved 1060864K
  class space    used 1842K, capacity 2006K, committed 2048K, reserved 1048576K
}
Event: 12.142 GC heap before
{Heap before GC invocations=3 (full 0):
 PSYoungGen      total 18432K, used 18416K [0x00000000ebf00000, 0x00000000ed380000, 0x0000000100000000)
  eden space 15872K, 100% used [0x00000000ebf00000,0x00000000ece80000,0x00000000ece80000)
  from space 2560K, 99% used [0x00000000ed100000,0x00000000ed37c030,0x00000000ed380000)
  to   space 2560K, 0% used [0x00000000ece80000,0x00000000ece80000,0x00000000ed100000)
 ParOldGen       total 42496K, used 2419K [0x00000000c3c00000, 0x00000000c6580000, 0x00000000ebf00000)
  object space 42496K, 5% used [0x00000000c3c00000,0x00000000c3e5cec8,0x00000000c6580000)
 Metaspace       used 18653K, capacity 19370K, committed 19456K, reserved 1067008K
  class space    used 2538K, capacity 2735K, committed 2816K, reserved 1048576K
Event: 12.163 GC heap after
Heap after GC invocations=3 (full 0):
 PSYoungGen      total 18432K, used 2538K [0x00000000ebf00000, 0x00000000ed380000, 0x0000000100000000)
  eden space 15872K, 0% used [0x00000000ebf00000,0x00000000ebf00000,0x00000000ece80000)
  from space 2560K, 99% used [0x00000000ece80000,0x00000000ed0fab30,0x00000000ed100000)
  to   space 2560K, 0% used [0x00000000ed100000,0x00000000ed100000,0x00000000ed380000)
 ParOldGen       total 42496K, used 6053K [0x00000000c3c00000, 0x00000000c6580000, 0x00000000ebf00000)
  object space 42496K, 14% used [0x00000000c3c00000,0x00000000c41e9478,0x00000000c6580000)
 Metaspace       used 18653K, capacity 19370K, committed 19456K, reserved 1067008K
  class space    used 2538K, capacity 2735K, committed 2816K, reserved 1048576K
}
Event: 12.498 GC heap before
{Heap before GC invocations=4 (full 0):
 PSYoungGen      total 18432K, used 10020K [0x00000000ebf00000, 0x00000000ed380000, 0x0000000100000000)
  eden space 15872K, 47% used [0x00000000ebf00000,0x00000000ec64e640,0x00000000ece80000)
  from space 2560K, 99% used [0x00000000ece80000,0x00000000ed0fab30,0x00000000ed100000)
  to   space 2560K, 0% used [0x00000000ed100000,0x00000000ed100000,0x00000000ed380000)
 ParOldGen       total 42496K, used 6053K [0x00000000c3c00000, 0x00000000c6580000, 0x00000000ebf00000)
  object space 42496K, 14% used [0x00000000c3c00000,0x00000000c41e9478,0x00000000c6580000)
 Metaspace       used 20403K, capacity 21206K, committed 21296K, reserved 1067008K
  class space    used 2736K, capacity 2937K, committed 2944K, reserved 1048576K
Event: 12.513 GC heap after
Heap after GC invocations=4 (full 0):
 PSYoungGen      total 18432K, used 2554K [0x00000000ebf00000, 0x00000000ee300000, 0x0000000100000000)
  eden space 15872K, 0% used [0x00000000ebf00000,0x00000000ebf00000,0x00000000ece80000)
  from space 2560K, 99% used [0x00000000ed100000,0x00000000ed37eb40,0x00000000ed380000)
  to   space 2560K, 0% used [0x00000000ece80000,0x00000000ece80000,0x00000000ed100000)
 ParOldGen       total 42496K, used 8543K [0x00000000c3c00000, 0x00000000c6580000, 0x00000000ebf00000)
  object space 42496K, 20% used [0x00000000c3c00000,0x00000000c4457f28,0x00000000c6580000)
 Metaspace       used 20403K, capacity 21206K, committed 21296K, reserved 1067008K
  class space    used 2736K, capacity 2937K, committed 2944K, reserved 1048576K
}
Event: 12.513 GC heap before
{Heap before GC invocations=5 (full 1):
 PSYoungGen      total 18432K, used 2554K [0x00000000ebf00000, 0x00000000ee300000, 0x0000000100000000)
  eden space 15872K, 0% used [0x00000000ebf00000,0x00000000ebf00000,0x00000000ece80000)
  from space 2560K, 99% used [0x00000000ed100000,0x00000000ed37eb40,0x00000000ed380000)
  to   space 2560K, 0% used [0x00000000ece80000,0x00000000ece80000,0x00000000ed100000)
 ParOldGen       total 42496K, used 8543K [0x00000000c3c00000, 0x00000000c6580000, 0x00000000ebf00000)
  object space 42496K, 20% used [0x00000000c3c00000,0x00000000c4457f28,0x00000000c6580000)
 Metaspace       used 20403K, capacity 21206K, committed 21296K, reserved 1067008K
  class space    used 2736K, capacity 2937K, committed 2944K, reserved 1048576K
Event: 12.611 GC heap after
Heap after GC invocations=5 (full 1):
 PSYoungGen      total 18432K, used 0K [0x00000000ebf00000, 0x00000000ee300000, 0x0000000100000000)
  eden space 15872K, 0% used [0x00000000ebf00000,0x00000000ebf00000,0x00000000ece80000)
  from space 2560K, 0% used [0x00000000ed100000,0x00000000ed100000,0x00000000ed380000)
  to   space 2560K, 0% used [0x00000000ece80000,0x00000000ece80000,0x00000000ed100000)
 ParOldGen       total 37376K, used 10918K [0x00000000c3c00000, 0x00000000c6080000, 0x00000000ebf00000)
  object space 37376K, 29% used [0x00000000c3c00000,0x00000000c46a9a70,0x00000000c6080000)
 Metaspace       used 20403K, capacity 21206K, committed 21296K, reserved 1067008K
  class space    used 2736K, capacity 2937K, committed 2944K, reserved 1048576K
}
Event: 13.572 GC heap before
{Heap before GC invocations=6 (full 1):
 PSYoungGen      total 18432K, used 15872K [0x00000000ebf00000, 0x00000000ee300000, 0x0000000100000000)
  eden space 15872K, 100% used [0x00000000ebf00000,0x00000000ece80000,0x00000000ece80000)
  from space 2560K, 0% used [0x00000000ed100000,0x00000000ed100000,0x00000000ed380000)
  to   space 2560K, 0% used [0x00000000ece80000,0x00000000ece80000,0x00000000ed100000)
 ParOldGen       total 37376K, used 10918K [0x00000000c3c00000, 0x00000000c6080000, 0x00000000ebf00000)
  object space 37376K, 29% used [0x00000000c3c00000,0x00000000c46a9a70,0x00000000c6080000)
 Metaspace       used 23141K, capacity 23954K, committed 24064K, reserved 1071104K
  class space    used 3044K, capacity 3227K, committed 3328K, reserved 1048576K
Event: 13.583 GC heap after
Heap after GC invocations=6 (full 1):
 PSYoungGen      total 18432K, used 2541K [0x00000000ebf00000, 0x00000000ee780000, 0x0000000100000000)
  eden space 15872K, 0% used [0x00000000ebf00000,0x00000000ebf00000,0x00000000ece80000)
  from space 2560K, 99% used [0x00000000ece80000,0x00000000ed0fb4f0,0x00000000ed100000)
  to   space 7680K, 0% used [0x00000000ee000000,0x00000000ee000000,0x00000000ee780000)
 ParOldGen       total 37376K, used 11398K [0x00000000c3c00000, 0x00000000c6080000, 0x00000000ebf00000)
  object space 37376K, 30% used [0x00000000c3c00000,0x00000000c47218e0,0x00000000c6080000)
 Metaspace       used 23141K, capacity 23954K, committed 24064K, reserved 1071104K
  class space    used 3044K, capacity 3227K, committed 3328K, reserved 1048576K
}

