# JRE version: Java(TM) SE Runtime Environment (8.0_251-b08) (build 1.8.0_251-b08)
# Java VM: Java HotSpot(TM) 64-Bit Server VM (25.251-b08 mixed mode linux-amd64 compressed oops)
Heap:
 PSYoungGen      total 18432K, used 13848K [0x00000000ebf00000, 0x00000000ee600000, 0x0000000100000000)
  eden space 15872K, 71% used [0x00000000ebf00000,0x00000000eca0af68,0x00000000ece80000)
  from space 2560K, 99% used [0x00000000ece80000,0x00000000ed0fb198,0x00000000ed100000)
  to   space 7680K, 0% used [0x00000000ede80000,0x00000000ede80000,0x00000000ee600000)
 ParOldGen       total 38912K, used 11354K [0x00000000c3c00000, 0x00000000c6200000, 0x00000000ebf00000)
  object space 38912K, 29% used [0x00000000c3c00000,0x00000000c4716bd8,0x00000000c6200000)
 Metaspace       used 26350K, capacity 27444K, committed 27648K, reserved 1073152K
  class space    used 3538K, capacity 3802K, committed 3840K, reserved 1048576K
GC Heap History (10 events):
Event: 1.500 GC heap before
{Heap before GC invocations=2 (full 0):
 PSYoungGen      total 18432K, used 17544K [0x00000000ebf00000, 0x00000000ed380000, 0x0000000100000000)
  eden space 15872K, 100% used [0x00000000ebf00000,0x00000000ece80000,0x00000000ece80000)
  from space 2560K, 65% used [0x00000000ece80000,0x00000000ed0223a8,0x00000000ed100000)
  to   space 2560K, 0% used [0x00000000ed100000,0x00000000ed100000,0x00000000ed380000)
 ParOldGen       total 42496K, used 8K [0x00000000c3c00000, 0x00000000c6580000, 0x00000000ebf00000)
  object space 42496K, 0% used [0x00000000c3c00000,0x00000000c3c02000,0x00000000c6580000)
 Metaspace       used 13603K, capacity 14038K, committed 14080K, reserved 1060864K
  class space    used 1842K, capacity 2007K, committed 2048K, reserved 1048576K
Event: 1.511 GC heap after
Heap after GC invocations=2 (full 0):
 PSYoungGen      total 18432K, used 2528K [0x00000000ebf00000, 0x00000000ee300000, 0x0000000100000000)
  eden space 15872K, 0% used [0x00000000ebf00000,0x00000000ebf00000,0x00000000ece80000)
  from space 2560K, 98% used [0x00000000ed100000,0x00000000ed378020,0x00000000ed380000)
  to   space 2560K, 0% used [0x00000000ece80000,0x00000000ece80000,0x00000000ed100000)
 ParOldGen       total 42496K, used 2423K [0x00000000c3c00000, 0x00000000c6580000, 0x00000000ebf00000)
  object space 42496K, 5% used [0x00000000c3c00000,0x00000000c3e5df18,0x00000000c6580000)
 Metaspace       used 13603K, capacity 14038K, committed 14080K, reserved 1060864K
  class space    used 1842K, capacity 2007K, committed 2048K, reserved 1048576K
}
Event: 8.110 GC heap before
{Heap before GC invocations=3 (full 0):
 PSYoungGen      total 18432K, used 18400K [0x00000000ebf00000, 0x00000000ee300000, 0x0000000100000000)
  eden space 15872K, 100% used [0x00000000ebf00000,0x00000000ece80000,0x00000000ece80000)
  from space 2560K, 98% used [0x00000000ed100000,0x00000000ed378020,0x00000000ed380000)
  to   space 2560K, 0% used [0x00000000ece80000,0x00000000ece80000,0x00000000ed100000)
 ParOldGen       total 42496K, used 2423K [0x00000000c3c00000, 0x00000000c6580000, 0x00000000ebf00000)
  object space 42496K, 5% used [0x00000000c3c00000,0x00000000c3e5df18,0x00000000c6580000)
 Metaspace       used 18669K, capacity 19430K, committed 19712K, reserved 1067008K
  class space    used 2542K, capacity 2735K, committed 2816K, reserved 1048576K
Event: 8.123 GC heap after
Heap after GC invocations=3 (full 0):
 PSYoungGen      total 18432K, used 2533K [0x00000000ebf00000, 0x00000000ed380000, 0x0000000100000000)
  eden space 15872K, 0% used [0x00000000ebf00000,0x00000000ebf00000,0x00000000ece80000)
  from space 2560K, 98% used [0x00000000ece80000,0x00000000ed0f9648,0x00000000ed100000)
  to   space 2560K, 0% used [0x00000000ed100000,0x00000000ed100000,0x00000000ed380000)
 ParOldGen       total 42496K, used 6219K [0x00000000c3c00000, 0x00000000c6580000, 0x00000000ebf00000)
  object space 42496K, 14% used [0x00000000c3c00000,0x00000000c4212f18,0x00000000c6580000)
 Metaspace       used 18669K, capacity 19430K, committed 19712K, reserved 1067008K
  class space    used 2542K, capacity 2735K, committed 2816K, reserved 1048576K
}
Event: 8.344 GC heap before
{Heap before GC invocations=4 (full 0):
 PSYoungGen      total 18432K, used 9775K [0x00000000ebf00000, 0x00000000ed380000, 0x0000000100000000)
  eden space 15872K, 45% used [0x00000000ebf00000,0x00000000ec612718,0x00000000ece80000)
  from space 2560K, 98% used [0x00000000ece80000,0x00000000ed0f9648,0x00000000ed100000)
  to   space 2560K, 0% used [0x00000000ed100000,0x00000000ed100000,0x00000000ed380000)
 ParOldGen       total 42496K, used 6219K [0x00000000c3c00000, 0x00000000c6580000, 0x00000000ebf00000)
  object space 42496K, 14% used [0x00000000c3c00000,0x00000000c4212f18,0x00000000c6580000)
 Metaspace       used 20343K, capacity 21138K, committed 21296K, reserved 1067008K
  class space    used 2735K, capacity 2937K, committed 2944K, reserved 1048576K
Event: 8.353 GC heap after
Heap after GC invocations=4 (full 0):
 PSYoungGen      total 18432K, used 2554K [0x00000000ebf00000, 0x00000000ee300000, 0x0000000100000000)
  eden space 15872K, 0% used [0x00000000ebf00000,0x00000000ebf00000,0x00000000ece80000)
  from space 2560K, 99% used [0x00000000ed100000,0x00000000ed37eb30,0x00000000ed380000)
  to   space 2560K, 0% used [0x00000000ece80000,0x00000000ece80000,0x00000000ed100000)
 ParOldGen       total 42496K, used 8558K [0x00000000c3c00000, 0x00000000c6580000, 0x00000000ebf00000)
  object space 42496K, 20% used [0x00000000c3c00000,0x00000000c445bb48,0x00000000c6580000)
 Metaspace       used 20343K, capacity 21138K, committed 21296K, reserved 1067008K
  class space    used 2735K, capacity 2937K, committed 2944K, reserved 1048576K
}
Event: 8.353 GC heap before
{Heap before GC invocations=5 (full 1):
 PSYoungGen      total 18432K, used 2554K [0x00000000ebf00000, 0x00000000ee300000, 0x0000000100000000)
  eden space 15872K, 0% used [0x00000000ebf00000,0x00000000ebf00000,0x00000000ece80000)
  from space 2560K, 99% used [0x00000000ed100000,0x00000000ed37eb30,0x00000000ed380000)
  to   space 2560K, 0% used [0x00000000ece80000,0x00000000ece80000,0x00000000ed100000)
 ParOldGen       total 42496K, used 8558K [0x00000000c3c00000, 0x00000000c6580000, 0x00000000ebf00000)
  object space 42496K, 20% used [0x00000000c3c00000,0x00000000c445bb48,0x00000000c6580000)
 Metaspace       used 20343K, capacity 21138K, committed 21296K, reserved 1067008K
  class space    used 2735K, capacity 2937K, committed 2944K, reserved 1048576K
Event: 8.449 GC heap after
Heap after GC invocations=5 (full 1):
 PSYoungGen      total 18432K, used 0K [0x00000000ebf00000, 0x00000000ee300000, 0x0000000100000000)
  eden space 15872K, 0% used [0x00000000ebf00000,0x00000000ebf00000,0x00000000ece80000)
  from space 2560K, 0% used [0x00000000ed100000,0x00000000ed100000,0x00000000ed380000)
  to   space 2560K, 0% used [0x00000000ece80000,0x00000000ece80000,0x00000000ed100000)
 ParOldGen       total 38912K, used 10919K [0x00000000c3c00000, 0x00000000c6200000, 0x00000000ebf00000)
  object space 38912K, 28% used [0x00000000c3c00000,0x00000000c46a9e80,0x00000000c6200000)
 Metaspace       used 20343K, capacity 21138K, committed 21296K, reserved 1067008K
  class space    used 2735K, capacity 2937K, committed 2944K, reserved 1048576K
}
Event: 9.111 GC heap before
{Heap before GC invocations=6 (full 1):
 PSYoungGen      total 18432K, used 15872K [0x00000000ebf00000, 0x00000000ee300000, 0x0000000100000000)
  eden space 15872K, 100% used [0x00000000ebf00000,0x00000000ece80000,0x00000000ece80000)
  from space 2560K, 0% used [0x00000000ed100000,0x00000000ed100000,0x00000000ed380000)
  to   space 2560K, 0% used [0x00000000ece80000,0x00000000ece80000,0x00000000ed100000)
 ParOldGen       total 38912K, used 10919K [0x00000000c3c00000, 0x00000000c6200000, 0x00000000ebf00000)
  object space 38912K, 28% used [0x00000000c3c00000,0x00000000c46a9e80,0x00000000c6200000)
 Metaspace       used 23055K, capacity 23886K, committed 24064K, reserved 1071104K
  class space    used 3043K, capacity 3227K, committed 3328K, reserved 1048576K
Event: 9.116 GC heap after
Heap after GC invocations=6 (full 1):
 PSYoungGen      total 18432K, used 2540K [0x00000000ebf00000, 0x00000000ee600000, 0x0000000100000000)
  eden space 15872K, 0% used [0x00000000ebf00000,0x00000000ebf00000,0x00000000ece80000)
  from space 2560K, 99% used [0x00000000ece80000,0x00000000ed0fb198,0x00000000ed100000)
  to   space 7680K, 0% used [0x00000000ede80000,0x00000000ede80000,0x00000000ee600000)
 ParOldGen       total 38912K, used 11354K [0x00000000c3c00000, 0x00000000c6200000, 0x00000000ebf00000)
  object space 38912K, 29% used [0x00000000c3c00000,0x00000000c4716bd8,0x00000000c6200000)
 Metaspace       used 23055K, capacity 23886K, committed 24064K, reserved 1071104K
  class space    used 3043K, capacity 3227K, committed 3328K, reserved 1048576K
}

