# JRE version: Java(TM) SE Runtime Environment (8.0_251-b08) (build 1.8.0_251-b08)
# Java VM: Java HotSpot(TM) 64-Bit Server VM (25.251-b08 mixed mode linux-amd64 compressed oops)
Heap:
 PSYoungGen      total 18432K, used 10454K [0x00000000ebf00000, 0x00000000edd80000, 0x0000000100000000)
  eden space 15872K, 49% used [0x00000000ebf00000,0x00000000ec6bc0b8,0x00000000ece80000)
  from space 2560K, 98% used [0x00000000ed100000,0x00000000ed3797c0,0x00000000ed380000)
  to   space 2560K, 0% used [0x00000000ece80000,0x00000000ece80000,0x00000000ed100000)
 ParOldGen       total 37888K, used 10765K [0x00000000c3c00000, 0x00000000c6100000, 0x00000000ebf00000)
  object space 37888K, 28% used [0x00000000c3c00000,0x00000000c4683788,0x00000000c6100000)
 Metaspace       used 24850K, capacity 25816K, committed 26112K, reserved 1071104K
  class space    used 3298K, capacity 3532K, committed 3584K, reserved 1048576K
GC Heap History (10 events):
Event: 1.034 GC heap before
{Heap before GC invocations=1 (full 0):
 PSYoungGen      total 18432K, used 15872K [0x00000000ebf00000, 0x00000000ed380000, 0x0000000100000000)
  eden space 15872K, 100% used [0x00000000ebf00000,0x00000000ece80000,0x00000000ece80000)
  from space 2560K, 0% used [0x00000000ed100000,0x00000000ed100000,0x00000000ed380000)
  to   space 2560K, 0% used [0x00000000ece80000,0x00000000ece80000,0x00000000ed100000)
 ParOldGen       total 42496K, used 0K [0x00000000c3c00000, 0x00000000c6580000, 0x00000000ebf00000)
  object space 42496K, 0% used [0x00000000c3c00000,0x00000000c3c00000,0x00000000c6580000)
 Metaspace       used 9758K, capacity 10202K, committed 10368K, reserved 1058816K
  class space    used 1215K, capacity 1345K, committed 1408K, reserved 1048576K
Event: 1.045 GC heap after
Heap after GC invocations=1 (full 0):
 PSYoungGen      total 18432K, used 2544K [0x00000000ebf00000, 0x00000000ed380000, 0x0000000100000000)
  eden space 15872K, 0% used [0x00000000ebf00000,0x00000000ebf00000,0x00000000ece80000)
  from space 2560K, 99% used [0x00000000ece80000,0x00000000ed0fc060,0x00000000ed100000)
  to   space 2560K, 0% used [0x00000000ed100000,0x00000000ed100000,0x00000000ed380000)
 ParOldGen       total 42496K, used 782K [0x00000000c3c00000, 0x00000000c6580000, 0x00000000ebf00000)
  object space 42496K, 1% used [0x00000000c3c00000,0x00000000c3cc38f0,0x00000000c6580000)
 Metaspace       used 9758K, capacity 10202K, committed 10368K, reserved 1058816K
  class space    used 1215K, capacity 1345K, committed 1408K, reserved 1048576K
}
Event: 2.175 GC heap before
{Heap before GC invocations=2 (full 0):
 PSYoungGen      total 18432K, used 18416K [0x00000000ebf00000, 0x00000000ed380000, 0x0000000100000000)
  eden space 15872K, 100% used [0x00000000ebf00000,0x00000000ece80000,0x00000000ece80000)
  from space 2560K, 99% used [0x00000000ece80000,0x00000000ed0fc060,0x00000000ed100000)
  to   space 2560K, 0% used [0x00000000ed100000,0x00000000ed100000,0x00000000ed380000)
 ParOldGen       total 42496K, used 782K [0x00000000c3c00000, 0x00000000c6580000, 0x00000000ebf00000)
  object space 42496K, 1% used [0x00000000c3c00000,0x00000000c3cc38f0,0x00000000c6580000)
 Metaspace       used 15794K, capacity 16436K, committed 16640K, reserved 1062912K
  class space    used 2270K, capacity 2456K, committed 2560K, reserved 1048576K
Event: 2.188 GC heap after
Heap after GC invocations=2 (full 0):
 PSYoungGen      total 18432K, used 2549K [0x00000000ebf00000, 0x00000000ee300000, 0x0000000100000000)
  eden space 15872K, 0% used [0x00000000ebf00000,0x00000000ebf00000,0x00000000ece80000)
  from space 2560K, 99% used [0x00000000ed100000,0x00000000ed37d648,0x00000000ed380000)
  to   space 2560K, 0% used [0x00000000ece80000,0x00000000ece80000,0x00000000ed100000)
 ParOldGen       total 42496K, used 4134K [0x00000000c3c00000, 0x00000000c6580000, 0x00000000ebf00000)
  object space 42496K, 9% used [0x00000000c3c00000,0x00000000c4009ba0,0x00000000c6580000)
 Metaspace       used 15794K, capacity 16436K, committed 16640K, reserved 1062912K
  class space    used 2270K, capacity 2456K, committed 2560K, reserved 1048576K
}
Event: 18.341 GC heap before
{Heap before GC invocations=3 (full 0):
 PSYoungGen      total 18432K, used 14875K [0x00000000ebf00000, 0x00000000ee300000, 0x0000000100000000)
  eden space 15872K, 77% used [0x00000000ebf00000,0x00000000ecb09620,0x00000000ece80000)
  from space 2560K, 99% used [0x00000000ed100000,0x00000000ed37d648,0x00000000ed380000)
  to   space 2560K, 0% used [0x00000000ece80000,0x00000000ece80000,0x00000000ed100000)
 ParOldGen       total 42496K, used 4134K [0x00000000c3c00000, 0x00000000c6580000, 0x00000000ebf00000)
  object space 42496K, 9% used [0x00000000c3c00000,0x00000000c4009ba0,0x00000000c6580000)
 Metaspace       used 20401K, capacity 21200K, committed 21296K, reserved 1067008K
  class space    used 2736K, capacity 2942K, committed 2944K, reserved 1048576K
Event: 18.357 GC heap after
Heap after GC invocations=3 (full 0):
 PSYoungGen      total 18432K, used 2549K [0x00000000ebf00000, 0x00000000ed380000, 0x0000000100000000)
  eden space 15872K, 0% used [0x00000000ebf00000,0x00000000ebf00000,0x00000000ece80000)
  from space 2560K, 99% used [0x00000000ece80000,0x00000000ed0fd648,0x00000000ed100000)
  to   space 2560K, 0% used [0x00000000ed100000,0x00000000ed100000,0x00000000ed380000)
 ParOldGen       total 42496K, used 7769K [0x00000000c3c00000, 0x00000000c6580000, 0x00000000ebf00000)
  object space 42496K, 18% used [0x00000000c3c00000,0x00000000c4396638,0x00000000c6580000)
 Metaspace       used 20401K, capacity 21200K, committed 21296K, reserved 1067008K
  class space    used 2736K, capacity 2942K, committed 2944K, reserved 1048576K
}
Event: 18.357 GC heap before
{Heap before GC invocations=4 (full 1):
 PSYoungGen      total 18432K, used 2549K [0x00000000ebf00000, 0x00000000ed380000, 0x0000000100000000)
  eden space 15872K, 0% used [0x00000000ebf00000,0x00000000ebf00000,0x00000000ece80000)
  from space 2560K, 99% used [0x00000000ece80000,0x00000000ed0fd648,0x00000000ed100000)
  to   space 2560K, 0% used [0x00000000ed100000,0x00000000ed100000,0x00000000ed380000)
 ParOldGen       total 42496K, used 7769K [0x00000000c3c00000, 0x00000000c6580000, 0x00000000ebf00000)
  object space 42496K, 18% used [0x00000000c3c00000,0x00000000c4396638,0x00000000c6580000)
 Metaspace       used 20401K, capacity 21200K, committed 21296K, reserved 1067008K
  class space    used 2736K, capacity 2942K, committed 2944K, reserved 1048576K
Event: 18.443 GC heap after
Heap after GC invocations=4 (full 1):
 PSYoungGen      total 18432K, used 0K [0x00000000ebf00000, 0x00000000ed380000, 0x0000000100000000)
  eden space 15872K, 0% used [0x00000000ebf00000,0x00000000ebf00000,0x00000000ece80000)
  from space 2560K, 0% used [0x00000000ece80000,0x00000000ece80000,0x00000000ed100000)
  to   space 2560K, 0% used [0x00000000ed100000,0x00000000ed100000,0x00000000ed380000)
 ParOldGen       total 37888K, used 10048K [0x00000000c3c00000, 0x00000000c6100000, 0x00000000ebf00000)
  object space 37888K, 26% used [0x00000000c3c00000,0x00000000c45d02a0,0x00000000c6100000)
 Metaspace       used 20401K, capacity 21200K, committed 21296K, reserved 1067008K
  class space    used 2736K, capacity 2942K, committed 2944K, reserved 1048576K
}
Event: 18.979 GC heap before
{Heap before GC invocations=5 (full 1):
 PSYoungGen      total 18432K, used 15872K [0x00000000ebf00000, 0x00000000ed380000, 0x0000000100000000)
  eden space 15872K, 100% used [0x00000000ebf00000,0x00000000ece80000,0x00000000ece80000)
  from space 2560K, 0% used [0x00000000ece80000,0x00000000ece80000,0x00000000ed100000)
  to   space 2560K, 0% used [0x00000000ed100000,0x00000000ed100000,0x00000000ed380000)
 ParOldGen       total 37888K, used 10048K [0x00000000c3c00000, 0x00000000c6100000, 0x00000000ebf00000)
  object space 37888K, 26% used [0x00000000c3c00000,0x00000000c45d02a0,0x00000000c6100000)
 Metaspace       used 22763K, capacity 23592K, committed 23808K, reserved 1069056K
  class space    used 2997K, capacity 3216K, committed 3328K, reserved 1048576K
Event: 18.984 GC heap after
Heap after GC invocations=5 (full 1):
 PSYoungGen      total 18432K, used 2533K [0x00000000ebf00000, 0x00000000edd80000, 0x0000000100000000)
  eden space 15872K, 0% used [0x00000000ebf00000,0x00000000ebf00000,0x00000000ece80000)
  from space 2560K, 98% used [0x00000000ed100000,0x00000000ed3797c0,0x00000000ed380000)
  to   space 2560K, 0% used [0x00000000ece80000,0x00000000ece80000,0x00000000ed100000)
 ParOldGen       total 37888K, used 10765K [0x00000000c3c00000, 0x00000000c6100000, 0x00000000ebf00000)
  object space 37888K, 28% used [0x00000000c3c00000,0x00000000c4683788,0x00000000c6100000)
 Metaspace       used 22763K, capacity 23592K, committed 23808K, reserved 1069056K
  class space    used 2997K, capacity 3216K, committed 3328K, reserved 1048576K
}

