# JRE version: Java(TM) SE Runtime Environment (8.0_251-b08) (build 1.8.0_251-b08)
# Java VM: Java HotSpot(TM) 64-Bit Server VM (25.251-b08 mixed mode linux-amd64 compressed oops)
Heap:
 PSYoungGen      total 18432K, used 14517K [0x00000000ebf00000, 0x00000000ee880000, 0x0000000100000000)
  eden space 15872K, 75% used [0x00000000ebf00000,0x00000000ecab43b8,0x00000000ece80000)
  from space 2560K, 98% used [0x00000000ece80000,0x00000000ed0f9100,0x00000000ed100000)
  to   space 7680K, 0% used [0x00000000ee100000,0x00000000ee100000,0x00000000ee880000)
 ParOldGen       total 36352K, used 11526K [0x00000000c3c00000, 0x00000000c5f80000, 0x00000000ebf00000)
  object space 36352K, 31% used [0x00000000c3c00000,0x00000000c4741890,0x00000000c5f80000)
 Metaspace       used 26499K, capacity 27520K, committed 27648K, reserved 1073152K
  class space    used 3537K, capacity 3802K, committed 3840K, reserved 1048576K
GC Heap History (10 events):
Event: 1.497 GC heap before
{Heap before GC invocations=2 (full 0):
 PSYoungGen      total 18432K, used 17752K [0x00000000ebf00000, 0x00000000ed380000, 0x0000000100000000)
  eden space 15872K, 100% used [0x00000000ebf00000,0x00000000ece80000,0x00000000ece80000)
  from space 2560K, 73% used [0x00000000ece80000,0x00000000ed0563b8,0x00000000ed100000)
  to   space 2560K, 0% used [0x00000000ed100000,0x00000000ed100000,0x00000000ed380000)
 ParOldGen       total 42496K, used 8K [0x00000000c3c00000, 0x00000000c6580000, 0x00000000ebf00000)
  object space 42496K, 0% used [0x00000000c3c00000,0x00000000c3c02000,0x00000000c6580000)
 Metaspace       used 13270K, capacity 13686K, committed 14080K, reserved 1060864K
  class space    used 1777K, capacity 1933K, committed 2048K, reserved 1048576K
Event: 1.507 GC heap after
Heap after GC invocations=2 (full 0):
 PSYoungGen      total 18432K, used 2544K [0x00000000ebf00000, 0x00000000ed380000, 0x0000000100000000)
  eden space 15872K, 0% used [0x00000000ebf00000,0x00000000ebf00000,0x00000000ece80000)
  from space 2560K, 99% used [0x00000000ed100000,0x00000000ed37c030,0x00000000ed380000)
  to   space 2560K, 0% used [0x00000000ece80000,0x00000000ece80000,0x00000000ed100000)
 ParOldGen       total 42496K, used 2532K [0x00000000c3c00000, 0x00000000c6580000, 0x00000000ebf00000)
  object space 42496K, 5% used [0x00000000c3c00000,0x00000000c3e79080,0x00000000c6580000)
 Metaspace       used 13270K, capacity 13686K, committed 14080K, reserved 1060864K
  class space    used 1777K, capacity 1933K, committed 2048K, reserved 1048576K
}
Event: 20.777 GC heap before
{Heap before GC invocations=3 (full 0):
 PSYoungGen      total 18432K, used 18416K [0x00000000ebf00000, 0x00000000ed380000, 0x0000000100000000)
  eden space 15872K, 100% used [0x00000000ebf00000,0x00000000ece80000,0x00000000ece80000)
  from space 2560K, 99% used [0x00000000ed100000,0x00000000ed37c030,0x00000000ed380000)
  to   space 2560K, 0% used [0x00000000ece80000,0x00000000ece80000,0x00000000ed100000)
 ParOldGen       total 42496K, used 2532K [0x00000000c3c00000, 0x00000000c6580000, 0x00000000ebf00000)
  object space 42496K, 5% used [0x00000000c3c00000,0x00000000c3e79080,0x00000000c6580000)
 Metaspace       used 18073K, capacity 18842K, committed 19072K, reserved 1064960K
  class space    used 2473K, capacity 2665K, committed 2688K, reserved 1048576K
Event: 20.793 GC heap after
Heap after GC invocations=3 (full 0):
 PSYoungGen      total 18432K, used 2554K [0x00000000ebf00000, 0x00000000ed380000, 0x0000000100000000)
  eden space 15872K, 0% used [0x00000000ebf00000,0x00000000ebf00000,0x00000000ece80000)
  from space 2560K, 99% used [0x00000000ece80000,0x00000000ed0feb50,0x00000000ed100000)
  to   space 2560K, 0% used [0x00000000ed100000,0x00000000ed100000,0x00000000ed380000)
 ParOldGen       total 42496K, used 5868K [0x00000000c3c00000, 0x00000000c6580000, 0x00000000ebf00000)
  object space 42496K, 13% used [0x00000000c3c00000,0x00000000c41bb288,0x00000000c6580000)
 Metaspace       used 18073K, capacity 18842K, committed 19072K, reserved 1064960K
  class space    used 2473K, capacity 2665K, committed 2688K, reserved 1048576K
}
Event: 21.074 GC heap before
{Heap before GC invocations=4 (full 0):
 PSYoungGen      total 18432K, used 12157K [0x00000000ebf00000, 0x00000000ed380000, 0x0000000100000000)
  eden space 15872K, 60% used [0x00000000ebf00000,0x00000000ec860b98,0x00000000ece80000)
  from space 2560K, 99% used [0x00000000ece80000,0x00000000ed0feb50,0x00000000ed100000)
  to   space 2560K, 0% used [0x00000000ed100000,0x00000000ed100000,0x00000000ed380000)
 ParOldGen       total 42496K, used 5868K [0x00000000c3c00000, 0x00000000c6580000, 0x00000000ebf00000)
  object space 42496K, 13% used [0x00000000c3c00000,0x00000000c41bb288,0x00000000c6580000)
 Metaspace       used 20443K, capacity 21206K, committed 21296K, reserved 1067008K
  class space    used 2735K, capacity 2937K, committed 2944K, reserved 1048576K
Event: 21.084 GC heap after
Heap after GC invocations=4 (full 0):
 PSYoungGen      total 18432K, used 2533K [0x00000000ebf00000, 0x00000000ee300000, 0x0000000100000000)
  eden space 15872K, 0% used [0x00000000ebf00000,0x00000000ebf00000,0x00000000ece80000)
  from space 2560K, 98% used [0x00000000ed100000,0x00000000ed379668,0x00000000ed380000)
  to   space 2560K, 0% used [0x00000000ece80000,0x00000000ece80000,0x00000000ed100000)
 ParOldGen       total 42496K, used 8778K [0x00000000c3c00000, 0x00000000c6580000, 0x00000000ebf00000)
  object space 42496K, 20% used [0x00000000c3c00000,0x00000000c4492a78,0x00000000c6580000)
 Metaspace       used 20443K, capacity 21206K, committed 21296K, reserved 1067008K
  class space    used 2735K, capacity 2937K, committed 2944K, reserved 1048576K
}
Event: 21.084 GC heap before
{Heap before GC invocations=5 (full 1):
 PSYoungGen      total 18432K, used 2533K [0x00000000ebf00000, 0x00000000ee300000, 0x0000000100000000)
  eden space 15872K, 0% used [0x00000000ebf00000,0x00000000ebf00000,0x00000000ece80000)
  from space 2560K, 98% used [0x00000000ed100000,0x00000000ed379668,0x00000000ed380000)
  to   space 2560K, 0% used [0x00000000ece80000,0x00000000ece80000,0x00000000ed100000)
 ParOldGen       total 42496K, used 8778K [0x00000000c3c00000, 0x00000000c6580000, 0x00000000ebf00000)
  object space 42496K, 20% used [0x00000000c3c00000,0x00000000c4492a78,0x00000000c6580000)
 Metaspace       used 20443K, capacity 21206K, committed 21296K, reserved 1067008K
  class space    used 2735K, capacity 2937K, committed 2944K, reserved 1048576K
Event: 21.184 GC heap after
Heap after GC invocations=5 (full 1):
 PSYoungGen      total 18432K, used 0K [0x00000000ebf00000, 0x00000000ee300000, 0x0000000100000000)
  eden space 15872K, 0% used [0x00000000ebf00000,0x00000000ebf00000,0x00000000ece80000)
  from space 2560K, 0% used [0x00000000ed100000,0x00000000ed100000,0x00000000ed380000)
  to   space 2560K, 0% used [0x00000000ece80000,0x00000000ece80000,0x00000000ed100000)
 ParOldGen       total 36352K, used 11082K [0x00000000c3c00000, 0x00000000c5f80000, 0x00000000ebf00000)
  object space 36352K, 30% used [0x00000000c3c00000,0x00000000c46d2b38,0x00000000c5f80000)
 Metaspace       used 20443K, capacity 21206K, committed 21296K, reserved 1067008K
  class space    used 2735K, capacity 2937K, committed 2944K, reserved 1048576K
}
Event: 21.866 GC heap before
{Heap before GC invocations=6 (full 1):
 PSYoungGen      total 18432K, used 15872K [0x00000000ebf00000, 0x00000000ee300000, 0x0000000100000000)
  eden space 15872K, 100% used [0x00000000ebf00000,0x00000000ece80000,0x00000000ece80000)
  from space 2560K, 0% used [0x00000000ed100000,0x00000000ed100000,0x00000000ed380000)
  to   space 2560K, 0% used [0x00000000ece80000,0x00000000ece80000,0x00000000ed100000)
 ParOldGen       total 36352K, used 11082K [0x00000000c3c00000, 0x00000000c5f80000, 0x00000000ebf00000)
  object space 36352K, 30% used [0x00000000c3c00000,0x00000000c46d2b38,0x00000000c5f80000)
 Metaspace       used 23120K, capacity 23950K, committed 24064K, reserved 1071104K
  class space    used 3037K, capacity 3227K, committed 3328K, reserved 1048576K
Event: 21.872 GC heap after
Heap after GC invocations=6 (full 1):
 PSYoungGen      total 18432K, used 2532K [0x00000000ebf00000, 0x00000000ee880000, 0x0000000100000000)
  eden space 15872K, 0% used [0x00000000ebf00000,0x00000000ebf00000,0x00000000ece80000)
  from space 2560K, 98% used [0x00000000ece80000,0x00000000ed0f9100,0x00000000ed100000)
  to   space 7680K, 0% used [0x00000000ee100000,0x00000000ee100000,0x00000000ee880000)
 ParOldGen       total 36352K, used 11526K [0x00000000c3c00000, 0x00000000c5f80000, 0x00000000ebf00000)
  object space 36352K, 31% used [0x00000000c3c00000,0x00000000c4741890,0x00000000c5f80000)
 Metaspace       used 23120K, capacity 23950K, committed 24064K, reserved 1071104K
  class space    used 3037K, capacity 3227K, committed 3328K, reserved 1048576K
}

