# JRE version: Java(TM) SE Runtime Environment (8.0_251-b08) (build 1.8.0_251-b08)
# Java VM: Java HotSpot(TM) 64-Bit Server VM (25.251-b08 mixed mode linux-amd64 compressed oops)
Heap:
 PSYoungGen      total 18432K, used 6990K [0x00000000ebf00000, 0x00000000ee680000, 0x0000000100000000)
  eden space 15872K, 27% used [0x00000000ebf00000,0x00000000ec355fd8,0x00000000ece80000)
  from space 2560K, 99% used [0x00000000ece80000,0x00000000ed0fd900,0x00000000ed100000)
  to   space 7680K, 0% used [0x00000000edf00000,0x00000000edf00000,0x00000000ee680000)
 ParOldGen       total 38400K, used 11341K [0x00000000c3c00000, 0x00000000c6180000, 0x00000000ebf00000)
  object space 38400K, 29% used [0x00000000c3c00000,0x00000000c47136d8,0x00000000c6180000)
 Metaspace       used 24697K, capacity 25648K, committed 25856K, reserved 1071104K
  class space    used 3290K, capacity 3522K, committed 3584K, reserved 1048576K
GC Heap History (10 events):
Event: 1.627 GC heap before
{Heap before GC invocations=2 (full 0):
 PSYoungGen      total 18432K, used 17576K [0x00000000ebf00000, 0x00000000ed380000, 0x0000000100000000)
  eden space 15872K, 100% used [0x00000000ebf00000,0x00000000ece80000,0x00000000ece80000)
  from space 2560K, 66% used [0x00000000ece80000,0x00000000ed02a3a8,0x00000000ed100000)
  to   space 2560K, 0% used [0x00000000ed100000,0x00000000ed100000,0x00000000ed380000)
 ParOldGen       total 42496K, used 8K [0x00000000c3c00000, 0x00000000c6580000, 0x00000000ebf00000)
  object space 42496K, 0% used [0x00000000c3c00000,0x00000000c3c02000,0x00000000c6580000)
 Metaspace       used 13649K, capacity 14088K, committed 14336K, reserved 1060864K
  class space    used 1842K, capacity 2006K, committed 2048K, reserved 1048576K
Event: 1.640 GC heap after
Heap after GC invocations=2 (full 0):
 PSYoungGen      total 18432K, used 2528K [0x00000000ebf00000, 0x00000000ed380000, 0x0000000100000000)
  eden space 15872K, 0% used [0x00000000ebf00000,0x00000000ebf00000,0x00000000ece80000)
  from space 2560K, 98% used [0x00000000ed100000,0x00000000ed378020,0x00000000ed380000)
  to   space 2560K, 0% used [0x00000000ece80000,0x00000000ece80000,0x00000000ed100000)
 ParOldGen       total 42496K, used 2431K [0x00000000c3c00000, 0x00000000c6580000, 0x00000000ebf00000)
  object space 42496K, 5% used [0x00000000c3c00000,0x00000000c3e5fef8,0x00000000c6580000)
 Metaspace       used 13649K, capacity 14088K, committed 14336K, reserved 1060864K
  class space    used 1842K, capacity 2006K, committed 2048K, reserved 1048576K
}
Event: 8.336 GC heap before
{Heap before GC invocations=3 (full 0):
 PSYoungGen      total 18432K, used 18400K [0x00000000ebf00000, 0x00000000ed380000, 0x0000000100000000)
  eden space 15872K, 100% used [0x00000000ebf00000,0x00000000ece80000,0x00000000ece80000)
  from space 2560K, 98% used [0x00000000ed100000,0x00000000ed378020,0x00000000ed380000)
  to   space 2560K, 0% used [0x00000000ece80000,0x00000000ece80000,0x00000000ed100000)
 ParOldGen       total 42496K, used 2431K [0x00000000c3c00000, 0x00000000c6580000, 0x00000000ebf00000)
  object space 42496K, 5% used [0x00000000c3c00000,0x00000000c3e5fef8,0x00000000c6580000)
 Metaspace       used 18688K, capacity 19482K, committed 19712K, reserved 1067008K
  class space    used 2542K, capacity 2735K, committed 2816K, reserved 1048576K
Event: 8.347 GC heap after
Heap after GC invocations=3 (full 0):
 PSYoungGen      total 18432K, used 2554K [0x00000000ebf00000, 0x00000000ed380000, 0x0000000100000000)
  eden space 15872K, 0% used [0x00000000ebf00000,0x00000000ebf00000,0x00000000ece80000)
  from space 2560K, 99% used [0x00000000ece80000,0x00000000ed0feb20,0x00000000ed100000)
  to   space 2560K, 0% used [0x00000000ed100000,0x00000000ed100000,0x00000000ed380000)
 ParOldGen       total 42496K, used 6124K [0x00000000c3c00000, 0x00000000c6580000, 0x00000000ebf00000)
  object space 42496K, 14% used [0x00000000c3c00000,0x00000000c41fb2d0,0x00000000c6580000)
 Metaspace       used 18688K, capacity 19482K, committed 19712K, reserved 1067008K
  class space    used 2542K, capacity 2735K, committed 2816K, reserved 1048576K
}
Event: 8.565 GC heap before
{Heap before GC invocations=4 (full 0):
 PSYoungGen      total 18432K, used 9856K [0x00000000ebf00000, 0x00000000ed380000, 0x0000000100000000)
  eden space 15872K, 46% used [0x00000000ebf00000,0x00000000ec621610,0x00000000ece80000)
  from space 2560K, 99% used [0x00000000ece80000,0x00000000ed0feb20,0x00000000ed100000)
  to   space 2560K, 0% used [0x00000000ed100000,0x00000000ed100000,0x00000000ed380000)
 ParOldGen       total 42496K, used 6124K [0x00000000c3c00000, 0x00000000c6580000, 0x00000000ebf00000)
  object space 42496K, 14% used [0x00000000c3c00000,0x00000000c41fb2d0,0x00000000c6580000)
 Metaspace       used 20374K, capacity 21126K, committed 21296K, reserved 1067008K
  class space    used 2735K, capacity 2937K, committed 2944K, reserved 1048576K
Event: 8.575 GC heap after
Heap after GC invocations=4 (full 0):
 PSYoungGen      total 18432K, used 2554K [0x00000000ebf00000, 0x00000000ee300000, 0x0000000100000000)
  eden space 15872K, 0% used [0x00000000ebf00000,0x00000000ebf00000,0x00000000ece80000)
  from space 2560K, 99% used [0x00000000ed100000,0x00000000ed37eb20,0x00000000ed380000)
  to   space 2560K, 0% used [0x00000000ece80000,0x00000000ece80000,0x00000000ed100000)
 ParOldGen       total 42496K, used 8549K [0x00000000c3c00000, 0x00000000c6580000, 0x00000000ebf00000)
  object space 42496K, 20% used [0x00000000c3c00000,0x00000000c4459710,0x00000000c6580000)
 Metaspace       used 20374K, capacity 21126K, committed 21296K, reserved 1067008K
  class space    used 2735K, capacity 2937K, committed 2944K, reserved 1048576K
}
Event: 8.575 GC heap before
{Heap before GC invocations=5 (full 1):
 PSYoungGen      total 18432K, used 2554K [0x00000000ebf00000, 0x00000000ee300000, 0x0000000100000000)
  eden space 15872K, 0% used [0x00000000ebf00000,0x00000000ebf00000,0x00000000ece80000)
  from space 2560K, 99% used [0x00000000ed100000,0x00000000ed37eb20,0x00000000ed380000)
  to   space 2560K, 0% used [0x00000000ece80000,0x00000000ece80000,0x00000000ed100000)
 ParOldGen       total 42496K, used 8549K [0x00000000c3c00000, 0x00000000c6580000, 0x00000000ebf00000)
  object space 42496K, 20% used [0x00000000c3c00000,0x00000000c4459710,0x00000000c6580000)
 Metaspace       used 20374K, capacity 21126K, committed 21296K, reserved 1067008K
  class space    used 2735K, capacity 2937K, committed 2944K, reserved 1048576K
Event: 8.662 GC heap after
Heap after GC invocations=5 (full 1):
 PSYoungGen      total 18432K, used 0K [0x00000000ebf00000, 0x00000000ee300000, 0x0000000100000000)
  eden space 15872K, 0% used [0x00000000ebf00000,0x00000000ebf00000,0x00000000ece80000)
  from space 2560K, 0% used [0x00000000ed100000,0x00000000ed100000,0x00000000ed380000)
  to   space 2560K, 0% used [0x00000000ece80000,0x00000000ece80000,0x00000000ed100000)
 ParOldGen       total 38400K, used 10906K [0x00000000c3c00000, 0x00000000c6180000, 0x00000000ebf00000)
  object space 38400K, 28% used [0x00000000c3c00000,0x00000000c46a6be0,0x00000000c6180000)
 Metaspace       used 20374K, capacity 21126K, committed 21296K, reserved 1067008K
  class space    used 2735K, capacity 2937K, committed 2944K, reserved 1048576K
}
Event: 9.322 GC heap before
{Heap before GC invocations=6 (full 1):
 PSYoungGen      total 18432K, used 15872K [0x00000000ebf00000, 0x00000000ee300000, 0x0000000100000000)
  eden space 15872K, 100% used [0x00000000ebf00000,0x00000000ece80000,0x00000000ece80000)
  from space 2560K, 0% used [0x00000000ed100000,0x00000000ed100000,0x00000000ed380000)
  to   space 2560K, 0% used [0x00000000ece80000,0x00000000ece80000,0x00000000ed100000)
 ParOldGen       total 38400K, used 10906K [0x00000000c3c00000, 0x00000000c6180000, 0x00000000ebf00000)
  object space 38400K, 28% used [0x00000000c3c00000,0x00000000c46a6be0,0x00000000c6180000)
 Metaspace       used 23071K, capacity 23878K, committed 24064K, reserved 1071104K
  class space    used 3042K, capacity 3227K, committed 3328K, reserved 1048576K
Event: 9.328 GC heap after
Heap after GC invocations=6 (full 1):
 PSYoungGen      total 18432K, used 2550K [0x00000000ebf00000, 0x00000000ee680000, 0x0000000100000000)
  eden space 15872K, 0% used [0x00000000ebf00000,0x00000000ebf00000,0x00000000ece80000)
  from space 2560K, 99% used [0x00000000ece80000,0x00000000ed0fd900,0x00000000ed100000)
  to   space 7680K, 0% used [0x00000000edf00000,0x00000000edf00000,0x00000000ee680000)
 ParOldGen       total 38400K, used 11341K [0x00000000c3c00000, 0x00000000c6180000, 0x00000000ebf00000)
  object space 38400K, 29% used [0x00000000c3c00000,0x00000000c47136d8,0x00000000c6180000)
 Metaspace       used 23071K, capacity 23878K, committed 24064K, reserved 1071104K
  class space    used 3042K, capacity 3227K, committed 3328K, reserved 1048576K
}

