# JRE version: Java(TM) SE Runtime Environment (8.0_251-b08) (build 1.8.0_251-b08)
# Java VM: Java HotSpot(TM) 64-Bit Server VM (25.251-b08 mixed mode linux-amd64 compressed oops)
Heap:
 PSYoungGen      total 18432K, used 7172K [0x00000000ebf00000, 0x00000000ee680000, 0x0000000100000000)
  eden space 15872K, 29% used [0x00000000ebf00000,0x00000000ec386c00,0x00000000ece80000)
  from space 2560K, 99% used [0x00000000ece80000,0x00000000ed0fa508,0x00000000ed100000)
  to   space 7680K, 0% used [0x00000000edf00000,0x00000000edf00000,0x00000000ee680000)
 ParOldGen       total 38400K, used 11322K [0x00000000c3c00000, 0x00000000c6180000, 0x00000000ebf00000)
  object space 38400K, 29% used [0x00000000c3c00000,0x00000000c470ea78,0x00000000c6180000)
 Metaspace       used 24703K, capacity 25648K, committed 25856K, reserved 1071104K
  class space    used 3291K, capacity 3522K, committed 3584K, reserved 1048576K
GC Heap History (10 events):
Event: 1.469 GC heap before
{Heap before GC invocations=2 (full 0):
 PSYoungGen      total 18432K, used 17544K [0x00000000ebf00000, 0x00000000ed380000, 0x0000000100000000)
  eden space 15872K, 100% used [0x00000000ebf00000,0x00000000ece80000,0x00000000ece80000)
  from space 2560K, 65% used [0x00000000ece80000,0x00000000ed0223a8,0x00000000ed100000)
  to   space 2560K, 0% used [0x00000000ed100000,0x00000000ed100000,0x00000000ed380000)
 ParOldGen       total 42496K, used 8K [0x00000000c3c00000, 0x00000000c6580000, 0x00000000ebf00000)
  object space 42496K, 0% used [0x00000000c3c00000,0x00000000c3c02000,0x00000000c6580000)
 Metaspace       used 13584K, capacity 14024K, committed 14080K, reserved 1060864K
  class space    used 1842K, capacity 2006K, committed 2048K, reserved 1048576K
Event: 1.481 GC heap after
Heap after GC invocations=2 (full 0):
 PSYoungGen      total 18432K, used 2528K [0x00000000ebf00000, 0x00000000ee300000, 0x0000000100000000)
  eden space 15872K, 0% used [0x00000000ebf00000,0x00000000ebf00000,0x00000000ece80000)
  from space 2560K, 98% used [0x00000000ed100000,0x00000000ed378020,0x00000000ed380000)
  to   space 2560K, 0% used [0x00000000ece80000,0x00000000ece80000,0x00000000ed100000)
 ParOldGen       total 42496K, used 2431K [0x00000000c3c00000, 0x00000000c6580000, 0x00000000ebf00000)
  object space 42496K, 5% used [0x00000000c3c00000,0x00000000c3e5fef8,0x00000000c6580000)
 Metaspace       used 13584K, capacity 14024K, committed 14080K, reserved 1060864K
  class space    used 1842K, capacity 2006K, committed 2048K, reserved 1048576K
}
Event: 7.666 GC heap before
{Heap before GC invocations=3 (full 0):
 PSYoungGen      total 18432K, used 18400K [0x00000000ebf00000, 0x00000000ee300000, 0x0000000100000000)
  eden space 15872K, 100% used [0x00000000ebf00000,0x00000000ece80000,0x00000000ece80000)
  from space 2560K, 98% used [0x00000000ed100000,0x00000000ed378020,0x00000000ed380000)
  to   space 2560K, 0% used [0x00000000ece80000,0x00000000ece80000,0x00000000ed100000)
 ParOldGen       total 42496K, used 2431K [0x00000000c3c00000, 0x00000000c6580000, 0x00000000ebf00000)
  object space 42496K, 5% used [0x00000000c3c00000,0x00000000c3e5fef8,0x00000000c6580000)
 Metaspace       used 18584K, capacity 19354K, committed 19456K, reserved 1067008K
  class space    used 2542K, capacity 2735K, committed 2816K, reserved 1048576K
Event: 7.681 GC heap after
Heap after GC invocations=3 (full 0):
 PSYoungGen      total 18432K, used 2549K [0x00000000ebf00000, 0x00000000ed380000, 0x0000000100000000)
  eden space 15872K, 0% used [0x00000000ebf00000,0x00000000ebf00000,0x00000000ece80000)
  from space 2560K, 99% used [0x00000000ece80000,0x00000000ed0fd648,0x00000000ed100000)
  to   space 2560K, 0% used [0x00000000ed100000,0x00000000ed100000,0x00000000ed380000)
 ParOldGen       total 42496K, used 6179K [0x00000000c3c00000, 0x00000000c6580000, 0x00000000ebf00000)
  object space 42496K, 14% used [0x00000000c3c00000,0x00000000c4208e60,0x00000000c6580000)
 Metaspace       used 18584K, capacity 19354K, committed 19456K, reserved 1067008K
  class space    used 2542K, capacity 2735K, committed 2816K, reserved 1048576K
}
Event: 7.921 GC heap before
{Heap before GC invocations=4 (full 0):
 PSYoungGen      total 18432K, used 9812K [0x00000000ebf00000, 0x00000000ed380000, 0x0000000100000000)
  eden space 15872K, 45% used [0x00000000ebf00000,0x00000000ec617b60,0x00000000ece80000)
  from space 2560K, 99% used [0x00000000ece80000,0x00000000ed0fd648,0x00000000ed100000)
  to   space 2560K, 0% used [0x00000000ed100000,0x00000000ed100000,0x00000000ed380000)
 ParOldGen       total 42496K, used 6179K [0x00000000c3c00000, 0x00000000c6580000, 0x00000000ebf00000)
  object space 42496K, 14% used [0x00000000c3c00000,0x00000000c4208e60,0x00000000c6580000)
 Metaspace       used 20323K, capacity 21094K, committed 21248K, reserved 1067008K
  class space    used 2742K, capacity 2969K, committed 3072K, reserved 1048576K
Event: 7.931 GC heap after
Heap after GC invocations=4 (full 0):
 PSYoungGen      total 18432K, used 2538K [0x00000000ebf00000, 0x00000000ee300000, 0x0000000100000000)
  eden space 15872K, 0% used [0x00000000ebf00000,0x00000000ebf00000,0x00000000ece80000)
  from space 2560K, 99% used [0x00000000ed100000,0x00000000ed37ab30,0x00000000ed380000)
  to   space 2560K, 0% used [0x00000000ece80000,0x00000000ece80000,0x00000000ed100000)
 ParOldGen       total 42496K, used 8585K [0x00000000c3c00000, 0x00000000c6580000, 0x00000000ebf00000)
  object space 42496K, 20% used [0x00000000c3c00000,0x00000000c4462668,0x00000000c6580000)
 Metaspace       used 20323K, capacity 21094K, committed 21248K, reserved 1067008K
  class space    used 2742K, capacity 2969K, committed 3072K, reserved 1048576K
}
Event: 7.931 GC heap before
{Heap before GC invocations=5 (full 1):
 PSYoungGen      total 18432K, used 2538K [0x00000000ebf00000, 0x00000000ee300000, 0x0000000100000000)
  eden space 15872K, 0% used [0x00000000ebf00000,0x00000000ebf00000,0x00000000ece80000)
  from space 2560K, 99% used [0x00000000ed100000,0x00000000ed37ab30,0x00000000ed380000)
  to   space 2560K, 0% used [0x00000000ece80000,0x00000000ece80000,0x00000000ed100000)
 ParOldGen       total 42496K, used 8585K [0x00000000c3c00000, 0x00000000c6580000, 0x00000000ebf00000)
  object space 42496K, 20% used [0x00000000c3c00000,0x00000000c4462668,0x00000000c6580000)
 Metaspace       used 20323K, capacity 21094K, committed 21248K, reserved 1067008K
  class space    used 2742K, capacity 2969K, committed 3072K, reserved 1048576K
Event: 8.017 GC heap after
Heap after GC invocations=5 (full 1):
 PSYoungGen      total 18432K, used 0K [0x00000000ebf00000, 0x00000000ee300000, 0x0000000100000000)
  eden space 15872K, 0% used [0x00000000ebf00000,0x00000000ebf00000,0x00000000ece80000)
  from space 2560K, 0% used [0x00000000ed100000,0x00000000ed100000,0x00000000ed380000)
  to   space 2560K, 0% used [0x00000000ece80000,0x00000000ece80000,0x00000000ed100000)
 ParOldGen       total 38400K, used 10917K [0x00000000c3c00000, 0x00000000c6180000, 0x00000000ebf00000)
  object space 38400K, 28% used [0x00000000c3c00000,0x00000000c46a9690,0x00000000c6180000)
 Metaspace       used 20323K, capacity 21094K, committed 21248K, reserved 1067008K
  class space    used 2742K, capacity 2969K, committed 3072K, reserved 1048576K
}
Event: 8.669 GC heap before
{Heap before GC invocations=6 (full 1):
 PSYoungGen      total 18432K, used 15872K [0x00000000ebf00000, 0x00000000ee300000, 0x0000000100000000)
  eden space 15872K, 100% used [0x00000000ebf00000,0x00000000ece80000,0x00000000ece80000)
  from space 2560K, 0% used [0x00000000ed100000,0x00000000ed100000,0x00000000ed380000)
  to   space 2560K, 0% used [0x00000000ece80000,0x00000000ece80000,0x00000000ed100000)
 ParOldGen       total 38400K, used 10917K [0x00000000c3c00000, 0x00000000c6180000, 0x00000000ebf00000)
  object space 38400K, 28% used [0x00000000c3c00000,0x00000000c46a9690,0x00000000c6180000)
 Metaspace       used 22989K, capacity 23814K, committed 24064K, reserved 1071104K
  class space    used 3043K, capacity 3227K, committed 3328K, reserved 1048576K
Event: 8.678 GC heap after
Heap after GC invocations=6 (full 1):
 PSYoungGen      total 18432K, used 2537K [0x00000000ebf00000, 0x00000000ee680000, 0x0000000100000000)
  eden space 15872K, 0% used [0x00000000ebf00000,0x00000000ebf00000,0x00000000ece80000)
  from space 2560K, 99% used [0x00000000ece80000,0x00000000ed0fa508,0x00000000ed100000)
  to   space 7680K, 0% used [0x00000000edf00000,0x00000000edf00000,0x00000000ee680000)
 ParOldGen       total 38400K, used 11322K [0x00000000c3c00000, 0x00000000c6180000, 0x00000000ebf00000)
  object space 38400K, 29% used [0x00000000c3c00000,0x00000000c470ea78,0x00000000c6180000)
 Metaspace       used 22989K, capacity 23814K, committed 24064K, reserved 1071104K
  class space    used 3043K, capacity 3227K, committed 3328K, reserved 1048576K
}

