# JRE version: Java(TM) SE Runtime Environment (8.0_251-b08) (build 1.8.0_251-b08)
# Java VM: Java HotSpot(TM) 64-Bit Server VM (25.251-b08 mixed mode linux-amd64 compressed oops)
Heap:
 PSYoungGen      total 18432K, used 14386K [0x00000000ebf00000, 0x00000000ee700000, 0x0000000100000000)
  eden space 15872K, 74% used [0x00000000ebf00000,0x00000000eca93190,0x00000000ece80000)
  from space 2560K, 98% used [0x00000000ece80000,0x00000000ed0f96d0,0x00000000ed100000)
  to   space 7680K, 0% used [0x00000000edf80000,0x00000000edf80000,0x00000000ee700000)
 ParOldGen       total 37888K, used 11394K [0x00000000c3c00000, 0x00000000c6100000, 0x00000000ebf00000)
  object space 37888K, 30% used [0x00000000c3c00000,0x00000000c47208f0,0x00000000c6100000)
 Metaspace       used 26521K, capacity 27570K, committed 27648K, reserved 1073152K
  class space    used 3541K, capacity 3803K, committed 3840K, reserved 1048576K
GC Heap History (10 events):
Event: 1.628 GC heap before
{Heap before GC invocations=2 (full 0):
 PSYoungGen      total 18432K, used 17576K [0x00000000ebf00000, 0x00000000ed380000, 0x0000000100000000)
  eden space 15872K, 100% used [0x00000000ebf00000,0x00000000ece80000,0x00000000ece80000)
  from space 2560K, 66% used [0x00000000ece80000,0x00000000ed02a3a8,0x00000000ed100000)
  to   space 2560K, 0% used [0x00000000ed100000,0x00000000ed100000,0x00000000ed380000)
 ParOldGen       total 42496K, used 8K [0x00000000c3c00000, 0x00000000c6580000, 0x00000000ebf00000)
  object space 42496K, 0% used [0x00000000c3c00000,0x00000000c3c02000,0x00000000c6580000)
 Metaspace       used 13628K, capacity 14094K, committed 14336K, reserved 1060864K
  class space    used 1842K, capacity 2007K, committed 2048K, reserved 1048576K
Event: 1.645 GC heap after
Heap after GC invocations=2 (full 0):
 PSYoungGen      total 18432K, used 2544K [0x00000000ebf00000, 0x00000000ee300000, 0x0000000100000000)
  eden space 15872K, 0% used [0x00000000ebf00000,0x00000000ebf00000,0x00000000ece80000)
  from space 2560K, 99% used [0x00000000ed100000,0x00000000ed37c030,0x00000000ed380000)
  to   space 2560K, 0% used [0x00000000ece80000,0x00000000ece80000,0x00000000ed100000)
 ParOldGen       total 42496K, used 2416K [0x00000000c3c00000, 0x00000000c6580000, 0x00000000ebf00000)
  object space 42496K, 5% used [0x00000000c3c00000,0x00000000c3e5c2d0,0x00000000c6580000)
 Metaspace       used 13628K, capacity 14094K, committed 14336K, reserved 1060864K
  class space    used 1842K, capacity 2007K, committed 2048K, reserved 1048576K
}
Event: 10.034 GC heap before
{Heap before GC invocations=3 (full 0):
 PSYoungGen      total 18432K, used 18416K [0x00000000ebf00000, 0x00000000ee300000, 0x0000000100000000)
  eden space 15872K, 100% used [0x00000000ebf00000,0x00000000ece80000,0x00000000ece80000)
  from space 2560K, 99% used [0x00000000ed100000,0x00000000ed37c030,0x00000000ed380000)
  to   space 2560K, 0% used [0x00000000ece80000,0x00000000ece80000,0x00000000ed100000)
 ParOldGen       total 42496K, used 2416K [0x00000000c3c00000, 0x00000000c6580000, 0x00000000ebf00000)
  object space 42496K, 5% used [0x00000000c3c00000,0x00000000c3e5c2d0,0x00000000c6580000)
 Metaspace       used 18702K, capacity 19418K, committed 19712K, reserved 1067008K
  class space    used 2542K, capacity 2735K, committed 2816K, reserved 1048576K
Event: 10.051 GC heap after
Heap after GC invocations=3 (full 0):
 PSYoungGen      total 18432K, used 2538K [0x00000000ebf00000, 0x00000000ed380000, 0x0000000100000000)
  eden space 15872K, 0% used [0x00000000ebf00000,0x00000000ebf00000,0x00000000ece80000)
  from space 2560K, 99% used [0x00000000ece80000,0x00000000ed0fab60,0x00000000ed100000)
  to   space 2560K, 0% used [0x00000000ed100000,0x00000000ed100000,0x00000000ed380000)
 ParOldGen       total 42496K, used 6082K [0x00000000c3c00000, 0x00000000c6580000, 0x00000000ebf00000)
  object space 42496K, 14% used [0x00000000c3c00000,0x00000000c41f0b20,0x00000000c6580000)
 Metaspace       used 18702K, capacity 19418K, committed 19712K, reserved 1067008K
  class space    used 2542K, capacity 2735K, committed 2816K, reserved 1048576K
}
Event: 10.343 GC heap before
{Heap before GC invocations=4 (full 0):
 PSYoungGen      total 18432K, used 9794K [0x00000000ebf00000, 0x00000000ed380000, 0x0000000100000000)
  eden space 15872K, 45% used [0x00000000ebf00000,0x00000000ec616058,0x00000000ece80000)
  from space 2560K, 99% used [0x00000000ece80000,0x00000000ed0fab60,0x00000000ed100000)
  to   space 2560K, 0% used [0x00000000ed100000,0x00000000ed100000,0x00000000ed380000)
 ParOldGen       total 42496K, used 6082K [0x00000000c3c00000, 0x00000000c6580000, 0x00000000ebf00000)
  object space 42496K, 14% used [0x00000000c3c00000,0x00000000c41f0b20,0x00000000c6580000)
 Metaspace       used 20401K, capacity 21190K, committed 21296K, reserved 1067008K
  class space    used 2735K, capacity 2937K, committed 2944K, reserved 1048576K
Event: 10.354 GC heap after
Heap after GC invocations=4 (full 0):
 PSYoungGen      total 18432K, used 2533K [0x00000000ebf00000, 0x00000000ee300000, 0x0000000100000000)
  eden space 15872K, 0% used [0x00000000ebf00000,0x00000000ebf00000,0x00000000ece80000)
  from space 2560K, 98% used [0x00000000ed100000,0x00000000ed379668,0x00000000ed380000)
  to   space 2560K, 0% used [0x00000000ece80000,0x00000000ece80000,0x00000000ed100000)
 ParOldGen       total 42496K, used 8583K [0x00000000c3c00000, 0x00000000c6580000, 0x00000000ebf00000)
  object space 42496K, 20% used [0x00000000c3c00000,0x00000000c4461f60,0x00000000c6580000)
 Metaspace       used 20401K, capacity 21190K, committed 21296K, reserved 1067008K
  class space    used 2735K, capacity 2937K, committed 2944K, reserved 1048576K
}
Event: 10.354 GC heap before
{Heap before GC invocations=5 (full 1):
 PSYoungGen      total 18432K, used 2533K [0x00000000ebf00000, 0x00000000ee300000, 0x0000000100000000)
  eden space 15872K, 0% used [0x00000000ebf00000,0x00000000ebf00000,0x00000000ece80000)
  from space 2560K, 98% used [0x00000000ed100000,0x00000000ed379668,0x00000000ed380000)
  to   space 2560K, 0% used [0x00000000ece80000,0x00000000ece80000,0x00000000ed100000)
 ParOldGen       total 42496K, used 8583K [0x00000000c3c00000, 0x00000000c6580000, 0x00000000ebf00000)
  object space 42496K, 20% used [0x00000000c3c00000,0x00000000c4461f60,0x00000000c6580000)
 Metaspace       used 20401K, capacity 21190K, committed 21296K, reserved 1067008K
  class space    used 2735K, capacity 2937K, committed 2944K, reserved 1048576K
Event: 10.450 GC heap after
Heap after GC invocations=5 (full 1):
 PSYoungGen      total 18432K, used 0K [0x00000000ebf00000, 0x00000000ee300000, 0x0000000100000000)
  eden space 15872K, 0% used [0x00000000ebf00000,0x00000000ebf00000,0x00000000ece80000)
  from space 2560K, 0% used [0x00000000ed100000,0x00000000ed100000,0x00000000ed380000)
  to   space 2560K, 0% used [0x00000000ece80000,0x00000000ece80000,0x00000000ed100000)
 ParOldGen       total 37888K, used 10922K [0x00000000c3c00000, 0x00000000c6100000, 0x00000000ebf00000)
  object space 37888K, 28% used [0x00000000c3c00000,0x00000000c46aabb0,0x00000000c6100000)
 Metaspace       used 20401K, capacity 21190K, committed 21296K, reserved 1067008K
  class space    used 2735K, capacity 2937K, committed 2944K, reserved 1048576K
}
Event: 11.131 GC heap before
{Heap before GC invocations=6 (full 1):
 PSYoungGen      total 18432K, used 15872K [0x00000000ebf00000, 0x00000000ee300000, 0x0000000100000000)
  eden space 15872K, 100% used [0x00000000ebf00000,0x00000000ece80000,0x00000000ece80000)
  from space 2560K, 0% used [0x00000000ed100000,0x00000000ed100000,0x00000000ed380000)
  to   space 2560K, 0% used [0x00000000ece80000,0x00000000ece80000,0x00000000ed100000)
 ParOldGen       total 37888K, used 10922K [0x00000000c3c00000, 0x00000000c6100000, 0x00000000ebf00000)
  object space 37888K, 28% used [0x00000000c3c00000,0x00000000c46aabb0,0x00000000c6100000)
 Metaspace       used 23097K, capacity 23878K, committed 24064K, reserved 1071104K
  class space    used 3043K, capacity 3227K, committed 3328K, reserved 1048576K
Event: 11.137 GC heap after
Heap after GC invocations=6 (full 1):
 PSYoungGen      total 18432K, used 2533K [0x00000000ebf00000, 0x00000000ee700000, 0x0000000100000000)
  eden space 15872K, 0% used [0x00000000ebf00000,0x00000000ebf00000,0x00000000ece80000)
  from space 2560K, 98% used [0x00000000ece80000,0x00000000ed0f96d0,0x00000000ed100000)
  to   space 7680K, 0% used [0x00000000edf80000,0x00000000edf80000,0x00000000ee700000)
 ParOldGen       total 37888K, used 11394K [0x00000000c3c00000, 0x00000000c6100000, 0x00000000ebf00000)
  object space 37888K, 30% used [0x00000000c3c00000,0x00000000c47208f0,0x00000000c6100000)
 Metaspace       used 23097K, capacity 23878K, committed 24064K, reserved 1071104K
  class space    used 3043K, capacity 3227K, committed 3328K, reserved 1048576K
}

