# JRE version: Java(TM) SE Runtime Environment (8.0_251-b08) (build 1.8.0_251-b08)
# Java VM: Java HotSpot(TM) 64-Bit Server VM (25.251-b08 mixed mode linux-amd64 compressed oops)
Heap:
 PSYoungGen      total 18432K, used 7426K [0x00000000ebf00000, 0x00000000edb80000, 0x0000000100000000)
  eden space 15872K, 30% used [0x00000000ebf00000,0x00000000ec3c6618,0x00000000ece80000)
  from space 2560K, 99% used [0x00000000ed100000,0x00000000ed37a508,0x00000000ed380000)
  to   space 2560K, 0% used [0x00000000ece80000,0x00000000ece80000,0x00000000ed100000)
 ParOldGen       total 40448K, used 11232K [0x00000000c3c00000, 0x00000000c6380000, 0x00000000ebf00000)
  object space 40448K, 27% used [0x00000000c3c00000,0x00000000c46f8180,0x00000000c6380000)
 Metaspace       used 24861K, capacity 25872K, committed 26112K, reserved 1071104K
  class space    used 3297K, capacity 3532K, committed 3584K, reserved 1048576K
GC Heap History (10 events):
Event: 1.103 GC heap before
{Heap before GC invocations=1 (full 0):
 PSYoungGen      total 18432K, used 15872K [0x00000000ebf00000, 0x00000000ed380000, 0x0000000100000000)
  eden space 15872K, 100% used [0x00000000ebf00000,0x00000000ece80000,0x00000000ece80000)
  from space 2560K, 0% used [0x00000000ed100000,0x00000000ed100000,0x00000000ed380000)
  to   space 2560K, 0% used [0x00000000ece80000,0x00000000ece80000,0x00000000ed100000)
 ParOldGen       total 42496K, used 0K [0x00000000c3c00000, 0x00000000c6580000, 0x00000000ebf00000)
  object space 42496K, 0% used [0x00000000c3c00000,0x00000000c3c00000,0x00000000c6580000)
 Metaspace       used 9748K, capacity 10194K, committed 10368K, reserved 1058816K
  class space    used 1215K, capacity 1345K, committed 1408K, reserved 1048576K
Event: 1.111 GC heap after
Heap after GC invocations=1 (full 0):
 PSYoungGen      total 18432K, used 2528K [0x00000000ebf00000, 0x00000000ed380000, 0x0000000100000000)
  eden space 15872K, 0% used [0x00000000ebf00000,0x00000000ebf00000,0x00000000ece80000)
  from space 2560K, 98% used [0x00000000ece80000,0x00000000ed0f8040,0x00000000ed100000)
  to   space 2560K, 0% used [0x00000000ed100000,0x00000000ed100000,0x00000000ed380000)
 ParOldGen       total 42496K, used 734K [0x00000000c3c00000, 0x00000000c6580000, 0x00000000ebf00000)
  object space 42496K, 1% used [0x00000000c3c00000,0x00000000c3cb78f0,0x00000000c6580000)
 Metaspace       used 9748K, capacity 10194K, committed 10368K, reserved 1058816K
  class space    used 1215K, capacity 1345K, committed 1408K, reserved 1048576K
}
Event: 2.107 GC heap before
{Heap before GC invocations=2 (full 0):
 PSYoungGen      total 18432K, used 18400K [0x00000000ebf00000, 0x00000000ed380000, 0x0000000100000000)
  eden space 15872K, 100% used [0x00000000ebf00000,0x00000000ece80000,0x00000000ece80000)
  from space 2560K, 98% used [0x00000000ece80000,0x00000000ed0f8040,0x00000000ed100000)
  to   space 2560K, 0% used [0x00000000ed100000,0x00000000ed100000,0x00000000ed380000)
 ParOldGen       total 42496K, used 734K [0x00000000c3c00000, 0x00000000c6580000, 0x00000000ebf00000)
  object space 42496K, 1% used [0x00000000c3c00000,0x00000000c3cb78f0,0x00000000c6580000)
 Metaspace       used 15813K, capacity 16464K, committed 16640K, reserved 1062912K
  class space    used 2274K, capacity 2488K, committed 2560K, reserved 1048576K
Event: 2.123 GC heap after
Heap after GC invocations=2 (full 0):
 PSYoungGen      total 18432K, used 2538K [0x00000000ebf00000, 0x00000000ee300000, 0x0000000100000000)
  eden space 15872K, 0% used [0x00000000ebf00000,0x00000000ebf00000,0x00000000ece80000)
  from space 2560K, 99% used [0x00000000ed100000,0x00000000ed37ab60,0x00000000ed380000)
  to   space 2560K, 0% used [0x00000000ece80000,0x00000000ece80000,0x00000000ed100000)
 ParOldGen       total 42496K, used 4142K [0x00000000c3c00000, 0x00000000c6580000, 0x00000000ebf00000)
  object space 42496K, 9% used [0x00000000c3c00000,0x00000000c400bb30,0x00000000c6580000)
 Metaspace       used 15813K, capacity 16464K, committed 16640K, reserved 1062912K
  class space    used 2274K, capacity 2488K, committed 2560K, reserved 1048576K
}
Event: 9.996 GC heap before
{Heap before GC invocations=3 (full 0):
 PSYoungGen      total 18432K, used 18013K [0x00000000ebf00000, 0x00000000ee300000, 0x0000000100000000)
  eden space 15872K, 97% used [0x00000000ebf00000,0x00000000ece1cac8,0x00000000ece80000)
  from space 2560K, 99% used [0x00000000ed100000,0x00000000ed37ab60,0x00000000ed380000)
  to   space 2560K, 0% used [0x00000000ece80000,0x00000000ece80000,0x00000000ed100000)
 ParOldGen       total 42496K, used 4142K [0x00000000c3c00000, 0x00000000c6580000, 0x00000000ebf00000)
  object space 42496K, 9% used [0x00000000c3c00000,0x00000000c400bb30,0x00000000c6580000)
 Metaspace       used 20356K, capacity 21130K, committed 21296K, reserved 1067008K
  class space    used 2735K, capacity 2937K, committed 2944K, reserved 1048576K
Event: 10.010 GC heap after
Heap after GC invocations=3 (full 0):
 PSYoungGen      total 18432K, used 2560K [0x00000000ebf00000, 0x00000000ed380000, 0x0000000100000000)
  eden space 15872K, 0% used [0x00000000ebf00000,0x00000000ebf00000,0x00000000ece80000)
  from space 2560K, 100% used [0x00000000ece80000,0x00000000ed100000,0x00000000ed100000)
  to   space 2560K, 0% used [0x00000000ed100000,0x00000000ed100000,0x00000000ed380000)
 ParOldGen       total 42496K, used 8439K [0x00000000c3c00000, 0x00000000c6580000, 0x00000000ebf00000)
  object space 42496K, 19% used [0x00000000c3c00000,0x00000000c443de30,0x00000000c6580000)
 Metaspace       used 20356K, capacity 21130K, committed 21296K, reserved 1067008K
  class space    used 2735K, capacity 2937K, committed 2944K, reserved 1048576K
}
Event: 10.010 GC heap before
{Heap before GC invocations=4 (full 1):
 PSYoungGen      total 18432K, used 2560K [0x00000000ebf00000, 0x00000000ed380000, 0x0000000100000000)
  eden space 15872K, 0% used [0x00000000ebf00000,0x00000000ebf00000,0x00000000ece80000)
  from space 2560K, 100% used [0x00000000ece80000,0x00000000ed100000,0x00000000ed100000)
  to   space 2560K, 0% used [0x00000000ed100000,0x00000000ed100000,0x00000000ed380000)
 ParOldGen       total 42496K, used 8439K [0x00000000c3c00000, 0x00000000c6580000, 0x00000000ebf00000)
  object space 42496K, 19% used [0x00000000c3c00000,0x00000000c443de30,0x00000000c6580000)
 Metaspace       used 20356K, capacity 21130K, committed 21296K, reserved 1067008K
  class space    used 2735K, capacity 2937K, committed 2944K, reserved 1048576K
Event: 10.090 GC heap after
Heap after GC invocations=4 (full 1):
 PSYoungGen      total 18432K, used 0K [0x00000000ebf00000, 0x00000000ed380000, 0x0000000100000000)
  eden space 15872K, 0% used [0x00000000ebf00000,0x00000000ebf00000,0x00000000ece80000)
  from space 2560K, 0% used [0x00000000ece80000,0x00000000ece80000,0x00000000ed100000)
  to   space 2560K, 0% used [0x00000000ed100000,0x00000000ed100000,0x00000000ed380000)
 ParOldGen       total 40448K, used 10709K [0x00000000c3c00000, 0x00000000c6380000, 0x00000000ebf00000)
  object space 40448K, 26% used [0x00000000c3c00000,0x00000000c46754b8,0x00000000c6380000)
 Metaspace       used 20356K, capacity 21130K, committed 21296K, reserved 1067008K
  class space    used 2735K, capacity 2937K, committed 2944K, reserved 1048576K
}
Event: 10.797 GC heap before
{Heap before GC invocations=5 (full 1):
 PSYoungGen      total 18432K, used 15872K [0x00000000ebf00000, 0x00000000ed380000, 0x0000000100000000)
  eden space 15872K, 100% used [0x00000000ebf00000,0x00000000ece80000,0x00000000ece80000)
  from space 2560K, 0% used [0x00000000ece80000,0x00000000ece80000,0x00000000ed100000)
  to   space 2560K, 0% used [0x00000000ed100000,0x00000000ed100000,0x00000000ed380000)
 ParOldGen       total 40448K, used 10709K [0x00000000c3c00000, 0x00000000c6380000, 0x00000000ebf00000)
  object space 40448K, 26% used [0x00000000c3c00000,0x00000000c46754b8,0x00000000c6380000)
 Metaspace       used 23083K, capacity 23946K, committed 24064K, reserved 1071104K
  class space    used 3043K, capacity 3227K, committed 3328K, reserved 1048576K
Event: 10.803 GC heap after
Heap after GC invocations=5 (full 1):
 PSYoungGen      total 18432K, used 2537K [0x00000000ebf00000, 0x00000000edb80000, 0x0000000100000000)
  eden space 15872K, 0% used [0x00000000ebf00000,0x00000000ebf00000,0x00000000ece80000)
  from space 2560K, 99% used [0x00000000ed100000,0x00000000ed37a508,0x00000000ed380000)
  to   space 2560K, 0% used [0x00000000ece80000,0x00000000ece80000,0x00000000ed100000)
 ParOldGen       total 40448K, used 11232K [0x00000000c3c00000, 0x00000000c6380000, 0x00000000ebf00000)
  object space 40448K, 27% used [0x00000000c3c00000,0x00000000c46f8180,0x00000000c6380000)
 Metaspace       used 23083K, capacity 23946K, committed 24064K, reserved 1071104K
  class space    used 3043K, capacity 3227K, committed 3328K, reserved 1048576K
}

