# JRE version: Java(TM) SE Runtime Environment (8.0_251-b08) (build 1.8.0_251-b08)
# Java VM: Java HotSpot(TM) 64-Bit Server VM (25.251-b08 mixed mode linux-amd64 compressed oops)
Heap:
 PSYoungGen      total 18432K, used 6875K [0x00000000ebf00000, 0x00000000eda80000, 0x0000000100000000)
  eden space 15872K, 27% used [0x00000000ebf00000,0x00000000ec33d5b0,0x00000000ece80000)
  from space 2560K, 98% used [0x00000000ed100000,0x00000000ed3797c0,0x00000000ed380000)
  to   space 2560K, 0% used [0x00000000ece80000,0x00000000ece80000,0x00000000ed100000)
 ParOldGen       total 41984K, used 11431K [0x00000000c3c00000, 0x00000000c6500000, 0x00000000ebf00000)
  object space 41984K, 27% used [0x00000000c3c00000,0x00000000c4729e20,0x00000000c6500000)
 Metaspace       used 24726K, capacity 25680K, committed 25856K, reserved 1071104K
  class space    used 3297K, capacity 3532K, committed 3584K, reserved 1048576K
GC Heap History (10 events):
Event: 1.170 GC heap before
{Heap before GC invocations=1 (full 0):
 PSYoungGen      total 18432K, used 15872K [0x00000000ebf00000, 0x00000000ed380000, 0x0000000100000000)
  eden space 15872K, 100% used [0x00000000ebf00000,0x00000000ece80000,0x00000000ece80000)
  from space 2560K, 0% used [0x00000000ed100000,0x00000000ed100000,0x00000000ed380000)
  to   space 2560K, 0% used [0x00000000ece80000,0x00000000ece80000,0x00000000ed100000)
 ParOldGen       total 42496K, used 0K [0x00000000c3c00000, 0x00000000c6580000, 0x00000000ebf00000)
  object space 42496K, 0% used [0x00000000c3c00000,0x00000000c3c00000,0x00000000c6580000)
 Metaspace       used 9839K, capacity 10290K, committed 10368K, reserved 1058816K
  class space    used 1233K, capacity 1377K, committed 1408K, reserved 1048576K
Event: 1.179 GC heap after
Heap after GC invocations=1 (full 0):
 PSYoungGen      total 18432K, used 2528K [0x00000000ebf00000, 0x00000000ed380000, 0x0000000100000000)
  eden space 15872K, 0% used [0x00000000ebf00000,0x00000000ebf00000,0x00000000ece80000)
  from space 2560K, 98% used [0x00000000ece80000,0x00000000ed0f8020,0x00000000ed100000)
  to   space 2560K, 0% used [0x00000000ed100000,0x00000000ed100000,0x00000000ed380000)
 ParOldGen       total 42496K, used 742K [0x00000000c3c00000, 0x00000000c6580000, 0x00000000ebf00000)
  object space 42496K, 1% used [0x00000000c3c00000,0x00000000c3cb98e0,0x00000000c6580000)
 Metaspace       used 9839K, capacity 10290K, committed 10368K, reserved 1058816K
  class space    used 1233K, capacity 1377K, committed 1408K, reserved 1048576K
}
Event: 2.957 GC heap before
{Heap before GC invocations=2 (full 0):
 PSYoungGen      total 18432K, used 18400K [0x00000000ebf00000, 0x00000000ed380000, 0x0000000100000000)
  eden space 15872K, 100% used [0x00000000ebf00000,0x00000000ece80000,0x00000000ece80000)
  from space 2560K, 98% used [0x00000000ece80000,0x00000000ed0f8020,0x00000000ed100000)
  to   space 2560K, 0% used [0x00000000ed100000,0x00000000ed100000,0x00000000ed380000)
 ParOldGen       total 42496K, used 742K [0x00000000c3c00000, 0x00000000c6580000, 0x00000000ebf00000)
  object space 42496K, 1% used [0x00000000c3c00000,0x00000000c3cb98e0,0x00000000c6580000)
 Metaspace       used 15889K, capacity 16538K, committed 16640K, reserved 1062912K
  class space    used 2280K, capacity 2489K, committed 2560K, reserved 1048576K
Event: 2.974 GC heap after
Heap after GC invocations=2 (full 0):
 PSYoungGen      total 18432K, used 2538K [0x00000000ebf00000, 0x00000000ed380000, 0x0000000100000000)
  eden space 15872K, 0% used [0x00000000ebf00000,0x00000000ebf00000,0x00000000ece80000)
  from space 2560K, 99% used [0x00000000ed100000,0x00000000ed37ab30,0x00000000ed380000)
  to   space 2560K, 0% used [0x00000000ece80000,0x00000000ece80000,0x00000000ed100000)
 ParOldGen       total 42496K, used 4146K [0x00000000c3c00000, 0x00000000c6580000, 0x00000000ebf00000)
  object space 42496K, 9% used [0x00000000c3c00000,0x00000000c400cb30,0x00000000c6580000)
 Metaspace       used 15889K, capacity 16538K, committed 16640K, reserved 1062912K
  class space    used 2280K, capacity 2489K, committed 2560K, reserved 1048576K
}
Event: 10.627 GC heap before
{Heap before GC invocations=3 (full 0):
 PSYoungGen      total 18432K, used 17544K [0x00000000ebf00000, 0x00000000ed380000, 0x0000000100000000)
  eden space 15872K, 94% used [0x00000000ebf00000,0x00000000ecda7640,0x00000000ece80000)
  from space 2560K, 99% used [0x00000000ed100000,0x00000000ed37ab30,0x00000000ed380000)
  to   space 2560K, 0% used [0x00000000ece80000,0x00000000ece80000,0x00000000ed100000)
 ParOldGen       total 42496K, used 4146K [0x00000000c3c00000, 0x00000000c6580000, 0x00000000ebf00000)
  object space 42496K, 9% used [0x00000000c3c00000,0x00000000c400cb30,0x00000000c6580000)
 Metaspace       used 20384K, capacity 21194K, committed 21296K, reserved 1067008K
  class space    used 2735K, capacity 2937K, committed 2944K, reserved 1048576K
Event: 10.639 GC heap after
Heap after GC invocations=3 (full 0):
 PSYoungGen      total 18432K, used 2528K [0x00000000ebf00000, 0x00000000ed380000, 0x0000000100000000)
  eden space 15872K, 0% used [0x00000000ebf00000,0x00000000ebf00000,0x00000000ece80000)
  from space 2560K, 98% used [0x00000000ece80000,0x00000000ed0f8020,0x00000000ed100000)
  to   space 2560K, 0% used [0x00000000ed100000,0x00000000ed100000,0x00000000ed380000)
 ParOldGen       total 42496K, used 8444K [0x00000000c3c00000, 0x00000000c6580000, 0x00000000ebf00000)
  object space 42496K, 19% used [0x00000000c3c00000,0x00000000c443f2a0,0x00000000c6580000)
 Metaspace       used 20384K, capacity 21194K, committed 21296K, reserved 1067008K
  class space    used 2735K, capacity 2937K, committed 2944K, reserved 1048576K
}
Event: 10.639 GC heap before
{Heap before GC invocations=4 (full 1):
 PSYoungGen      total 18432K, used 2528K [0x00000000ebf00000, 0x00000000ed380000, 0x0000000100000000)
  eden space 15872K, 0% used [0x00000000ebf00000,0x00000000ebf00000,0x00000000ece80000)
  from space 2560K, 98% used [0x00000000ece80000,0x00000000ed0f8020,0x00000000ed100000)
  to   space 2560K, 0% used [0x00000000ed100000,0x00000000ed100000,0x00000000ed380000)
 ParOldGen       total 42496K, used 8444K [0x00000000c3c00000, 0x00000000c6580000, 0x00000000ebf00000)
  object space 42496K, 19% used [0x00000000c3c00000,0x00000000c443f2a0,0x00000000c6580000)
 Metaspace       used 20384K, capacity 21194K, committed 21296K, reserved 1067008K
  class space    used 2735K, capacity 2937K, committed 2944K, reserved 1048576K
Event: 10.728 GC heap after
Heap after GC invocations=4 (full 1):
 PSYoungGen      total 18432K, used 0K [0x00000000ebf00000, 0x00000000ed380000, 0x0000000100000000)
  eden space 15872K, 0% used [0x00000000ebf00000,0x00000000ebf00000,0x00000000ece80000)
  from space 2560K, 0% used [0x00000000ece80000,0x00000000ece80000,0x00000000ed100000)
  to   space 2560K, 0% used [0x00000000ed100000,0x00000000ed100000,0x00000000ed380000)
 ParOldGen       total 41984K, used 10833K [0x00000000c3c00000, 0x00000000c6500000, 0x00000000ebf00000)
  object space 41984K, 25% used [0x00000000c3c00000,0x00000000c46944d8,0x00000000c6500000)
 Metaspace       used 20384K, capacity 21194K, committed 21296K, reserved 1067008K
  class space    used 2735K, capacity 2937K, committed 2944K, reserved 1048576K
}
Event: 11.414 GC heap before
{Heap before GC invocations=5 (full 1):
 PSYoungGen      total 18432K, used 15872K [0x00000000ebf00000, 0x00000000ed380000, 0x0000000100000000)
  eden space 15872K, 100% used [0x00000000ebf00000,0x00000000ece80000,0x00000000ece80000)
  from space 2560K, 0% used [0x00000000ece80000,0x00000000ece80000,0x00000000ed100000)
  to   space 2560K, 0% used [0x00000000ed100000,0x00000000ed100000,0x00000000ed380000)
 ParOldGen       total 41984K, used 10833K [0x00000000c3c00000, 0x00000000c6500000, 0x00000000ebf00000)
  object space 41984K, 25% used [0x00000000c3c00000,0x00000000c46944d8,0x00000000c6500000)
 Metaspace       used 23110K, capacity 23946K, committed 24064K, reserved 1071104K
  class space    used 3043K, capacity 3227K, committed 3328K, reserved 1048576K
Event: 11.420 GC heap after
Heap after GC invocations=5 (full 1):
 PSYoungGen      total 18432K, used 2533K [0x00000000ebf00000, 0x00000000eda80000, 0x0000000100000000)
  eden space 15872K, 0% used [0x00000000ebf00000,0x00000000ebf00000,0x00000000ece80000)
  from space 2560K, 98% used [0x00000000ed100000,0x00000000ed3797c0,0x00000000ed380000)
  to   space 2560K, 0% used [0x00000000ece80000,0x00000000ece80000,0x00000000ed100000)
 ParOldGen       total 41984K, used 11431K [0x00000000c3c00000, 0x00000000c6500000, 0x00000000ebf00000)
  object space 41984K, 27% used [0x00000000c3c00000,0x00000000c4729e20,0x00000000c6500000)
 Metaspace       used 23110K, capacity 23946K, committed 24064K, reserved 1071104K
  class space    used 3043K, capacity 3227K, committed 3328K, reserved 1048576K
}

