# JRE version: Java(TM) SE Runtime Environment (8.0_251-b08) (build 1.8.0_251-b08)
# Java VM: Java HotSpot(TM) 64-Bit Server VM (25.251-b08 mixed mode linux-amd64 compressed oops)
Heap:
 PSYoungGen      total 18432K, used 14524K [0x00000000ebf00000, 0x00000000ee680000, 0x0000000100000000)
  eden space 15872K, 75% used [0x00000000ebf00000,0x00000000ecab52b0,0x00000000ece80000)
  from space 2560K, 99% used [0x00000000ece80000,0x00000000ed0fa040,0x00000000ed100000)
  to   space 7680K, 0% used [0x00000000edf00000,0x00000000edf00000,0x00000000ee680000)
 ParOldGen       total 38912K, used 11311K [0x00000000c3c00000, 0x00000000c6200000, 0x00000000ebf00000)
  object space 38912K, 29% used [0x00000000c3c00000,0x00000000c470be20,0x00000000c6200000)
 Metaspace       used 26528K, capacity 27574K, committed 27648K, reserved 1073152K
  class space    used 3540K, capacity 3803K, committed 3840K, reserved 1048576K
GC Heap History (10 events):
Event: 1.571 GC heap before
{Heap before GC invocations=2 (full 0):
 PSYoungGen      total 18432K, used 17560K [0x00000000ebf00000, 0x00000000ed380000, 0x0000000100000000)
  eden space 15872K, 100% used [0x00000000ebf00000,0x00000000ece80000,0x00000000ece80000)
  from space 2560K, 65% used [0x00000000ece80000,0x00000000ed0263b8,0x00000000ed100000)
  to   space 2560K, 0% used [0x00000000ed100000,0x00000000ed100000,0x00000000ed380000)
 ParOldGen       total 42496K, used 8K [0x00000000c3c00000, 0x00000000c6580000, 0x00000000ebf00000)
  object space 42496K, 0% used [0x00000000c3c00000,0x00000000c3c02000,0x00000000c6580000)
 Metaspace       used 13638K, capacity 14088K, committed 14336K, reserved 1060864K
  class space    used 1842K, capacity 2006K, committed 2048K, reserved 1048576K
Event: 1.584 GC heap after
Heap after GC invocations=2 (full 0):
 PSYoungGen      total 18432K, used 2536K [0x00000000ebf00000, 0x00000000ee300000, 0x0000000100000000)
  eden space 15872K, 0% used [0x00000000ebf00000,0x00000000ebf00000,0x00000000ece80000)
  from space 2560K, 99% used [0x00000000ed100000,0x00000000ed37a3a8,0x00000000ed380000)
  to   space 2560K, 0% used [0x00000000ece80000,0x00000000ece80000,0x00000000ed100000)
 ParOldGen       total 42496K, used 2417K [0x00000000c3c00000, 0x00000000c6580000, 0x00000000ebf00000)
  object space 42496K, 5% used [0x00000000c3c00000,0x00000000c3e5c4e8,0x00000000c6580000)
 Metaspace       used 13638K, capacity 14088K, committed 14336K, reserved 1060864K
  class space    used 1842K, capacity 2006K, committed 2048K, reserved 1048576K
}
Event: 8.020 GC heap before
{Heap before GC invocations=3 (full 0):
 PSYoungGen      total 18432K, used 18408K [0x00000000ebf00000, 0x00000000ee300000, 0x0000000100000000)
  eden space 15872K, 100% used [0x00000000ebf00000,0x00000000ece80000,0x00000000ece80000)
  from space 2560K, 99% used [0x00000000ed100000,0x00000000ed37a3a8,0x00000000ed380000)
  to   space 2560K, 0% used [0x00000000ece80000,0x00000000ece80000,0x00000000ed100000)
 ParOldGen       total 42496K, used 2417K [0x00000000c3c00000, 0x00000000c6580000, 0x00000000ebf00000)
  object space 42496K, 5% used [0x00000000c3c00000,0x00000000c3e5c4e8,0x00000000c6580000)
 Metaspace       used 18693K, capacity 19486K, committed 19712K, reserved 1067008K
  class space    used 2540K, capacity 2735K, committed 2816K, reserved 1048576K
Event: 8.031 GC heap after
Heap after GC invocations=3 (full 0):
 PSYoungGen      total 18432K, used 2528K [0x00000000ebf00000, 0x00000000ed380000, 0x0000000100000000)
  eden space 15872K, 0% used [0x00000000ebf00000,0x00000000ebf00000,0x00000000ece80000)
  from space 2560K, 98% used [0x00000000ece80000,0x00000000ed0f8030,0x00000000ed100000)
  to   space 2560K, 0% used [0x00000000ed100000,0x00000000ed100000,0x00000000ed380000)
 ParOldGen       total 42496K, used 6166K [0x00000000c3c00000, 0x00000000c6580000, 0x00000000ebf00000)
  object space 42496K, 14% used [0x00000000c3c00000,0x00000000c42058a0,0x00000000c6580000)
 Metaspace       used 18693K, capacity 19486K, committed 19712K, reserved 1067008K
  class space    used 2540K, capacity 2735K, committed 2816K, reserved 1048576K
}
Event: 8.258 GC heap before
{Heap before GC invocations=4 (full 0):
 PSYoungGen      total 18432K, used 9802K [0x00000000ebf00000, 0x00000000ed380000, 0x0000000100000000)
  eden space 15872K, 45% used [0x00000000ebf00000,0x00000000ec61a9d0,0x00000000ece80000)
  from space 2560K, 98% used [0x00000000ece80000,0x00000000ed0f8030,0x00000000ed100000)
  to   space 2560K, 0% used [0x00000000ed100000,0x00000000ed100000,0x00000000ed380000)
 ParOldGen       total 42496K, used 6166K [0x00000000c3c00000, 0x00000000c6580000, 0x00000000ebf00000)
  object space 42496K, 14% used [0x00000000c3c00000,0x00000000c42058a0,0x00000000c6580000)
 Metaspace       used 20371K, capacity 21130K, committed 21296K, reserved 1067008K
  class space    used 2734K, capacity 2937K, committed 2944K, reserved 1048576K
Event: 8.267 GC heap after
Heap after GC invocations=4 (full 0):
 PSYoungGen      total 18432K, used 2528K [0x00000000ebf00000, 0x00000000ee300000, 0x0000000100000000)
  eden space 15872K, 0% used [0x00000000ebf00000,0x00000000ebf00000,0x00000000ece80000)
  from space 2560K, 98% used [0x00000000ed100000,0x00000000ed378030,0x00000000ed380000)
  to   space 2560K, 0% used [0x00000000ece80000,0x00000000ece80000,0x00000000ed100000)
 ParOldGen       total 42496K, used 8562K [0x00000000c3c00000, 0x00000000c6580000, 0x00000000ebf00000)
  object space 42496K, 20% used [0x00000000c3c00000,0x00000000c445ca20,0x00000000c6580000)
 Metaspace       used 20371K, capacity 21130K, committed 21296K, reserved 1067008K
  class space    used 2734K, capacity 2937K, committed 2944K, reserved 1048576K
}
Event: 8.267 GC heap before
{Heap before GC invocations=5 (full 1):
 PSYoungGen      total 18432K, used 2528K [0x00000000ebf00000, 0x00000000ee300000, 0x0000000100000000)
  eden space 15872K, 0% used [0x00000000ebf00000,0x00000000ebf00000,0x00000000ece80000)
  from space 2560K, 98% used [0x00000000ed100000,0x00000000ed378030,0x00000000ed380000)
  to   space 2560K, 0% used [0x00000000ece80000,0x00000000ece80000,0x00000000ed100000)
 ParOldGen       total 42496K, used 8562K [0x00000000c3c00000, 0x00000000c6580000, 0x00000000ebf00000)
  object space 42496K, 20% used [0x00000000c3c00000,0x00000000c445ca20,0x00000000c6580000)
 Metaspace       used 20371K, capacity 21130K, committed 21296K, reserved 1067008K
  class space    used 2734K, capacity 2937K, committed 2944K, reserved 1048576K
Event: 8.365 GC heap after
Heap after GC invocations=5 (full 1):
 PSYoungGen      total 18432K, used 0K [0x00000000ebf00000, 0x00000000ee300000, 0x0000000100000000)
  eden space 15872K, 0% used [0x00000000ebf00000,0x00000000ebf00000,0x00000000ece80000)
  from space 2560K, 0% used [0x00000000ed100000,0x00000000ed100000,0x00000000ed380000)
  to   space 2560K, 0% used [0x00000000ece80000,0x00000000ece80000,0x00000000ed100000)
 ParOldGen       total 38912K, used 10906K [0x00000000c3c00000, 0x00000000c6200000, 0x00000000ebf00000)
  object space 38912K, 28% used [0x00000000c3c00000,0x00000000c46a6a08,0x00000000c6200000)
 Metaspace       used 20371K, capacity 21130K, committed 21296K, reserved 1067008K
  class space    used 2734K, capacity 2937K, committed 2944K, reserved 1048576K
}
Event: 8.999 GC heap before
{Heap before GC invocations=6 (full 1):
 PSYoungGen      total 18432K, used 15872K [0x00000000ebf00000, 0x00000000ee300000, 0x0000000100000000)
  eden space 15872K, 100% used [0x00000000ebf00000,0x00000000ece80000,0x00000000ece80000)
  from space 2560K, 0% used [0x00000000ed100000,0x00000000ed100000,0x00000000ed380000)
  to   space 2560K, 0% used [0x00000000ece80000,0x00000000ece80000,0x00000000ed100000)
 ParOldGen       total 38912K, used 10906K [0x00000000c3c00000, 0x00000000c6200000, 0x00000000ebf00000)
  object space 38912K, 28% used [0x00000000c3c00000,0x00000000c46a6a08,0x00000000c6200000)
 Metaspace       used 23091K, capacity 23882K, committed 24064K, reserved 1071104K
  class space    used 3041K, capacity 3227K, committed 3328K, reserved 1048576K
Event: 9.011 GC heap after
Heap after GC invocations=6 (full 1):
 PSYoungGen      total 18432K, used 2536K [0x00000000ebf00000, 0x00000000ee680000, 0x0000000100000000)
  eden space 15872K, 0% used [0x00000000ebf00000,0x00000000ebf00000,0x00000000ece80000)
  from space 2560K, 99% used [0x00000000ece80000,0x00000000ed0fa040,0x00000000ed100000)
  to   space 7680K, 0% used [0x00000000edf00000,0x00000000edf00000,0x00000000ee680000)
 ParOldGen       total 38912K, used 11311K [0x00000000c3c00000, 0x00000000c6200000, 0x00000000ebf00000)
  object space 38912K, 29% used [0x00000000c3c00000,0x00000000c470be20,0x00000000c6200000)
 Metaspace       used 23091K, capacity 23882K, committed 24064K, reserved 1071104K
  class space    used 3041K, capacity 3227K, committed 3328K, reserved 1048576K
}

