# JRE version: Java(TM) SE Runtime Environment (8.0_251-b08) (build 1.8.0_251-b08)
# Java VM: Java HotSpot(TM) 64-Bit Server VM (25.251-b08 mixed mode linux-amd64 compressed oops)
Heap:
 PSYoungGen      total 18432K, used 7176K [0x00000000ebf00000, 0x00000000ee800000, 0x0000000100000000)
  eden space 15872K, 29% used [0x00000000ebf00000,0x00000000ec387c10,0x00000000ece80000)
  from space 2560K, 99% used [0x00000000ece80000,0x00000000ed0fa508,0x00000000ed100000)
  to   space 7680K, 0% used [0x00000000ee080000,0x00000000ee080000,0x00000000ee800000)
 ParOldGen       total 36864K, used 11352K [0x00000000c3c00000, 0x00000000c6000000, 0x00000000ebf00000)
  object space 36864K, 30% used [0x00000000c3c00000,0x00000000c47161d0,0x00000000c6000000)
 Metaspace       used 24796K, capacity 25708K, committed 25856K, reserved 1071104K
  class space    used 3291K, capacity 3522K, committed 3584K, reserved 1048576K
GC Heap History (10 events):
Event: 1.729 GC heap before
{Heap before GC invocations=2 (full 0):
 PSYoungGen      total 18432K, used 17576K [0x00000000ebf00000, 0x00000000ed380000, 0x0000000100000000)
  eden space 15872K, 100% used [0x00000000ebf00000,0x00000000ece80000,0x00000000ece80000)
  from space 2560K, 66% used [0x00000000ece80000,0x00000000ed02a3a8,0x00000000ed100000)
  to   space 2560K, 0% used [0x00000000ed100000,0x00000000ed100000,0x00000000ed380000)
 ParOldGen       total 42496K, used 8K [0x00000000c3c00000, 0x00000000c6580000, 0x00000000ebf00000)
  object space 42496K, 0% used [0x00000000c3c00000,0x00000000c3c02000,0x00000000c6580000)
 Metaspace       used 13595K, capacity 14086K, committed 14336K, reserved 1060864K
  class space    used 1842K, capacity 2007K, committed 2048K, reserved 1048576K
Event: 1.738 GC heap after
Heap after GC invocations=2 (full 0):
 PSYoungGen      total 18432K, used 2528K [0x00000000ebf00000, 0x00000000ed380000, 0x0000000100000000)
  eden space 15872K, 0% used [0x00000000ebf00000,0x00000000ebf00000,0x00000000ece80000)
  from space 2560K, 98% used [0x00000000ed100000,0x00000000ed378020,0x00000000ed380000)
  to   space 2560K, 0% used [0x00000000ece80000,0x00000000ece80000,0x00000000ed100000)
 ParOldGen       total 42496K, used 2429K [0x00000000c3c00000, 0x00000000c6580000, 0x00000000ebf00000)
  object space 42496K, 5% used [0x00000000c3c00000,0x00000000c3e5f6e0,0x00000000c6580000)
 Metaspace       used 13595K, capacity 14086K, committed 14336K, reserved 1060864K
  class space    used 1842K, capacity 2007K, committed 2048K, reserved 1048576K
}
Event: 14.261 GC heap before
{Heap before GC invocations=3 (full 0):
 PSYoungGen      total 18432K, used 18400K [0x00000000ebf00000, 0x00000000ed380000, 0x0000000100000000)
  eden space 15872K, 100% used [0x00000000ebf00000,0x00000000ece80000,0x00000000ece80000)
  from space 2560K, 98% used [0x00000000ed100000,0x00000000ed378020,0x00000000ed380000)
  to   space 2560K, 0% used [0x00000000ece80000,0x00000000ece80000,0x00000000ed100000)
 ParOldGen       total 42496K, used 2429K [0x00000000c3c00000, 0x00000000c6580000, 0x00000000ebf00000)
  object space 42496K, 5% used [0x00000000c3c00000,0x00000000c3e5f6e0,0x00000000c6580000)
 Metaspace       used 18663K, capacity 19418K, committed 19712K, reserved 1067008K
  class space    used 2533K, capacity 2735K, committed 2816K, reserved 1048576K
Event: 14.273 GC heap after
Heap after GC invocations=3 (full 0):
 PSYoungGen      total 18432K, used 2554K [0x00000000ebf00000, 0x00000000ed380000, 0x0000000100000000)
  eden space 15872K, 0% used [0x00000000ebf00000,0x00000000ebf00000,0x00000000ece80000)
  from space 2560K, 99% used [0x00000000ece80000,0x00000000ed0feb30,0x00000000ed100000)
  to   space 2560K, 0% used [0x00000000ed100000,0x00000000ed100000,0x00000000ed380000)
 ParOldGen       total 42496K, used 5974K [0x00000000c3c00000, 0x00000000c6580000, 0x00000000ebf00000)
  object space 42496K, 14% used [0x00000000c3c00000,0x00000000c41d5b10,0x00000000c6580000)
 Metaspace       used 18663K, capacity 19418K, committed 19712K, reserved 1067008K
  class space    used 2533K, capacity 2735K, committed 2816K, reserved 1048576K
}
Event: 14.533 GC heap before
{Heap before GC invocations=4 (full 0):
 PSYoungGen      total 18432K, used 10136K [0x00000000ebf00000, 0x00000000ed380000, 0x0000000100000000)
  eden space 15872K, 47% used [0x00000000ebf00000,0x00000000ec6677a8,0x00000000ece80000)
  from space 2560K, 99% used [0x00000000ece80000,0x00000000ed0feb30,0x00000000ed100000)
  to   space 2560K, 0% used [0x00000000ed100000,0x00000000ed100000,0x00000000ed380000)
 ParOldGen       total 42496K, used 5974K [0x00000000c3c00000, 0x00000000c6580000, 0x00000000ebf00000)
  object space 42496K, 14% used [0x00000000c3c00000,0x00000000c41d5b10,0x00000000c6580000)
 Metaspace       used 20456K, capacity 21254K, committed 21296K, reserved 1067008K
  class space    used 2734K, capacity 2937K, committed 2944K, reserved 1048576K
Event: 14.544 GC heap after
Heap after GC invocations=4 (full 0):
 PSYoungGen      total 18432K, used 2554K [0x00000000ebf00000, 0x00000000ee300000, 0x0000000100000000)
  eden space 15872K, 0% used [0x00000000ebf00000,0x00000000ebf00000,0x00000000ece80000)
  from space 2560K, 99% used [0x00000000ed100000,0x00000000ed37eb20,0x00000000ed380000)
  to   space 2560K, 0% used [0x00000000ece80000,0x00000000ece80000,0x00000000ed100000)
 ParOldGen       total 42496K, used 8548K [0x00000000c3c00000, 0x00000000c6580000, 0x00000000ebf00000)
  object space 42496K, 20% used [0x00000000c3c00000,0x00000000c44591d0,0x00000000c6580000)
 Metaspace       used 20456K, capacity 21254K, committed 21296K, reserved 1067008K
  class space    used 2734K, capacity 2937K, committed 2944K, reserved 1048576K
}
Event: 14.544 GC heap before
{Heap before GC invocations=5 (full 1):
 PSYoungGen      total 18432K, used 2554K [0x00000000ebf00000, 0x00000000ee300000, 0x0000000100000000)
  eden space 15872K, 0% used [0x00000000ebf00000,0x00000000ebf00000,0x00000000ece80000)
  from space 2560K, 99% used [0x00000000ed100000,0x00000000ed37eb20,0x00000000ed380000)
  to   space 2560K, 0% used [0x00000000ece80000,0x00000000ece80000,0x00000000ed100000)
 ParOldGen       total 42496K, used 8548K [0x00000000c3c00000, 0x00000000c6580000, 0x00000000ebf00000)
  object space 42496K, 20% used [0x00000000c3c00000,0x00000000c44591d0,0x00000000c6580000)
 Metaspace       used 20456K, capacity 21254K, committed 21296K, reserved 1067008K
  class space    used 2734K, capacity 2937K, committed 2944K, reserved 1048576K
Event: 14.632 GC heap after
Heap after GC invocations=5 (full 1):
 PSYoungGen      total 18432K, used 0K [0x00000000ebf00000, 0x00000000ee300000, 0x0000000100000000)
  eden space 15872K, 0% used [0x00000000ebf00000,0x00000000ebf00000,0x00000000ece80000)
  from space 2560K, 0% used [0x00000000ed100000,0x00000000ed100000,0x00000000ed380000)
  to   space 2560K, 0% used [0x00000000ece80000,0x00000000ece80000,0x00000000ed100000)
 ParOldGen       total 36864K, used 10924K [0x00000000c3c00000, 0x00000000c6000000, 0x00000000ebf00000)
  object space 36864K, 29% used [0x00000000c3c00000,0x00000000c46ab028,0x00000000c6000000)
 Metaspace       used 20456K, capacity 21254K, committed 21296K, reserved 1067008K
  class space    used 2734K, capacity 2937K, committed 2944K, reserved 1048576K
}
Event: 15.335 GC heap before
{Heap before GC invocations=6 (full 1):
 PSYoungGen      total 18432K, used 15872K [0x00000000ebf00000, 0x00000000ee300000, 0x0000000100000000)
  eden space 15872K, 100% used [0x00000000ebf00000,0x00000000ece80000,0x00000000ece80000)
  from space 2560K, 0% used [0x00000000ed100000,0x00000000ed100000,0x00000000ed380000)
  to   space 2560K, 0% used [0x00000000ece80000,0x00000000ece80000,0x00000000ed100000)
 ParOldGen       total 36864K, used 10924K [0x00000000c3c00000, 0x00000000c6000000, 0x00000000ebf00000)
  object space 36864K, 29% used [0x00000000c3c00000,0x00000000c46ab028,0x00000000c6000000)
 Metaspace       used 23160K, capacity 24006K, committed 24320K, reserved 1071104K
  class space    used 3040K, capacity 3227K, committed 3328K, reserved 1048576K
Event: 15.341 GC heap after
Heap after GC invocations=6 (full 1):
 PSYoungGen      total 18432K, used 2537K [0x00000000ebf00000, 0x00000000ee800000, 0x0000000100000000)
  eden space 15872K, 0% used [0x00000000ebf00000,0x00000000ebf00000,0x00000000ece80000)
  from space 2560K, 99% used [0x00000000ece80000,0x00000000ed0fa508,0x00000000ed100000)
  to   space 7680K, 0% used [0x00000000ee080000,0x00000000ee080000,0x00000000ee800000)
 ParOldGen       total 36864K, used 11352K [0x00000000c3c00000, 0x00000000c6000000, 0x00000000ebf00000)
  object space 36864K, 30% used [0x00000000c3c00000,0x00000000c47161d0,0x00000000c6000000)
 Metaspace       used 23160K, capacity 24006K, committed 24320K, reserved 1071104K
  class space    used 3040K, capacity 3227K, committed 3328K, reserved 1048576K
}

