# JRE version: Java(TM) SE Runtime Environment (8.0_251-b08) (build 1.8.0_251-b08)
# Java VM: Java HotSpot(TM) 64-Bit Server VM (25.251-b08 mixed mode linux-amd64 compressed oops)
Heap:
 PSYoungGen      total 18432K, used 14576K [0x00000000ebf00000, 0x00000000ee700000, 0x0000000100000000)
  eden space 15872K, 75% used [0x00000000ebf00000,0x00000000ecac1d10,0x00000000ece80000)
  from space 2560K, 99% used [0x00000000ece80000,0x00000000ed0fa508,0x00000000ed100000)
  to   space 7680K, 0% used [0x00000000edf80000,0x00000000edf80000,0x00000000ee700000)
 ParOldGen       total 38400K, used 11369K [0x00000000c3c00000, 0x00000000c6180000, 0x00000000ebf00000)
  object space 38400K, 29% used [0x00000000c3c00000,0x00000000c471a760,0x00000000c6180000)
 Metaspace       used 26386K, capacity 27466K, committed 27648K, reserved 1073152K
  class space    used 3541K, capacity 3833K, committed 3840K, reserved 1048576K
GC Heap History (10 events):
Event: 1.662 GC heap before
{Heap before GC invocations=2 (full 0):
 PSYoungGen      total 18432K, used 17560K [0x00000000ebf00000, 0x00000000ed380000, 0x0000000100000000)
  eden space 15872K, 100% used [0x00000000ebf00000,0x00000000ece80000,0x00000000ece80000)
  from space 2560K, 65% used [0x00000000ece80000,0x00000000ed026398,0x00000000ed100000)
  to   space 2560K, 0% used [0x00000000ed100000,0x00000000ed100000,0x00000000ed380000)
 ParOldGen       total 42496K, used 8K [0x00000000c3c00000, 0x00000000c6580000, 0x00000000ebf00000)
  object space 42496K, 0% used [0x00000000c3c00000,0x00000000c3c02000,0x00000000c6580000)
 Metaspace       used 13718K, capacity 14206K, committed 14336K, reserved 1060864K
  class space    used 1864K, capacity 2039K, committed 2048K, reserved 1048576K
Event: 1.673 GC heap after
Heap after GC invocations=2 (full 0):
 PSYoungGen      total 18432K, used 2528K [0x00000000ebf00000, 0x00000000ed380000, 0x0000000100000000)
  eden space 15872K, 0% used [0x00000000ebf00000,0x00000000ebf00000,0x00000000ece80000)
  from space 2560K, 98% used [0x00000000ed100000,0x00000000ed378020,0x00000000ed380000)
  to   space 2560K, 0% used [0x00000000ece80000,0x00000000ece80000,0x00000000ed100000)
 ParOldGen       total 42496K, used 2573K [0x00000000c3c00000, 0x00000000c6580000, 0x00000000ebf00000)
  object space 42496K, 6% used [0x00000000c3c00000,0x00000000c3e836a8,0x00000000c6580000)
 Metaspace       used 13718K, capacity 14206K, committed 14336K, reserved 1060864K
  class space    used 1864K, capacity 2039K, committed 2048K, reserved 1048576K
}
Event: 9.546 GC heap before
{Heap before GC invocations=3 (full 0):
 PSYoungGen      total 18432K, used 18400K [0x00000000ebf00000, 0x00000000ed380000, 0x0000000100000000)
  eden space 15872K, 100% used [0x00000000ebf00000,0x00000000ece80000,0x00000000ece80000)
  from space 2560K, 98% used [0x00000000ed100000,0x00000000ed378020,0x00000000ed380000)
  to   space 2560K, 0% used [0x00000000ece80000,0x00000000ece80000,0x00000000ed100000)
 ParOldGen       total 42496K, used 2573K [0x00000000c3c00000, 0x00000000c6580000, 0x00000000ebf00000)
  object space 42496K, 6% used [0x00000000c3c00000,0x00000000c3e836a8,0x00000000c6580000)
 Metaspace       used 18976K, capacity 19810K, committed 19968K, reserved 1067008K
  class space    used 2579K, capacity 2803K, committed 2816K, reserved 1048576K
Event: 9.561 GC heap after
Heap after GC invocations=3 (full 0):
 PSYoungGen      total 18432K, used 2549K [0x00000000ebf00000, 0x00000000ed380000, 0x0000000100000000)
  eden space 15872K, 0% used [0x00000000ebf00000,0x00000000ebf00000,0x00000000ece80000)
  from space 2560K, 99% used [0x00000000ece80000,0x00000000ed0fd658,0x00000000ed100000)
  to   space 2560K, 0% used [0x00000000ed100000,0x00000000ed100000,0x00000000ed380000)
 ParOldGen       total 42496K, used 7091K [0x00000000c3c00000, 0x00000000c6580000, 0x00000000ebf00000)
  object space 42496K, 16% used [0x00000000c3c00000,0x00000000c42eccc0,0x00000000c6580000)
 Metaspace       used 18976K, capacity 19810K, committed 19968K, reserved 1067008K
  class space    used 2579K, capacity 2803K, committed 2816K, reserved 1048576K
}
Event: 9.735 GC heap before
{Heap before GC invocations=4 (full 0):
 PSYoungGen      total 18432K, used 7249K [0x00000000ebf00000, 0x00000000ed380000, 0x0000000100000000)
  eden space 15872K, 29% used [0x00000000ebf00000,0x00000000ec396db8,0x00000000ece80000)
  from space 2560K, 99% used [0x00000000ece80000,0x00000000ed0fd658,0x00000000ed100000)
  to   space 2560K, 0% used [0x00000000ed100000,0x00000000ed100000,0x00000000ed380000)
 ParOldGen       total 42496K, used 7091K [0x00000000c3c00000, 0x00000000c6580000, 0x00000000ebf00000)
  object space 42496K, 16% used [0x00000000c3c00000,0x00000000c42eccc0,0x00000000c6580000)
 Metaspace       used 20372K, capacity 21126K, committed 21296K, reserved 1067008K
  class space    used 2735K, capacity 2937K, committed 2944K, reserved 1048576K
Event: 9.744 GC heap after
Heap after GC invocations=4 (full 0):
 PSYoungGen      total 18432K, used 2528K [0x00000000ebf00000, 0x00000000ee300000, 0x0000000100000000)
  eden space 15872K, 0% used [0x00000000ebf00000,0x00000000ebf00000,0x00000000ece80000)
  from space 2560K, 98% used [0x00000000ed100000,0x00000000ed378030,0x00000000ed380000)
  to   space 2560K, 0% used [0x00000000ece80000,0x00000000ece80000,0x00000000ed100000)
 ParOldGen       total 42496K, used 8553K [0x00000000c3c00000, 0x00000000c6580000, 0x00000000ebf00000)
  object space 42496K, 20% used [0x00000000c3c00000,0x00000000c445a620,0x00000000c6580000)
 Metaspace       used 20372K, capacity 21126K, committed 21296K, reserved 1067008K
  class space    used 2735K, capacity 2937K, committed 2944K, reserved 1048576K
}
Event: 9.744 GC heap before
{Heap before GC invocations=5 (full 1):
 PSYoungGen      total 18432K, used 2528K [0x00000000ebf00000, 0x00000000ee300000, 0x0000000100000000)
  eden space 15872K, 0% used [0x00000000ebf00000,0x00000000ebf00000,0x00000000ece80000)
  from space 2560K, 98% used [0x00000000ed100000,0x00000000ed378030,0x00000000ed380000)
  to   space 2560K, 0% used [0x00000000ece80000,0x00000000ece80000,0x00000000ed100000)
 ParOldGen       total 42496K, used 8553K [0x00000000c3c00000, 0x00000000c6580000, 0x00000000ebf00000)
  object space 42496K, 20% used [0x00000000c3c00000,0x00000000c445a620,0x00000000c6580000)
 Metaspace       used 20372K, capacity 21126K, committed 21296K, reserved 1067008K
  class space    used 2735K, capacity 2937K, committed 2944K, reserved 1048576K
Event: 9.842 GC heap after
Heap after GC invocations=5 (full 1):
 PSYoungGen      total 18432K, used 0K [0x00000000ebf00000, 0x00000000ee300000, 0x0000000100000000)
  eden space 15872K, 0% used [0x00000000ebf00000,0x00000000ebf00000,0x00000000ece80000)
  from space 2560K, 0% used [0x00000000ed100000,0x00000000ed100000,0x00000000ed380000)
  to   space 2560K, 0% used [0x00000000ece80000,0x00000000ece80000,0x00000000ed100000)
 ParOldGen       total 38400K, used 10836K [0x00000000c3c00000, 0x00000000c6180000, 0x00000000ebf00000)
  object space 38400K, 28% used [0x00000000c3c00000,0x00000000c4695280,0x00000000c6180000)
 Metaspace       used 20372K, capacity 21126K, committed 21296K, reserved 1067008K
  class space    used 2735K, capacity 2937K, committed 2944K, reserved 1048576K
}
Event: 10.438 GC heap before
{Heap before GC invocations=6 (full 1):
 PSYoungGen      total 18432K, used 15872K [0x00000000ebf00000, 0x00000000ee300000, 0x0000000100000000)
  eden space 15872K, 100% used [0x00000000ebf00000,0x00000000ece80000,0x00000000ece80000)
  from space 2560K, 0% used [0x00000000ed100000,0x00000000ed100000,0x00000000ed380000)
  to   space 2560K, 0% used [0x00000000ece80000,0x00000000ece80000,0x00000000ed100000)
 ParOldGen       total 38400K, used 10836K [0x00000000c3c00000, 0x00000000c6180000, 0x00000000ebf00000)
  object space 38400K, 28% used [0x00000000c3c00000,0x00000000c4695280,0x00000000c6180000)
 Metaspace       used 23057K, capacity 23880K, committed 24064K, reserved 1071104K
  class space    used 3040K, capacity 3256K, committed 3328K, reserved 1048576K
Event: 10.444 GC heap after
Heap after GC invocations=6 (full 1):
 PSYoungGen      total 18432K, used 2537K [0x00000000ebf00000, 0x00000000ee700000, 0x0000000100000000)
  eden space 15872K, 0% used [0x00000000ebf00000,0x00000000ebf00000,0x00000000ece80000)
  from space 2560K, 99% used [0x00000000ece80000,0x00000000ed0fa508,0x00000000ed100000)
  to   space 7680K, 0% used [0x00000000edf80000,0x00000000edf80000,0x00000000ee700000)
 ParOldGen       total 38400K, used 11369K [0x00000000c3c00000, 0x00000000c6180000, 0x00000000ebf00000)
  object space 38400K, 29% used [0x00000000c3c00000,0x00000000c471a760,0x00000000c6180000)
 Metaspace       used 23057K, capacity 23880K, committed 24064K, reserved 1071104K
  class space    used 3040K, capacity 3256K, committed 3328K, reserved 1048576K
}

