# JRE version: Java(TM) SE Runtime Environment (8.0_251-b08) (build 1.8.0_251-b08)
# Java VM: Java HotSpot(TM) 64-Bit Server VM (25.251-b08 mixed mode linux-amd64 compressed oops)
Heap:
 PSYoungGen      total 34304K, used 24150K [0x00000000ebf00000, 0x00000000ee300000, 0x0000000100000000)
  eden space 31744K, 76% used [0x00000000ebf00000,0x00000000ed695b40,0x00000000ede00000)
  from space 2560K, 0% used [0x00000000ede00000,0x00000000ede00000,0x00000000ee080000)
  to   space 2560K, 0% used [0x00000000ee080000,0x00000000ee080000,0x00000000ee300000)
 ParOldGen       total 40960K, used 10070K [0x00000000c3c00000, 0x00000000c6400000, 0x00000000ebf00000)
  object space 40960K, 24% used [0x00000000c3c00000,0x00000000c45d5998,0x00000000c6400000)
 Metaspace       used 24785K, capacity 25716K, committed 25856K, reserved 1071104K
  class space    used 3294K, capacity 3522K, committed 3584K, reserved 1048576K
GC Heap History (8 events):
Event: 0.642 GC heap before
{Heap before GC invocations=1 (full 0):
 PSYoungGen      total 18432K, used 15872K [0x00000000ebf00000, 0x00000000ed380000, 0x0000000100000000)
  eden space 15872K, 100% used [0x00000000ebf00000,0x00000000ece80000,0x00000000ece80000)
  from space 2560K, 0% used [0x00000000ed100000,0x00000000ed100000,0x00000000ed380000)
  to   space 2560K, 0% used [0x00000000ece80000,0x00000000ece80000,0x00000000ed100000)
 ParOldGen       total 42496K, used 0K [0x00000000c3c00000, 0x00000000c6580000, 0x00000000ebf00000)
  object space 42496K, 0% used [0x00000000c3c00000,0x00000000c3c00000,0x00000000c6580000)
 Metaspace       used 6342K, capacity 6800K, committed 7040K, reserved 1056768K
  class space    used 754K, capacity 847K, committed 896K, reserved 1048576K
Event: 0.649 GC heap after
Heap after GC invocations=1 (full 0):
 PSYoungGen      total 18432K, used 1704K [0x00000000ebf00000, 0x00000000ee300000, 0x0000000100000000)
  eden space 15872K, 0% used [0x00000000ebf00000,0x00000000ebf00000,0x00000000ece80000)
  from space 2560K, 66% used [0x00000000ece80000,0x00000000ed02a3a8,0x00000000ed100000)
  to   space 2560K, 0% used [0x00000000ee080000,0x00000000ee080000,0x00000000ee300000)
 ParOldGen       total 42496K, used 8K [0x00000000c3c00000, 0x00000000c6580000, 0x00000000ebf00000)
  object space 42496K, 0% used [0x00000000c3c00000,0x00000000c3c02000,0x00000000c6580000)
 Metaspace       used 6342K, capacity 6800K, committed 7040K, reserved 1056768K
  class space    used 754K, capacity 847K, committed 896K, reserved 1048576K
}
Event: 1.525 GC heap before
{Heap before GC invocations=2 (full 0):
 PSYoungGen      total 18432K, used 17576K [0x00000000ebf00000, 0x00000000ee300000, 0x0000000100000000)
  eden space 15872K, 100% used [0x00000000ebf00000,0x00000000ece80000,0x00000000ece80000)
  from space 2560K, 66% used [0x00000000ece80000,0x00000000ed02a3a8,0x00000000ed100000)
  to   space 2560K, 0% used [0x00000000ee080000,0x00000000ee080000,0x00000000ee300000)
 ParOldGen       total 42496K, used 8K [0x00000000c3c00000, 0x00000000c6580000, 0x00000000ebf00000)
  object space 42496K, 0% used [0x00000000c3c00000,0x00000000c3c02000,0x00000000c6580000)
 Metaspace       used 13589K, capacity 14034K, committed 14080K, reserved 1060864K
  class space    used 1842K, capacity 2007K, committed 2048K, reserved 1048576K
Event: 1.536 GC heap after
Heap after GC invocations=2 (full 0):
 PSYoungGen      total 34304K, used 2536K [0x00000000ebf00000, 0x00000000ee300000, 0x0000000100000000)
  eden space 31744K, 0% used [0x00000000ebf00000,0x00000000ebf00000,0x00000000ede00000)
  from space 2560K, 99% used [0x00000000ee080000,0x00000000ee2fa3a8,0x00000000ee300000)
  to   space 2560K, 0% used [0x00000000ede00000,0x00000000ede00000,0x00000000ee080000)
 ParOldGen       total 42496K, used 2440K [0x00000000c3c00000, 0x00000000c6580000, 0x00000000ebf00000)
  object space 42496K, 5% used [0x00000000c3c00000,0x00000000c3e62080,0x00000000c6580000)
 Metaspace       used 13589K, capacity 14034K, committed 14080K, reserved 1060864K
  class space    used 1842K, capacity 2007K, committed 2048K, reserved 1048576K
}
Event: 9.439 GC heap before
{Heap before GC invocations=3 (full 0):
 PSYoungGen      total 34304K, used 22399K [0x00000000ebf00000, 0x00000000ee300000, 0x0000000100000000)
  eden space 31744K, 62% used [0x00000000ebf00000,0x00000000ed265c18,0x00000000ede00000)
  from space 2560K, 99% used [0x00000000ee080000,0x00000000ee2fa3a8,0x00000000ee300000)
  to   space 2560K, 0% used [0x00000000ede00000,0x00000000ede00000,0x00000000ee080000)
 ParOldGen       total 42496K, used 2440K [0x00000000c3c00000, 0x00000000c6580000, 0x00000000ebf00000)
  object space 42496K, 5% used [0x00000000c3c00000,0x00000000c3e62080,0x00000000c6580000)
 Metaspace       used 20309K, capacity 21068K, committed 21248K, reserved 1067008K
  class space    used 2736K, capacity 2964K, committed 3072K, reserved 1048576K
Event: 9.453 GC heap after
Heap after GC invocations=3 (full 0):
 PSYoungGen      total 34304K, used 2552K [0x00000000ebf00000, 0x00000000ee300000, 0x0000000100000000)
  eden space 31744K, 0% used [0x00000000ebf00000,0x00000000ebf00000,0x00000000ede00000)
  from space 2560K, 99% used [0x00000000ede00000,0x00000000ee07e388,0x00000000ee080000)
  to   space 2560K, 0% used [0x00000000ee080000,0x00000000ee080000,0x00000000ee300000)
 ParOldGen       total 42496K, used 7818K [0x00000000c3c00000, 0x00000000c6580000, 0x00000000ebf00000)
  object space 42496K, 18% used [0x00000000c3c00000,0x00000000c43a2a78,0x00000000c6580000)
 Metaspace       used 20309K, capacity 21068K, committed 21248K, reserved 1067008K
  class space    used 2736K, capacity 2964K, committed 3072K, reserved 1048576K
}
Event: 9.453 GC heap before
{Heap before GC invocations=4 (full 1):
 PSYoungGen      total 34304K, used 2552K [0x00000000ebf00000, 0x00000000ee300000, 0x0000000100000000)
  eden space 31744K, 0% used [0x00000000ebf00000,0x00000000ebf00000,0x00000000ede00000)
  from space 2560K, 99% used [0x00000000ede00000,0x00000000ee07e388,0x00000000ee080000)
  to   space 2560K, 0% used [0x00000000ee080000,0x00000000ee080000,0x00000000ee300000)
 ParOldGen       total 42496K, used 7818K [0x00000000c3c00000, 0x00000000c6580000, 0x00000000ebf00000)
  object space 42496K, 18% used [0x00000000c3c00000,0x00000000c43a2a78,0x00000000c6580000)
 Metaspace       used 20309K, capacity 21068K, committed 21248K, reserved 1067008K
  class space    used 2736K, capacity 2964K, committed 3072K, reserved 1048576K
Event: 9.531 GC heap after
Heap after GC invocations=4 (full 1):
 PSYoungGen      total 34304K, used 0K [0x00000000ebf00000, 0x00000000ee300000, 0x0000000100000000)
  eden space 31744K, 0% used [0x00000000ebf00000,0x00000000ebf00000,0x00000000ede00000)
  from space 2560K, 0% used [0x00000000ede00000,0x00000000ede00000,0x00000000ee080000)
  to   space 2560K, 0% used [0x00000000ee080000,0x00000000ee080000,0x00000000ee300000)
 ParOldGen       total 40960K, used 10070K [0x00000000c3c00000, 0x00000000c6400000, 0x00000000ebf00000)
  object space 40960K, 24% used [0x00000000c3c00000,0x00000000c45d5998,0x00000000c6400000)
 Metaspace       used 20309K, capacity 21068K, committed 21248K, reserved 1067008K
  class space    used 2736K, capacity 2964K, committed 3072K, reserved 1048576K
}

