# JRE version: Java(TM) SE Runtime Environment (8.0_251-b08) (build 1.8.0_251-b08)
# Java VM: Java HotSpot(TM) 64-Bit Server VM (25.251-b08 mixed mode linux-amd64 compressed oops)
Heap:
 PSYoungGen      total 18432K, used 13323K [0x00000000ebf00000, 0x00000000ee700000, 0x0000000100000000)
  eden space 15872K, 67% used [0x00000000ebf00000,0x00000000ec983690,0x00000000ece80000)
  from space 2560K, 99% used [0x00000000ece80000,0x00000000ed0ff788,0x00000000ed100000)
  to   space 8192K, 0% used [0x00000000edf00000,0x00000000edf00000,0x00000000ee700000)
 ParOldGen       total 39424K, used 11370K [0x00000000c3c00000, 0x00000000c6280000, 0x00000000ebf00000)
  object space 39424K, 28% used [0x00000000c3c00000,0x00000000c471a8b0,0x00000000c6280000)
 Metaspace       used 26198K, capacity 27248K, committed 27392K, reserved 1073152K
  class space    used 3536K, capacity 3802K, committed 3840K, reserved 1048576K
GC Heap History (10 events):
Event: 1.503 GC heap before
{Heap before GC invocations=2 (full 0):
 PSYoungGen      total 18432K, used 17608K [0x00000000ebf00000, 0x00000000ed380000, 0x0000000100000000)
  eden space 15872K, 100% used [0x00000000ebf00000,0x00000000ece80000,0x00000000ece80000)
  from space 2560K, 67% used [0x00000000ece80000,0x00000000ed0323a8,0x00000000ed100000)
  to   space 2560K, 0% used [0x00000000ed100000,0x00000000ed100000,0x00000000ed380000)
 ParOldGen       total 42496K, used 8K [0x00000000c3c00000, 0x00000000c6580000, 0x00000000ebf00000)
  object space 42496K, 0% used [0x00000000c3c00000,0x00000000c3c02000,0x00000000c6580000)
 Metaspace       used 13756K, capacity 14270K, committed 14336K, reserved 1060864K
  class space    used 1865K, capacity 2039K, committed 2048K, reserved 1048576K
Event: 1.513 GC heap after
Heap after GC invocations=2 (full 0):
 PSYoungGen      total 18432K, used 2528K [0x00000000ebf00000, 0x00000000ed380000, 0x0000000100000000)
  eden space 15872K, 0% used [0x00000000ebf00000,0x00000000ebf00000,0x00000000ece80000)
  from space 2560K, 98% used [0x00000000ed100000,0x00000000ed378020,0x00000000ed380000)
  to   space 2560K, 0% used [0x00000000ece80000,0x00000000ece80000,0x00000000ed100000)
 ParOldGen       total 42496K, used 2507K [0x00000000c3c00000, 0x00000000c6580000, 0x00000000ebf00000)
  object space 42496K, 5% used [0x00000000c3c00000,0x00000000c3e72ec0,0x00000000c6580000)
 Metaspace       used 13756K, capacity 14270K, committed 14336K, reserved 1060864K
  class space    used 1865K, capacity 2039K, committed 2048K, reserved 1048576K
}
Event: 7.299 GC heap before
{Heap before GC invocations=3 (full 0):
 PSYoungGen      total 18432K, used 18400K [0x00000000ebf00000, 0x00000000ed380000, 0x0000000100000000)
  eden space 15872K, 100% used [0x00000000ebf00000,0x00000000ece80000,0x00000000ece80000)
  from space 2560K, 98% used [0x00000000ed100000,0x00000000ed378020,0x00000000ed380000)
  to   space 2560K, 0% used [0x00000000ece80000,0x00000000ece80000,0x00000000ed100000)
 ParOldGen       total 42496K, used 2507K [0x00000000c3c00000, 0x00000000c6580000, 0x00000000ebf00000)
  object space 42496K, 5% used [0x00000000c3c00000,0x00000000c3e72ec0,0x00000000c6580000)
 Metaspace       used 18923K, capacity 19686K, committed 19968K, reserved 1067008K
  class space    used 2580K, capacity 2803K, committed 2816K, reserved 1048576K
Event: 7.316 GC heap after
Heap after GC invocations=3 (full 0):
 PSYoungGen      total 18432K, used 2554K [0x00000000ebf00000, 0x00000000ed380000, 0x0000000100000000)
  eden space 15872K, 0% used [0x00000000ebf00000,0x00000000ebf00000,0x00000000ece80000)
  from space 2560K, 99% used [0x00000000ece80000,0x00000000ed0feb50,0x00000000ed100000)
  to   space 2560K, 0% used [0x00000000ed100000,0x00000000ed100000,0x00000000ed380000)
 ParOldGen       total 42496K, used 7230K [0x00000000c3c00000, 0x00000000c6580000, 0x00000000ebf00000)
  object space 42496K, 17% used [0x00000000c3c00000,0x00000000c430f9a0,0x00000000c6580000)
 Metaspace       used 18923K, capacity 19686K, committed 19968K, reserved 1067008K
  class space    used 2580K, capacity 2803K, committed 2816K, reserved 1048576K
}
Event: 7.491 GC heap before
{Heap before GC invocations=4 (full 0):
 PSYoungGen      total 18432K, used 7967K [0x00000000ebf00000, 0x00000000ed380000, 0x0000000100000000)
  eden space 15872K, 34% used [0x00000000ebf00000,0x00000000ec449140,0x00000000ece80000)
  from space 2560K, 99% used [0x00000000ece80000,0x00000000ed0feb50,0x00000000ed100000)
  to   space 2560K, 0% used [0x00000000ed100000,0x00000000ed100000,0x00000000ed380000)
 ParOldGen       total 42496K, used 7230K [0x00000000c3c00000, 0x00000000c6580000, 0x00000000ebf00000)
  object space 42496K, 17% used [0x00000000c3c00000,0x00000000c430f9a0,0x00000000c6580000)
 Metaspace       used 20337K, capacity 21130K, committed 21296K, reserved 1067008K
  class space    used 2735K, capacity 2937K, committed 2944K, reserved 1048576K
Event: 7.498 GC heap after
Heap after GC invocations=4 (full 0):
 PSYoungGen      total 18432K, used 2533K [0x00000000ebf00000, 0x00000000ee300000, 0x0000000100000000)
  eden space 15872K, 0% used [0x00000000ebf00000,0x00000000ebf00000,0x00000000ece80000)
  from space 2560K, 98% used [0x00000000ed100000,0x00000000ed379638,0x00000000ed380000)
  to   space 2560K, 0% used [0x00000000ece80000,0x00000000ece80000,0x00000000ed100000)
 ParOldGen       total 42496K, used 8531K [0x00000000c3c00000, 0x00000000c6580000, 0x00000000ebf00000)
  object space 42496K, 20% used [0x00000000c3c00000,0x00000000c4454ef0,0x00000000c6580000)
 Metaspace       used 20337K, capacity 21130K, committed 21296K, reserved 1067008K
  class space    used 2735K, capacity 2937K, committed 2944K, reserved 1048576K
}
Event: 7.499 GC heap before
{Heap before GC invocations=5 (full 1):
 PSYoungGen      total 18432K, used 2533K [0x00000000ebf00000, 0x00000000ee300000, 0x0000000100000000)
  eden space 15872K, 0% used [0x00000000ebf00000,0x00000000ebf00000,0x00000000ece80000)
  from space 2560K, 98% used [0x00000000ed100000,0x00000000ed379638,0x00000000ed380000)
  to   space 2560K, 0% used [0x00000000ece80000,0x00000000ece80000,0x00000000ed100000)
 ParOldGen       total 42496K, used 8531K [0x00000000c3c00000, 0x00000000c6580000, 0x00000000ebf00000)
  object space 42496K, 20% used [0x00000000c3c00000,0x00000000c4454ef0,0x00000000c6580000)
 Metaspace       used 20337K, capacity 21130K, committed 21296K, reserved 1067008K
  class space    used 2735K, capacity 2937K, committed 2944K, reserved 1048576K
Event: 7.585 GC heap after
Heap after GC invocations=5 (full 1):
 PSYoungGen      total 18432K, used 0K [0x00000000ebf00000, 0x00000000ee300000, 0x0000000100000000)
  eden space 15872K, 0% used [0x00000000ebf00000,0x00000000ebf00000,0x00000000ece80000)
  from space 2560K, 0% used [0x00000000ed100000,0x00000000ed100000,0x00000000ed380000)
  to   space 2560K, 0% used [0x00000000ece80000,0x00000000ece80000,0x00000000ed100000)
 ParOldGen       total 39424K, used 10890K [0x00000000c3c00000, 0x00000000c6280000, 0x00000000ebf00000)
  object space 39424K, 27% used [0x00000000c3c00000,0x00000000c46a2a40,0x00000000c6280000)
 Metaspace       used 20337K, capacity 21130K, committed 21296K, reserved 1067008K
  class space    used 2735K, capacity 2937K, committed 2944K, reserved 1048576K
}
Event: 8.287 GC heap before
{Heap before GC invocations=6 (full 1):
 PSYoungGen      total 18432K, used 15872K [0x00000000ebf00000, 0x00000000ee300000, 0x0000000100000000)
  eden space 15872K, 100% used [0x00000000ebf00000,0x00000000ece80000,0x00000000ece80000)
  from space 2560K, 0% used [0x00000000ed100000,0x00000000ed100000,0x00000000ed380000)
  to   space 2560K, 0% used [0x00000000ece80000,0x00000000ece80000,0x00000000ed100000)
 ParOldGen       total 39424K, used 10890K [0x00000000c3c00000, 0x00000000c6280000, 0x00000000ebf00000)
  object space 39424K, 27% used [0x00000000c3c00000,0x00000000c46a2a40,0x00000000c6280000)
 Metaspace       used 23055K, capacity 23882K, committed 24064K, reserved 1071104K
  class space    used 3042K, capacity 3227K, committed 3328K, reserved 1048576K
Event: 8.293 GC heap after
Heap after GC invocations=6 (full 1):
 PSYoungGen      total 18432K, used 2557K [0x00000000ebf00000, 0x00000000ee700000, 0x0000000100000000)
  eden space 15872K, 0% used [0x00000000ebf00000,0x00000000ebf00000,0x00000000ece80000)
  from space 2560K, 99% used [0x00000000ece80000,0x00000000ed0ff788,0x00000000ed100000)
  to   space 8192K, 0% used [0x00000000edf00000,0x00000000edf00000,0x00000000ee700000)
 ParOldGen       total 39424K, used 11370K [0x00000000c3c00000, 0x00000000c6280000, 0x00000000ebf00000)
  object space 39424K, 28% used [0x00000000c3c00000,0x00000000c471a8b0,0x00000000c6280000)
 Metaspace       used 23055K, capacity 23882K, committed 24064K, reserved 1071104K
  class space    used 3042K, capacity 3227K, committed 3328K, reserved 1048576K
}

