# JRE version: Java(TM) SE Runtime Environment (8.0_251-b08) (build 1.8.0_251-b08)
# Java VM: Java HotSpot(TM) 64-Bit Server VM (25.251-b08 mixed mode linux-amd64 compressed oops)
Heap:
 PSYoungGen      total 18432K, used 10781K [0x00000000ebf00000, 0x00000000ee900000, 0x0000000100000000)
  eden space 15872K, 51% used [0x00000000ebf00000,0x00000000ec709d98,0x00000000ece80000)
  from space 2560K, 99% used [0x00000000ece80000,0x00000000ed0fd9f0,0x00000000ed100000)
  to   space 7168K, 0% used [0x00000000ee200000,0x00000000ee200000,0x00000000ee900000)
 ParOldGen       total 33280K, used 10060K [0x00000000c3c00000, 0x00000000c5c80000, 0x00000000ebf00000)
  object space 33280K, 30% used [0x00000000c3c00000,0x00000000c45d32e0,0x00000000c5c80000)
 Metaspace       used 24866K, capacity 25784K, committed 25856K, reserved 1071104K
  class space    used 3294K, capacity 3522K, committed 3584K, reserved 1048576K
GC Heap History (10 events):
Event: 1.984 GC heap before
{Heap before GC invocations=2 (full 0):
 PSYoungGen      total 18432K, used 17576K [0x00000000ebf00000, 0x00000000ed380000, 0x0000000100000000)
  eden space 15872K, 100% used [0x00000000ebf00000,0x00000000ece80000,0x00000000ece80000)
  from space 2560K, 66% used [0x00000000ece80000,0x00000000ed02a3a8,0x00000000ed100000)
  to   space 2560K, 0% used [0x00000000ed100000,0x00000000ed100000,0x00000000ed380000)
 ParOldGen       total 42496K, used 8K [0x00000000c3c00000, 0x00000000c6580000, 0x00000000ebf00000)
  object space 42496K, 0% used [0x00000000c3c00000,0x00000000c3c02000,0x00000000c6580000)
 Metaspace       used 13639K, capacity 14102K, committed 14336K, reserved 1060864K
  class space    used 1842K, capacity 2007K, committed 2048K, reserved 1048576K
Event: 1.996 GC heap after
Heap after GC invocations=2 (full 0):
 PSYoungGen      total 18432K, used 2552K [0x00000000ebf00000, 0x00000000ed380000, 0x0000000100000000)
  eden space 15872K, 0% used [0x00000000ebf00000,0x00000000ebf00000,0x00000000ece80000)
  from space 2560K, 99% used [0x00000000ed100000,0x00000000ed37e398,0x00000000ed380000)
  to   space 2560K, 0% used [0x00000000ece80000,0x00000000ece80000,0x00000000ed100000)
 ParOldGen       total 42496K, used 2405K [0x00000000c3c00000, 0x00000000c6580000, 0x00000000ebf00000)
  object space 42496K, 5% used [0x00000000c3c00000,0x00000000c3e594a8,0x00000000c6580000)
 Metaspace       used 13639K, capacity 14102K, committed 14336K, reserved 1060864K
  class space    used 1842K, capacity 2007K, committed 2048K, reserved 1048576K
}
Event: 11.893 GC heap before
{Heap before GC invocations=3 (full 0):
 PSYoungGen      total 18432K, used 18424K [0x00000000ebf00000, 0x00000000ed380000, 0x0000000100000000)
  eden space 15872K, 100% used [0x00000000ebf00000,0x00000000ece80000,0x00000000ece80000)
  from space 2560K, 99% used [0x00000000ed100000,0x00000000ed37e398,0x00000000ed380000)
  to   space 2560K, 0% used [0x00000000ece80000,0x00000000ece80000,0x00000000ed100000)
 ParOldGen       total 42496K, used 2405K [0x00000000c3c00000, 0x00000000c6580000, 0x00000000ebf00000)
  object space 42496K, 5% used [0x00000000c3c00000,0x00000000c3e594a8,0x00000000c6580000)
 Metaspace       used 18785K, capacity 19596K, committed 19712K, reserved 1067008K
  class space    used 2554K, capacity 2768K, committed 2816K, reserved 1048576K
Event: 11.910 GC heap after
Heap after GC invocations=3 (full 0):
 PSYoungGen      total 18432K, used 2558K [0x00000000ebf00000, 0x00000000ed380000, 0x0000000100000000)
  eden space 15872K, 0% used [0x00000000ebf00000,0x00000000ebf00000,0x00000000ece80000)
  from space 2560K, 99% used [0x00000000ece80000,0x00000000ed0ff9d0,0x00000000ed100000)
  to   space 2560K, 0% used [0x00000000ed100000,0x00000000ed100000,0x00000000ed380000)
 ParOldGen       total 42496K, used 6012K [0x00000000c3c00000, 0x00000000c6580000, 0x00000000ebf00000)
  object space 42496K, 14% used [0x00000000c3c00000,0x00000000c41df1d8,0x00000000c6580000)
 Metaspace       used 18785K, capacity 19596K, committed 19712K, reserved 1067008K
  class space    used 2554K, capacity 2768K, committed 2816K, reserved 1048576K
}
Event: 12.088 GC heap before
{Heap before GC invocations=4 (full 0):
 PSYoungGen      total 18432K, used 6291K [0x00000000ebf00000, 0x00000000ed380000, 0x0000000100000000)
  eden space 15872K, 23% used [0x00000000ebf00000,0x00000000ec2a5610,0x00000000ece80000)
  from space 2560K, 99% used [0x00000000ece80000,0x00000000ed0ff9d0,0x00000000ed100000)
  to   space 2560K, 0% used [0x00000000ed100000,0x00000000ed100000,0x00000000ed380000)
 ParOldGen       total 42496K, used 6012K [0x00000000c3c00000, 0x00000000c6580000, 0x00000000ebf00000)
  object space 42496K, 14% used [0x00000000c3c00000,0x00000000c41df1d8,0x00000000c6580000)
 Metaspace       used 20335K, capacity 21108K, committed 21296K, reserved 1067008K
  class space    used 2731K, capacity 2932K, committed 2944K, reserved 1048576K
Event: 12.097 GC heap after
Heap after GC invocations=4 (full 0):
 PSYoungGen      total 18432K, used 2531K [0x00000000ebf00000, 0x00000000ee300000, 0x0000000100000000)
  eden space 15872K, 0% used [0x00000000ebf00000,0x00000000ebf00000,0x00000000ece80000)
  from space 2560K, 98% used [0x00000000ed100000,0x00000000ed378ec8,0x00000000ed380000)
  to   space 2560K, 0% used [0x00000000ece80000,0x00000000ece80000,0x00000000ed100000)
 ParOldGen       total 42496K, used 7851K [0x00000000c3c00000, 0x00000000c6580000, 0x00000000ebf00000)
  object space 42496K, 18% used [0x00000000c3c00000,0x00000000c43aae20,0x00000000c6580000)
 Metaspace       used 20335K, capacity 21108K, committed 21296K, reserved 1067008K
  class space    used 2731K, capacity 2932K, committed 2944K, reserved 1048576K
}
Event: 12.097 GC heap before
{Heap before GC invocations=5 (full 1):
 PSYoungGen      total 18432K, used 2531K [0x00000000ebf00000, 0x00000000ee300000, 0x0000000100000000)
  eden space 15872K, 0% used [0x00000000ebf00000,0x00000000ebf00000,0x00000000ece80000)
  from space 2560K, 98% used [0x00000000ed100000,0x00000000ed378ec8,0x00000000ed380000)
  to   space 2560K, 0% used [0x00000000ece80000,0x00000000ece80000,0x00000000ed100000)
 ParOldGen       total 42496K, used 7851K [0x00000000c3c00000, 0x00000000c6580000, 0x00000000ebf00000)
  object space 42496K, 18% used [0x00000000c3c00000,0x00000000c43aae20,0x00000000c6580000)
 Metaspace       used 20335K, capacity 21108K, committed 21296K, reserved 1067008K
  class space    used 2731K, capacity 2932K, committed 2944K, reserved 1048576K
Event: 12.146 GC heap after
Heap after GC invocations=5 (full 1):
 PSYoungGen      total 18432K, used 0K [0x00000000ebf00000, 0x00000000ee300000, 0x0000000100000000)
  eden space 15872K, 0% used [0x00000000ebf00000,0x00000000ebf00000,0x00000000ece80000)
  from space 2560K, 0% used [0x00000000ed100000,0x00000000ed100000,0x00000000ed380000)
  to   space 2560K, 0% used [0x00000000ece80000,0x00000000ece80000,0x00000000ed100000)
 ParOldGen       total 33280K, used 9379K [0x00000000c3c00000, 0x00000000c5c80000, 0x00000000ebf00000)
  object space 33280K, 28% used [0x00000000c3c00000,0x00000000c4528f20,0x00000000c5c80000)
 Metaspace       used 20335K, capacity 21108K, committed 21296K, reserved 1067008K
  class space    used 2731K, capacity 2932K, committed 2944K, reserved 1048576K
}
Event: 12.761 GC heap before
{Heap before GC invocations=6 (full 1):
 PSYoungGen      total 18432K, used 15872K [0x00000000ebf00000, 0x00000000ee300000, 0x0000000100000000)
  eden space 15872K, 100% used [0x00000000ebf00000,0x00000000ece80000,0x00000000ece80000)
  from space 2560K, 0% used [0x00000000ed100000,0x00000000ed100000,0x00000000ed380000)
  to   space 2560K, 0% used [0x00000000ece80000,0x00000000ece80000,0x00000000ed100000)
 ParOldGen       total 33280K, used 9379K [0x00000000c3c00000, 0x00000000c5c80000, 0x00000000ebf00000)
  object space 33280K, 28% used [0x00000000c3c00000,0x00000000c4528f20,0x00000000c5c80000)
 Metaspace       used 22741K, capacity 23500K, committed 23808K, reserved 1069056K
  class space    used 2994K, capacity 3206K, committed 3328K, reserved 1048576K
Event: 12.767 GC heap after
Heap after GC invocations=6 (full 1):
 PSYoungGen      total 18432K, used 2550K [0x00000000ebf00000, 0x00000000ee900000, 0x0000000100000000)
  eden space 15872K, 0% used [0x00000000ebf00000,0x00000000ebf00000,0x00000000ece80000)
  from space 2560K, 99% used [0x00000000ece80000,0x00000000ed0fd9f0,0x00000000ed100000)
  to   space 7168K, 0% used [0x00000000ee200000,0x00000000ee200000,0x00000000ee900000)
 ParOldGen       total 33280K, used 10060K [0x00000000c3c00000, 0x00000000c5c80000, 0x00000000ebf00000)
  object space 33280K, 30% used [0x00000000c3c00000,0x00000000c45d32e0,0x00000000c5c80000)
 Metaspace       used 22741K, capacity 23500K, committed 23808K, reserved 1069056K
  class space    used 2994K, capacity 3206K, committed 3328K, reserved 1048576K
}

