# JRE version: Java(TM) SE Runtime Environment (8.0_251-b08) (build 1.8.0_251-b08)
# Java VM: Java HotSpot(TM) 64-Bit Server VM (25.251-b08 mixed mode linux-amd64 compressed oops)
Heap:
 PSYoungGen      total 18432K, used 6888K [0x00000000ebf00000, 0x00000000eda80000, 0x0000000100000000)
  eden space 15872K, 27% used [0x00000000ebf00000,0x00000000ec33c4e8,0x00000000ece80000)
  from space 2560K, 99% used [0x00000000ed100000,0x00000000ed37de10,0x00000000ed380000)
  to   space 2560K, 0% used [0x00000000ece80000,0x00000000ece80000,0x00000000ed100000)
 ParOldGen       total 41984K, used 11362K [0x00000000c3c00000, 0x00000000c6500000, 0x00000000ebf00000)
  object space 41984K, 27% used [0x00000000c3c00000,0x00000000c4718a70,0x00000000c6500000)
 Metaspace       used 24699K, capacity 25680K, committed 25856K, reserved 1071104K
  class space    used 3295K, capacity 3532K, committed 3584K, reserved 1048576K
GC Heap History (10 events):
Event: 1.535 GC heap before
{Heap before GC invocations=1 (full 0):
 PSYoungGen      total 18432K, used 15872K [0x00000000ebf00000, 0x00000000ed380000, 0x0000000100000000)
  eden space 15872K, 100% used [0x00000000ebf00000,0x00000000ece80000,0x00000000ece80000)
  from space 2560K, 0% used [0x00000000ed100000,0x00000000ed100000,0x00000000ed380000)
  to   space 2560K, 0% used [0x00000000ece80000,0x00000000ece80000,0x00000000ed100000)
 ParOldGen       total 42496K, used 0K [0x00000000c3c00000, 0x00000000c6580000, 0x00000000ebf00000)
  object space 42496K, 0% used [0x00000000c3c00000,0x00000000c3c00000,0x00000000c6580000)
 Metaspace       used 9798K, capacity 10194K, committed 10368K, reserved 1058816K
  class space    used 1215K, capacity 1345K, committed 1408K, reserved 1048576K
Event: 1.549 GC heap after
Heap after GC invocations=1 (full 0):
 PSYoungGen      total 18432K, used 2544K [0x00000000ebf00000, 0x00000000ed380000, 0x0000000100000000)
  eden space 15872K, 0% used [0x00000000ebf00000,0x00000000ebf00000,0x00000000ece80000)
  from space 2560K, 99% used [0x00000000ece80000,0x00000000ed0fc030,0x00000000ed100000)
  to   space 2560K, 0% used [0x00000000ed100000,0x00000000ed100000,0x00000000ed380000)
 ParOldGen       total 42496K, used 726K [0x00000000c3c00000, 0x00000000c6580000, 0x00000000ebf00000)
  object space 42496K, 1% used [0x00000000c3c00000,0x00000000c3cb58f0,0x00000000c6580000)
 Metaspace       used 9798K, capacity 10194K, committed 10368K, reserved 1058816K
  class space    used 1215K, capacity 1345K, committed 1408K, reserved 1048576K
}
Event: 2.539 GC heap before
{Heap before GC invocations=2 (full 0):
 PSYoungGen      total 18432K, used 18416K [0x00000000ebf00000, 0x00000000ed380000, 0x0000000100000000)
  eden space 15872K, 100% used [0x00000000ebf00000,0x00000000ece80000,0x00000000ece80000)
  from space 2560K, 99% used [0x00000000ece80000,0x00000000ed0fc030,0x00000000ed100000)
  to   space 2560K, 0% used [0x00000000ed100000,0x00000000ed100000,0x00000000ed380000)
 ParOldGen       total 42496K, used 726K [0x00000000c3c00000, 0x00000000c6580000, 0x00000000ebf00000)
  object space 42496K, 1% used [0x00000000c3c00000,0x00000000c3cb58f0,0x00000000c6580000)
 Metaspace       used 15819K, capacity 16492K, committed 16640K, reserved 1062912K
  class space    used 2271K, capacity 2456K, committed 2560K, reserved 1048576K
Event: 2.550 GC heap after
Heap after GC invocations=2 (full 0):
 PSYoungGen      total 18432K, used 2538K [0x00000000ebf00000, 0x00000000ed380000, 0x0000000100000000)
  eden space 15872K, 0% used [0x00000000ebf00000,0x00000000ebf00000,0x00000000ece80000)
  from space 2560K, 99% used [0x00000000ed100000,0x00000000ed37ab30,0x00000000ed380000)
  to   space 2560K, 0% used [0x00000000ece80000,0x00000000ece80000,0x00000000ed100000)
 ParOldGen       total 42496K, used 4162K [0x00000000c3c00000, 0x00000000c6580000, 0x00000000ebf00000)
  object space 42496K, 9% used [0x00000000c3c00000,0x00000000c4010b20,0x00000000c6580000)
 Metaspace       used 15819K, capacity 16492K, committed 16640K, reserved 1062912K
  class space    used 2271K, capacity 2456K, committed 2560K, reserved 1048576K
}
Event: 9.832 GC heap before
{Heap before GC invocations=3 (full 0):
 PSYoungGen      total 18432K, used 17778K [0x00000000ebf00000, 0x00000000ed380000, 0x0000000100000000)
  eden space 15872K, 96% used [0x00000000ebf00000,0x00000000ecde2080,0x00000000ece80000)
  from space 2560K, 99% used [0x00000000ed100000,0x00000000ed37ab30,0x00000000ed380000)
  to   space 2560K, 0% used [0x00000000ece80000,0x00000000ece80000,0x00000000ed100000)
 ParOldGen       total 42496K, used 4162K [0x00000000c3c00000, 0x00000000c6580000, 0x00000000ebf00000)
  object space 42496K, 9% used [0x00000000c3c00000,0x00000000c4010b20,0x00000000c6580000)
 Metaspace       used 20355K, capacity 21098K, committed 21248K, reserved 1067008K
  class space    used 2740K, capacity 2969K, committed 3072K, reserved 1048576K
Event: 9.845 GC heap after
Heap after GC invocations=3 (full 0):
 PSYoungGen      total 18432K, used 2554K [0x00000000ebf00000, 0x00000000ed380000, 0x0000000100000000)
  eden space 15872K, 0% used [0x00000000ebf00000,0x00000000ebf00000,0x00000000ece80000)
  from space 2560K, 99% used [0x00000000ece80000,0x00000000ed0feb40,0x00000000ed100000)
  to   space 2560K, 0% used [0x00000000ed100000,0x00000000ed100000,0x00000000ed380000)
 ParOldGen       total 42496K, used 8459K [0x00000000c3c00000, 0x00000000c6580000, 0x00000000ebf00000)
  object space 42496K, 19% used [0x00000000c3c00000,0x00000000c4442c48,0x00000000c6580000)
 Metaspace       used 20355K, capacity 21098K, committed 21248K, reserved 1067008K
  class space    used 2740K, capacity 2969K, committed 3072K, reserved 1048576K
}
Event: 9.845 GC heap before
{Heap before GC invocations=4 (full 1):
 PSYoungGen      total 18432K, used 2554K [0x00000000ebf00000, 0x00000000ed380000, 0x0000000100000000)
  eden space 15872K, 0% used [0x00000000ebf00000,0x00000000ebf00000,0x00000000ece80000)
  from space 2560K, 99% used [0x00000000ece80000,0x00000000ed0feb40,0x00000000ed100000)
  to   space 2560K, 0% used [0x00000000ed100000,0x00000000ed100000,0x00000000ed380000)
 ParOldGen       total 42496K, used 8459K [0x00000000c3c00000, 0x00000000c6580000, 0x00000000ebf00000)
  object space 42496K, 19% used [0x00000000c3c00000,0x00000000c4442c48,0x00000000c6580000)
 Metaspace       used 20355K, capacity 21098K, committed 21248K, reserved 1067008K
  class space    used 2740K, capacity 2969K, committed 3072K, reserved 1048576K
Event: 9.938 GC heap after
Heap after GC invocations=4 (full 1):
 PSYoungGen      total 18432K, used 0K [0x00000000ebf00000, 0x00000000ed380000, 0x0000000100000000)
  eden space 15872K, 0% used [0x00000000ebf00000,0x00000000ebf00000,0x00000000ece80000)
  from space 2560K, 0% used [0x00000000ece80000,0x00000000ece80000,0x00000000ed100000)
  to   space 2560K, 0% used [0x00000000ed100000,0x00000000ed100000,0x00000000ed380000)
 ParOldGen       total 41984K, used 10839K [0x00000000c3c00000, 0x00000000c6500000, 0x00000000ebf00000)
  object space 41984K, 25% used [0x00000000c3c00000,0x00000000c4695da8,0x00000000c6500000)
 Metaspace       used 20355K, capacity 21098K, committed 21248K, reserved 1067008K
  class space    used 2740K, capacity 2969K, committed 3072K, reserved 1048576K
}
Event: 10.769 GC heap before
{Heap before GC invocations=5 (full 1):
 PSYoungGen      total 18432K, used 15872K [0x00000000ebf00000, 0x00000000ed380000, 0x0000000100000000)
  eden space 15872K, 100% used [0x00000000ebf00000,0x00000000ece80000,0x00000000ece80000)
  from space 2560K, 0% used [0x00000000ece80000,0x00000000ece80000,0x00000000ed100000)
  to   space 2560K, 0% used [0x00000000ed100000,0x00000000ed100000,0x00000000ed380000)
 ParOldGen       total 41984K, used 10839K [0x00000000c3c00000, 0x00000000c6500000, 0x00000000ebf00000)
  object space 41984K, 25% used [0x00000000c3c00000,0x00000000c4695da8,0x00000000c6500000)
 Metaspace       used 23083K, capacity 23882K, committed 24064K, reserved 1071104K
  class space    used 3041K, capacity 3227K, committed 3328K, reserved 1048576K
Event: 10.775 GC heap after
Heap after GC invocations=5 (full 1):
 PSYoungGen      total 18432K, used 2551K [0x00000000ebf00000, 0x00000000eda80000, 0x0000000100000000)
  eden space 15872K, 0% used [0x00000000ebf00000,0x00000000ebf00000,0x00000000ece80000)
  from space 2560K, 99% used [0x00000000ed100000,0x00000000ed37de10,0x00000000ed380000)
  to   space 2560K, 0% used [0x00000000ece80000,0x00000000ece80000,0x00000000ed100000)
 ParOldGen       total 41984K, used 11362K [0x00000000c3c00000, 0x00000000c6500000, 0x00000000ebf00000)
  object space 41984K, 27% used [0x00000000c3c00000,0x00000000c4718a70,0x00000000c6500000)
 Metaspace       used 23083K, capacity 23882K, committed 24064K, reserved 1071104K
  class space    used 3041K, capacity 3227K, committed 3328K, reserved 1048576K
}

