# JRE version: Java(TM) SE Runtime Environment (8.0_251-b08) (build 1.8.0_251-b08)
# Java VM: Java HotSpot(TM) 64-Bit Server VM (25.251-b08 mixed mode linux-amd64 compressed oops)
Heap:
 PSYoungGen      total 34304K, used 24409K [0x00000000ebf00000, 0x00000000f0200000, 0x0000000100000000)
  eden space 31744K, 76% used [0x00000000ebf00000,0x00000000ed6d67e8,0x00000000ede00000)
  from space 2560K, 0% used [0x00000000ede00000,0x00000000ede00000,0x00000000ee080000)
  to   space 2560K, 0% used [0x00000000eff80000,0x00000000eff80000,0x00000000f0200000)
 ParOldGen       total 37888K, used 10158K [0x00000000c3c00000, 0x00000000c6100000, 0x00000000ebf00000)
  object space 37888K, 26% used [0x00000000c3c00000,0x00000000c45eb9f0,0x00000000c6100000)
 Metaspace       used 24828K, capacity 25780K, committed 25856K, reserved 1071104K
  class space    used 3294K, capacity 3522K, committed 3584K, reserved 1048576K
GC Heap History (8 events):
Event: 0.975 GC heap before
{Heap before GC invocations=1 (full 0):
 PSYoungGen      total 18432K, used 15872K [0x00000000ebf00000, 0x00000000ed380000, 0x0000000100000000)
  eden space 15872K, 100% used [0x00000000ebf00000,0x00000000ece80000,0x00000000ece80000)
  from space 2560K, 0% used [0x00000000ed100000,0x00000000ed100000,0x00000000ed380000)
  to   space 2560K, 0% used [0x00000000ece80000,0x00000000ece80000,0x00000000ed100000)
 ParOldGen       total 42496K, used 0K [0x00000000c3c00000, 0x00000000c6580000, 0x00000000ebf00000)
  object space 42496K, 0% used [0x00000000c3c00000,0x00000000c3c00000,0x00000000c6580000)
 Metaspace       used 9753K, capacity 10198K, committed 10368K, reserved 1058816K
  class space    used 1215K, capacity 1345K, committed 1408K, reserved 1048576K
Event: 0.987 GC heap after
Heap after GC invocations=1 (full 0):
 PSYoungGen      total 18432K, used 2528K [0x00000000ebf00000, 0x00000000ee300000, 0x0000000100000000)
  eden space 15872K, 0% used [0x00000000ebf00000,0x00000000ebf00000,0x00000000ece80000)
  from space 2560K, 98% used [0x00000000ece80000,0x00000000ed0f8020,0x00000000ed100000)
  to   space 2560K, 0% used [0x00000000ee080000,0x00000000ee080000,0x00000000ee300000)
 ParOldGen       total 42496K, used 722K [0x00000000c3c00000, 0x00000000c6580000, 0x00000000ebf00000)
  object space 42496K, 1% used [0x00000000c3c00000,0x00000000c3cb4950,0x00000000c6580000)
 Metaspace       used 9753K, capacity 10198K, committed 10368K, reserved 1058816K
  class space    used 1215K, capacity 1345K, committed 1408K, reserved 1048576K
}
Event: 1.918 GC heap before
{Heap before GC invocations=2 (full 0):
 PSYoungGen      total 18432K, used 18400K [0x00000000ebf00000, 0x00000000ee300000, 0x0000000100000000)
  eden space 15872K, 100% used [0x00000000ebf00000,0x00000000ece80000,0x00000000ece80000)
  from space 2560K, 98% used [0x00000000ece80000,0x00000000ed0f8020,0x00000000ed100000)
  to   space 2560K, 0% used [0x00000000ee080000,0x00000000ee080000,0x00000000ee300000)
 ParOldGen       total 42496K, used 722K [0x00000000c3c00000, 0x00000000c6580000, 0x00000000ebf00000)
  object space 42496K, 1% used [0x00000000c3c00000,0x00000000c3cb4950,0x00000000c6580000)
 Metaspace       used 15790K, capacity 16464K, committed 16640K, reserved 1062912K
  class space    used 2272K, capacity 2488K, committed 2560K, reserved 1048576K
Event: 1.936 GC heap after
Heap after GC invocations=2 (full 0):
 PSYoungGen      total 34304K, used 2554K [0x00000000ebf00000, 0x00000000ee300000, 0x0000000100000000)
  eden space 31744K, 0% used [0x00000000ebf00000,0x00000000ebf00000,0x00000000ede00000)
  from space 2560K, 99% used [0x00000000ee080000,0x00000000ee2feb40,0x00000000ee300000)
  to   space 2560K, 0% used [0x00000000ede00000,0x00000000ede00000,0x00000000ee080000)
 ParOldGen       total 42496K, used 4118K [0x00000000c3c00000, 0x00000000c6580000, 0x00000000ebf00000)
  object space 42496K, 9% used [0x00000000c3c00000,0x00000000c4005b90,0x00000000c6580000)
 Metaspace       used 15790K, capacity 16464K, committed 16640K, reserved 1062912K
  class space    used 2272K, capacity 2488K, committed 2560K, reserved 1048576K
}
Event: 11.750 GC heap before
{Heap before GC invocations=3 (full 0):
 PSYoungGen      total 34304K, used 15222K [0x00000000ebf00000, 0x00000000ee300000, 0x0000000100000000)
  eden space 31744K, 39% used [0x00000000ebf00000,0x00000000ecb5f068,0x00000000ede00000)
  from space 2560K, 99% used [0x00000000ee080000,0x00000000ee2feb40,0x00000000ee300000)
  to   space 2560K, 0% used [0x00000000ede00000,0x00000000ede00000,0x00000000ee080000)
 ParOldGen       total 42496K, used 4118K [0x00000000c3c00000, 0x00000000c6580000, 0x00000000ebf00000)
  object space 42496K, 9% used [0x00000000c3c00000,0x00000000c4005b90,0x00000000c6580000)
 Metaspace       used 20334K, capacity 21072K, committed 21248K, reserved 1067008K
  class space    used 2734K, capacity 2964K, committed 3072K, reserved 1048576K
Event: 11.762 GC heap after
Heap after GC invocations=3 (full 0):
 PSYoungGen      total 34304K, used 2554K [0x00000000ebf00000, 0x00000000f0200000, 0x0000000100000000)
  eden space 31744K, 0% used [0x00000000ebf00000,0x00000000ebf00000,0x00000000ede00000)
  from space 2560K, 99% used [0x00000000ede00000,0x00000000ee07eb40,0x00000000ee080000)
  to   space 2560K, 0% used [0x00000000eff80000,0x00000000eff80000,0x00000000f0200000)
 ParOldGen       total 42496K, used 7729K [0x00000000c3c00000, 0x00000000c6580000, 0x00000000ebf00000)
  object space 42496K, 18% used [0x00000000c3c00000,0x00000000c438c780,0x00000000c6580000)
 Metaspace       used 20334K, capacity 21072K, committed 21248K, reserved 1067008K
  class space    used 2734K, capacity 2964K, committed 3072K, reserved 1048576K
}
Event: 11.762 GC heap before
{Heap before GC invocations=4 (full 1):
 PSYoungGen      total 34304K, used 2554K [0x00000000ebf00000, 0x00000000f0200000, 0x0000000100000000)
  eden space 31744K, 0% used [0x00000000ebf00000,0x00000000ebf00000,0x00000000ede00000)
  from space 2560K, 99% used [0x00000000ede00000,0x00000000ee07eb40,0x00000000ee080000)
  to   space 2560K, 0% used [0x00000000eff80000,0x00000000eff80000,0x00000000f0200000)
 ParOldGen       total 42496K, used 7729K [0x00000000c3c00000, 0x00000000c6580000, 0x00000000ebf00000)
  object space 42496K, 18% used [0x00000000c3c00000,0x00000000c438c780,0x00000000c6580000)
 Metaspace       used 20334K, capacity 21072K, committed 21248K, reserved 1067008K
  class space    used 2734K, capacity 2964K, committed 3072K, reserved 1048576K
Event: 11.851 GC heap after
Heap after GC invocations=4 (full 1):
 PSYoungGen      total 34304K, used 0K [0x00000000ebf00000, 0x00000000f0200000, 0x0000000100000000)
  eden space 31744K, 0% used [0x00000000ebf00000,0x00000000ebf00000,0x00000000ede00000)
  from space 2560K, 0% used [0x00000000ede00000,0x00000000ede00000,0x00000000ee080000)
  to   space 2560K, 0% used [0x00000000eff80000,0x00000000eff80000,0x00000000f0200000)
 ParOldGen       total 37888K, used 10158K [0x00000000c3c00000, 0x00000000c6100000, 0x00000000ebf00000)
  object space 37888K, 26% used [0x00000000c3c00000,0x00000000c45eb9f0,0x00000000c6100000)
 Metaspace       used 20334K, capacity 21072K, committed 21248K, reserved 1067008K
  class space    used 2734K, capacity 2964K, committed 3072K, reserved 1048576K
}

