# JRE version: Java(TM) SE Runtime Environment (8.0_251-b08) (build 1.8.0_251-b08)
# Java VM: Java HotSpot(TM) 64-Bit Server VM (25.251-b08 mixed mode linux-amd64 compressed oops)
Heap:
 PSYoungGen      total 18432K, used 14572K [0x00000000ebf00000, 0x00000000ee800000, 0x0000000100000000)
  eden space 15872K, 75% used [0x00000000ebf00000,0x00000000ecabe138,0x00000000ece80000)
  from space 2560K, 99% used [0x00000000ece80000,0x00000000ed0fd158,0x00000000ed100000)
  to   space 7680K, 0% used [0x00000000ee080000,0x00000000ee080000,0x00000000ee800000)
 ParOldGen       total 37376K, used 11455K [0x00000000c3c00000, 0x00000000c6080000, 0x00000000ebf00000)
  object space 37376K, 30% used [0x00000000c3c00000,0x00000000c472fce8,0x00000000c6080000)
 Metaspace       used 26458K, capacity 27514K, committed 27648K, reserved 1073152K
  class space    used 3539K, capacity 3803K, committed 3840K, reserved 1048576K
GC Heap History (10 events):
Event: 1.507 GC heap before
{Heap before GC invocations=2 (full 0):
 PSYoungGen      total 18432K, used 17800K [0x00000000ebf00000, 0x00000000ed380000, 0x0000000100000000)
  eden space 15872K, 100% used [0x00000000ebf00000,0x00000000ece80000,0x00000000ece80000)
  from space 2560K, 75% used [0x00000000ece80000,0x00000000ed0623a8,0x00000000ed100000)
  to   space 2560K, 0% used [0x00000000ed100000,0x00000000ed100000,0x00000000ed380000)
 ParOldGen       total 42496K, used 0K [0x00000000c3c00000, 0x00000000c6580000, 0x00000000ebf00000)
  object space 42496K, 0% used [0x00000000c3c00000,0x00000000c3c00000,0x00000000c6580000)
 Metaspace       used 13242K, capacity 13674K, committed 13824K, reserved 1060864K
  class space    used 1776K, capacity 1933K, committed 2048K, reserved 1048576K
Event: 1.518 GC heap after
Heap after GC invocations=2 (full 0):
 PSYoungGen      total 18432K, used 2552K [0x00000000ebf00000, 0x00000000ee300000, 0x0000000100000000)
  eden space 15872K, 0% used [0x00000000ebf00000,0x00000000ebf00000,0x00000000ece80000)
  from space 2560K, 99% used [0x00000000ed100000,0x00000000ed37e398,0x00000000ed380000)
  to   space 2560K, 0% used [0x00000000ece80000,0x00000000ece80000,0x00000000ed100000)
 ParOldGen       total 42496K, used 2525K [0x00000000c3c00000, 0x00000000c6580000, 0x00000000ebf00000)
  object space 42496K, 5% used [0x00000000c3c00000,0x00000000c3e776a8,0x00000000c6580000)
 Metaspace       used 13242K, capacity 13674K, committed 13824K, reserved 1060864K
  class space    used 1776K, capacity 1933K, committed 2048K, reserved 1048576K
}
Event: 10.305 GC heap before
{Heap before GC invocations=3 (full 0):
 PSYoungGen      total 18432K, used 18424K [0x00000000ebf00000, 0x00000000ee300000, 0x0000000100000000)
  eden space 15872K, 100% used [0x00000000ebf00000,0x00000000ece80000,0x00000000ece80000)
  from space 2560K, 99% used [0x00000000ed100000,0x00000000ed37e398,0x00000000ed380000)
  to   space 2560K, 0% used [0x00000000ece80000,0x00000000ece80000,0x00000000ed100000)
 ParOldGen       total 42496K, used 2525K [0x00000000c3c00000, 0x00000000c6580000, 0x00000000ebf00000)
  object space 42496K, 5% used [0x00000000c3c00000,0x00000000c3e776a8,0x00000000c6580000)
 Metaspace       used 18216K, capacity 18974K, committed 19072K, reserved 1064960K
  class space    used 2489K, capacity 2671K, committed 2688K, reserved 1048576K
Event: 10.319 GC heap after
Heap after GC invocations=3 (full 0):
 PSYoungGen      total 18432K, used 2560K [0x00000000ebf00000, 0x00000000ed380000, 0x0000000100000000)
  eden space 15872K, 0% used [0x00000000ebf00000,0x00000000ebf00000,0x00000000ece80000)
  from space 2560K, 100% used [0x00000000ece80000,0x00000000ed100000,0x00000000ed100000)
  to   space 2560K, 0% used [0x00000000ed100000,0x00000000ed100000,0x00000000ed380000)
 ParOldGen       total 42496K, used 5907K [0x00000000c3c00000, 0x00000000c6580000, 0x00000000ebf00000)
  object space 42496K, 13% used [0x00000000c3c00000,0x00000000c41c4d08,0x00000000c6580000)
 Metaspace       used 18216K, capacity 18974K, committed 19072K, reserved 1064960K
  class space    used 2489K, capacity 2671K, committed 2688K, reserved 1048576K
}
Event: 10.624 GC heap before
{Heap before GC invocations=4 (full 0):
 PSYoungGen      total 18432K, used 11497K [0x00000000ebf00000, 0x00000000ed380000, 0x0000000100000000)
  eden space 15872K, 56% used [0x00000000ebf00000,0x00000000ec7ba4b0,0x00000000ece80000)
  from space 2560K, 100% used [0x00000000ece80000,0x00000000ed100000,0x00000000ed100000)
  to   space 2560K, 0% used [0x00000000ed100000,0x00000000ed100000,0x00000000ed380000)
 ParOldGen       total 42496K, used 5907K [0x00000000c3c00000, 0x00000000c6580000, 0x00000000ebf00000)
  object space 42496K, 13% used [0x00000000c3c00000,0x00000000c41c4d08,0x00000000c6580000)
 Metaspace       used 20398K, capacity 21130K, committed 21296K, reserved 1067008K
  class space    used 2735K, capacity 2937K, committed 2944K, reserved 1048576K
Event: 10.635 GC heap after
Heap after GC invocations=4 (full 0):
 PSYoungGen      total 18432K, used 2560K [0x00000000ebf00000, 0x00000000ee300000, 0x0000000100000000)
  eden space 15872K, 0% used [0x00000000ebf00000,0x00000000ebf00000,0x00000000ece80000)
  from space 2560K, 100% used [0x00000000ed100000,0x00000000ed380000,0x00000000ed380000)
  to   space 2560K, 0% used [0x00000000ece80000,0x00000000ece80000,0x00000000ed100000)
 ParOldGen       total 42496K, used 8701K [0x00000000c3c00000, 0x00000000c6580000, 0x00000000ebf00000)
  object space 42496K, 20% used [0x00000000c3c00000,0x00000000c447f6c0,0x00000000c6580000)
 Metaspace       used 20398K, capacity 21130K, committed 21296K, reserved 1067008K
  class space    used 2735K, capacity 2937K, committed 2944K, reserved 1048576K
}
Event: 10.635 GC heap before
{Heap before GC invocations=5 (full 1):
 PSYoungGen      total 18432K, used 2560K [0x00000000ebf00000, 0x00000000ee300000, 0x0000000100000000)
  eden space 15872K, 0% used [0x00000000ebf00000,0x00000000ebf00000,0x00000000ece80000)
  from space 2560K, 100% used [0x00000000ed100000,0x00000000ed380000,0x00000000ed380000)
  to   space 2560K, 0% used [0x00000000ece80000,0x00000000ece80000,0x00000000ed100000)
 ParOldGen       total 42496K, used 8701K [0x00000000c3c00000, 0x00000000c6580000, 0x00000000ebf00000)
  object space 42496K, 20% used [0x00000000c3c00000,0x00000000c447f6c0,0x00000000c6580000)
 Metaspace       used 20398K, capacity 21130K, committed 21296K, reserved 1067008K
  class space    used 2735K, capacity 2937K, committed 2944K, reserved 1048576K
Event: 10.716 GC heap after
Heap after GC invocations=5 (full 1):
 PSYoungGen      total 18432K, used 0K [0x00000000ebf00000, 0x00000000ee300000, 0x0000000100000000)
  eden space 15872K, 0% used [0x00000000ebf00000,0x00000000ebf00000,0x00000000ece80000)
  from space 2560K, 0% used [0x00000000ed100000,0x00000000ed100000,0x00000000ed380000)
  to   space 2560K, 0% used [0x00000000ece80000,0x00000000ece80000,0x00000000ed100000)
 ParOldGen       total 37376K, used 11080K [0x00000000c3c00000, 0x00000000c6080000, 0x00000000ebf00000)
  object space 37376K, 29% used [0x00000000c3c00000,0x00000000c46d2028,0x00000000c6080000)
 Metaspace       used 20398K, capacity 21130K, committed 21296K, reserved 1067008K
  class space    used 2735K, capacity 2937K, committed 2944K, reserved 1048576K
}
Event: 11.285 GC heap before
{Heap before GC invocations=6 (full 1):
 PSYoungGen      total 18432K, used 15872K [0x00000000ebf00000, 0x00000000ee300000, 0x0000000100000000)
  eden space 15872K, 100% used [0x00000000ebf00000,0x00000000ece80000,0x00000000ece80000)
  from space 2560K, 0% used [0x00000000ed100000,0x00000000ed100000,0x00000000ed380000)
  to   space 2560K, 0% used [0x00000000ece80000,0x00000000ece80000,0x00000000ed100000)
 ParOldGen       total 37376K, used 11080K [0x00000000c3c00000, 0x00000000c6080000, 0x00000000ebf00000)
  object space 37376K, 29% used [0x00000000c3c00000,0x00000000c46d2028,0x00000000c6080000)
 Metaspace       used 23052K, capacity 23866K, committed 24064K, reserved 1071104K
  class space    used 3037K, capacity 3227K, committed 3328K, reserved 1048576K
Event: 11.298 GC heap after
Heap after GC invocations=6 (full 1):
 PSYoungGen      total 18432K, used 2548K [0x00000000ebf00000, 0x00000000ee800000, 0x0000000100000000)
  eden space 15872K, 0% used [0x00000000ebf00000,0x00000000ebf00000,0x00000000ece80000)
  from space 2560K, 99% used [0x00000000ece80000,0x00000000ed0fd158,0x00000000ed100000)
  to   space 7680K, 0% used [0x00000000ee080000,0x00000000ee080000,0x00000000ee800000)
 ParOldGen       total 37376K, used 11455K [0x00000000c3c00000, 0x00000000c6080000, 0x00000000ebf00000)
  object space 37376K, 30% used [0x00000000c3c00000,0x00000000c472fce8,0x00000000c6080000)
 Metaspace       used 23052K, capacity 23866K, committed 24064K, reserved 1071104K
  class space    used 3037K, capacity 3227K, committed 3328K, reserved 1048576K
}

