# JRE version: Java(TM) SE Runtime Environment (8.0_251-b08) (build 1.8.0_251-b08)
# Java VM: Java HotSpot(TM) 64-Bit Server VM (25.251-b08 mixed mode linux-amd64 compressed oops)
Heap:
 PSYoungGen      total 18432K, used 14366K [0x00000000ebf00000, 0x00000000ee900000, 0x0000000100000000)
  eden space 15872K, 74% used [0x00000000ebf00000,0x00000000eca8a058,0x00000000ece80000)
  from space 2560K, 99% used [0x00000000ece80000,0x00000000ed0fd900,0x00000000ed100000)
  to   space 7680K, 0% used [0x00000000ee180000,0x00000000ee180000,0x00000000ee900000)
 ParOldGen       total 35840K, used 11385K [0x00000000c3c00000, 0x00000000c5f00000, 0x00000000ebf00000)
  object space 35840K, 31% used [0x00000000c3c00000,0x00000000c471e4c0,0x00000000c5f00000)
 Metaspace       used 26540K, capacity 27574K, committed 27648K, reserved 1073152K
  class space    used 3540K, capacity 3803K, committed 3840K, reserved 1048576K
GC Heap History (10 events):
Event: 1.651 GC heap before
{Heap before GC invocations=2 (full 0):
 PSYoungGen      total 18432K, used 17544K [0x00000000ebf00000, 0x00000000ed380000, 0x0000000100000000)
  eden space 15872K, 100% used [0x00000000ebf00000,0x00000000ece80000,0x00000000ece80000)
  from space 2560K, 65% used [0x00000000ece80000,0x00000000ed0223a8,0x00000000ed100000)
  to   space 2560K, 0% used [0x00000000ed100000,0x00000000ed100000,0x00000000ed380000)
 ParOldGen       total 42496K, used 0K [0x00000000c3c00000, 0x00000000c6580000, 0x00000000ebf00000)
  object space 42496K, 0% used [0x00000000c3c00000,0x00000000c3c00000,0x00000000c6580000)
 Metaspace       used 13616K, capacity 14088K, committed 14336K, reserved 1060864K
  class space    used 1841K, capacity 2006K, committed 2048K, reserved 1048576K
Event: 1.662 GC heap after
Heap after GC invocations=2 (full 0):
 PSYoungGen      total 18432K, used 2528K [0x00000000ebf00000, 0x00000000ed380000, 0x0000000100000000)
  eden space 15872K, 0% used [0x00000000ebf00000,0x00000000ebf00000,0x00000000ece80000)
  from space 2560K, 98% used [0x00000000ed100000,0x00000000ed378020,0x00000000ed380000)
  to   space 2560K, 0% used [0x00000000ece80000,0x00000000ece80000,0x00000000ed100000)
 ParOldGen       total 42496K, used 2431K [0x00000000c3c00000, 0x00000000c6580000, 0x00000000ebf00000)
  object space 42496K, 5% used [0x00000000c3c00000,0x00000000c3e5ff18,0x00000000c6580000)
 Metaspace       used 13616K, capacity 14088K, committed 14336K, reserved 1060864K
  class space    used 1841K, capacity 2006K, committed 2048K, reserved 1048576K
}
Event: 17.486 GC heap before
{Heap before GC invocations=3 (full 0):
 PSYoungGen      total 18432K, used 18400K [0x00000000ebf00000, 0x00000000ed380000, 0x0000000100000000)
  eden space 15872K, 100% used [0x00000000ebf00000,0x00000000ece80000,0x00000000ece80000)
  from space 2560K, 98% used [0x00000000ed100000,0x00000000ed378020,0x00000000ed380000)
  to   space 2560K, 0% used [0x00000000ece80000,0x00000000ece80000,0x00000000ed100000)
 ParOldGen       total 42496K, used 2431K [0x00000000c3c00000, 0x00000000c6580000, 0x00000000ebf00000)
  object space 42496K, 5% used [0x00000000c3c00000,0x00000000c3e5ff18,0x00000000c6580000)
 Metaspace       used 18596K, capacity 19354K, committed 19456K, reserved 1067008K
  class space    used 2530K, capacity 2735K, committed 2816K, reserved 1048576K
Event: 17.507 GC heap after
Heap after GC invocations=3 (full 0):
 PSYoungGen      total 18432K, used 2549K [0x00000000ebf00000, 0x00000000ed380000, 0x0000000100000000)
  eden space 15872K, 0% used [0x00000000ebf00000,0x00000000ebf00000,0x00000000ece80000)
  from space 2560K, 99% used [0x00000000ece80000,0x00000000ed0fd648,0x00000000ed100000)
  to   space 2560K, 0% used [0x00000000ed100000,0x00000000ed100000,0x00000000ed380000)
 ParOldGen       total 42496K, used 5960K [0x00000000c3c00000, 0x00000000c6580000, 0x00000000ebf00000)
  object space 42496K, 14% used [0x00000000c3c00000,0x00000000c41d2188,0x00000000c6580000)
 Metaspace       used 18596K, capacity 19354K, committed 19456K, reserved 1067008K
  class space    used 2530K, capacity 2735K, committed 2816K, reserved 1048576K
}
Event: 17.771 GC heap before
{Heap before GC invocations=4 (full 0):
 PSYoungGen      total 18432K, used 10443K [0x00000000ebf00000, 0x00000000ed380000, 0x0000000100000000)
  eden space 15872K, 49% used [0x00000000ebf00000,0x00000000ec6b55c0,0x00000000ece80000)
  from space 2560K, 99% used [0x00000000ece80000,0x00000000ed0fd648,0x00000000ed100000)
  to   space 2560K, 0% used [0x00000000ed100000,0x00000000ed100000,0x00000000ed380000)
 ParOldGen       total 42496K, used 5960K [0x00000000c3c00000, 0x00000000c6580000, 0x00000000ebf00000)
  object space 42496K, 14% used [0x00000000c3c00000,0x00000000c41d2188,0x00000000c6580000)
 Metaspace       used 20448K, capacity 21190K, committed 21296K, reserved 1067008K
  class space    used 2735K, capacity 2937K, committed 2944K, reserved 1048576K
Event: 17.782 GC heap after
Heap after GC invocations=4 (full 0):
 PSYoungGen      total 18432K, used 2549K [0x00000000ebf00000, 0x00000000ee300000, 0x0000000100000000)
  eden space 15872K, 0% used [0x00000000ebf00000,0x00000000ebf00000,0x00000000ece80000)
  from space 2560K, 99% used [0x00000000ed100000,0x00000000ed37d648,0x00000000ed380000)
  to   space 2560K, 0% used [0x00000000ece80000,0x00000000ece80000,0x00000000ed100000)
 ParOldGen       total 42496K, used 8562K [0x00000000c3c00000, 0x00000000c6580000, 0x00000000ebf00000)
  object space 42496K, 20% used [0x00000000c3c00000,0x00000000c445ca88,0x00000000c6580000)
 Metaspace       used 20448K, capacity 21190K, committed 21296K, reserved 1067008K
  class space    used 2735K, capacity 2937K, committed 2944K, reserved 1048576K
}
Event: 17.782 GC heap before
{Heap before GC invocations=5 (full 1):
 PSYoungGen      total 18432K, used 2549K [0x00000000ebf00000, 0x00000000ee300000, 0x0000000100000000)
  eden space 15872K, 0% used [0x00000000ebf00000,0x00000000ebf00000,0x00000000ece80000)
  from space 2560K, 99% used [0x00000000ed100000,0x00000000ed37d648,0x00000000ed380000)
  to   space 2560K, 0% used [0x00000000ece80000,0x00000000ece80000,0x00000000ed100000)
 ParOldGen       total 42496K, used 8562K [0x00000000c3c00000, 0x00000000c6580000, 0x00000000ebf00000)
  object space 42496K, 20% used [0x00000000c3c00000,0x00000000c445ca88,0x00000000c6580000)
 Metaspace       used 20448K, capacity 21190K, committed 21296K, reserved 1067008K
  class space    used 2735K, capacity 2937K, committed 2944K, reserved 1048576K
Event: 17.868 GC heap after
Heap after GC invocations=5 (full 1):
 PSYoungGen      total 18432K, used 0K [0x00000000ebf00000, 0x00000000ee300000, 0x0000000100000000)
  eden space 15872K, 0% used [0x00000000ebf00000,0x00000000ebf00000,0x00000000ece80000)
  from space 2560K, 0% used [0x00000000ed100000,0x00000000ed100000,0x00000000ed380000)
  to   space 2560K, 0% used [0x00000000ece80000,0x00000000ece80000,0x00000000ed100000)
 ParOldGen       total 35840K, used 10913K [0x00000000c3c00000, 0x00000000c5f00000, 0x00000000ebf00000)
  object space 35840K, 30% used [0x00000000c3c00000,0x00000000c46a8780,0x00000000c5f00000)
 Metaspace       used 20448K, capacity 21190K, committed 21296K, reserved 1067008K
  class space    used 2735K, capacity 2937K, committed 2944K, reserved 1048576K
}
Event: 18.606 GC heap before
{Heap before GC invocations=6 (full 1):
 PSYoungGen      total 18432K, used 15872K [0x00000000ebf00000, 0x00000000ee300000, 0x0000000100000000)
  eden space 15872K, 100% used [0x00000000ebf00000,0x00000000ece80000,0x00000000ece80000)
  from space 2560K, 0% used [0x00000000ed100000,0x00000000ed100000,0x00000000ed380000)
  to   space 2560K, 0% used [0x00000000ece80000,0x00000000ece80000,0x00000000ed100000)
 ParOldGen       total 35840K, used 10913K [0x00000000c3c00000, 0x00000000c5f00000, 0x00000000ebf00000)
  object space 35840K, 30% used [0x00000000c3c00000,0x00000000c46a8780,0x00000000c5f00000)
 Metaspace       used 23197K, capacity 24006K, committed 24320K, reserved 1071104K
  class space    used 3042K, capacity 3227K, committed 3328K, reserved 1048576K
Event: 18.612 GC heap after
Heap after GC invocations=6 (full 1):
 PSYoungGen      total 18432K, used 2550K [0x00000000ebf00000, 0x00000000ee900000, 0x0000000100000000)
  eden space 15872K, 0% used [0x00000000ebf00000,0x00000000ebf00000,0x00000000ece80000)
  from space 2560K, 99% used [0x00000000ece80000,0x00000000ed0fd900,0x00000000ed100000)
  to   space 7680K, 0% used [0x00000000ee180000,0x00000000ee180000,0x00000000ee900000)
 ParOldGen       total 35840K, used 11385K [0x00000000c3c00000, 0x00000000c5f00000, 0x00000000ebf00000)
  object space 35840K, 31% used [0x00000000c3c00000,0x00000000c471e4c0,0x00000000c5f00000)
 Metaspace       used 23197K, capacity 24006K, committed 24320K, reserved 1071104K
  class space    used 3042K, capacity 3227K, committed 3328K, reserved 1048576K
}

