# JRE version: Java(TM) SE Runtime Environment (8.0_251-b08) (build 1.8.0_251-b08)
# Java VM: Java HotSpot(TM) 64-Bit Server VM (25.251-b08 mixed mode linux-amd64 compressed oops)
Heap:
 PSYoungGen      total 18432K, used 14149K [0x00000000ebf00000, 0x00000000ee700000, 0x0000000100000000)
  eden space 15872K, 73% used [0x00000000ebf00000,0x00000000eca51fc8,0x00000000ece80000)
  from space 2560K, 99% used [0x00000000ece80000,0x00000000ed0ff720,0x00000000ed100000)
  to   space 7680K, 0% used [0x00000000edf80000,0x00000000edf80000,0x00000000ee700000)
 ParOldGen       total 38912K, used 11398K [0x00000000c3c00000, 0x00000000c6200000, 0x00000000ebf00000)
  object space 38912K, 29% used [0x00000000c3c00000,0x00000000c4721b70,0x00000000c6200000)
 Metaspace       used 26513K, capacity 27586K, committed 27648K, reserved 1073152K
  class space    used 3541K, capacity 3803K, committed 3840K, reserved 1048576K
GC Heap History (10 events):
Event: 1.512 GC heap before
{Heap before GC invocations=2 (full 0):
 PSYoungGen      total 18432K, used 17560K [0x00000000ebf00000, 0x00000000ed380000, 0x0000000100000000)
  eden space 15872K, 100% used [0x00000000ebf00000,0x00000000ece80000,0x00000000ece80000)
  from space 2560K, 65% used [0x00000000ece80000,0x00000000ed0263b8,0x00000000ed100000)
  to   space 2560K, 0% used [0x00000000ed100000,0x00000000ed100000,0x00000000ed380000)
 ParOldGen       total 42496K, used 8K [0x00000000c3c00000, 0x00000000c6580000, 0x00000000ebf00000)
  object space 42496K, 0% used [0x00000000c3c00000,0x00000000c3c02000,0x00000000c6580000)
 Metaspace       used 13608K, capacity 14106K, committed 14336K, reserved 1060864K
  class space    used 1842K, capacity 2007K, committed 2048K, reserved 1048576K
Event: 1.522 GC heap after
Heap after GC invocations=2 (full 0):
 PSYoungGen      total 18432K, used 2528K [0x00000000ebf00000, 0x00000000ed380000, 0x0000000100000000)
  eden space 15872K, 0% used [0x00000000ebf00000,0x00000000ebf00000,0x00000000ece80000)
  from space 2560K, 98% used [0x00000000ed100000,0x00000000ed378020,0x00000000ed380000)
  to   space 2560K, 0% used [0x00000000ece80000,0x00000000ece80000,0x00000000ed100000)
 ParOldGen       total 42496K, used 2423K [0x00000000c3c00000, 0x00000000c6580000, 0x00000000ebf00000)
  object space 42496K, 5% used [0x00000000c3c00000,0x00000000c3e5df18,0x00000000c6580000)
 Metaspace       used 13608K, capacity 14106K, committed 14336K, reserved 1060864K
  class space    used 1842K, capacity 2007K, committed 2048K, reserved 1048576K
}
Event: 8.473 GC heap before
{Heap before GC invocations=3 (full 0):
 PSYoungGen      total 18432K, used 18400K [0x00000000ebf00000, 0x00000000ed380000, 0x0000000100000000)
  eden space 15872K, 100% used [0x00000000ebf00000,0x00000000ece80000,0x00000000ece80000)
  from space 2560K, 98% used [0x00000000ed100000,0x00000000ed378020,0x00000000ed380000)
  to   space 2560K, 0% used [0x00000000ece80000,0x00000000ece80000,0x00000000ed100000)
 ParOldGen       total 42496K, used 2423K [0x00000000c3c00000, 0x00000000c6580000, 0x00000000ebf00000)
  object space 42496K, 5% used [0x00000000c3c00000,0x00000000c3e5df18,0x00000000c6580000)
 Metaspace       used 18669K, capacity 19438K, committed 19712K, reserved 1067008K
  class space    used 2543K, capacity 2735K, committed 2816K, reserved 1048576K
Event: 8.486 GC heap after
Heap after GC invocations=3 (full 0):
 PSYoungGen      total 18432K, used 2528K [0x00000000ebf00000, 0x00000000ed380000, 0x0000000100000000)
  eden space 15872K, 0% used [0x00000000ebf00000,0x00000000ebf00000,0x00000000ece80000)
  from space 2560K, 98% used [0x00000000ece80000,0x00000000ed0f8030,0x00000000ed100000)
  to   space 2560K, 0% used [0x00000000ed100000,0x00000000ed100000,0x00000000ed380000)
 ParOldGen       total 42496K, used 6199K [0x00000000c3c00000, 0x00000000c6580000, 0x00000000ebf00000)
  object space 42496K, 14% used [0x00000000c3c00000,0x00000000c420de10,0x00000000c6580000)
 Metaspace       used 18669K, capacity 19438K, committed 19712K, reserved 1067008K
  class space    used 2543K, capacity 2735K, committed 2816K, reserved 1048576K
}
Event: 8.741 GC heap before
{Heap before GC invocations=4 (full 0):
 PSYoungGen      total 18432K, used 9703K [0x00000000ebf00000, 0x00000000ed380000, 0x0000000100000000)
  eden space 15872K, 45% used [0x00000000ebf00000,0x00000000ec601e40,0x00000000ece80000)
  from space 2560K, 98% used [0x00000000ece80000,0x00000000ed0f8030,0x00000000ed100000)
  to   space 2560K, 0% used [0x00000000ed100000,0x00000000ed100000,0x00000000ed380000)
 ParOldGen       total 42496K, used 6199K [0x00000000c3c00000, 0x00000000c6580000, 0x00000000ebf00000)
  object space 42496K, 14% used [0x00000000c3c00000,0x00000000c420de10,0x00000000c6580000)
 Metaspace       used 20348K, capacity 21146K, committed 21296K, reserved 1067008K
  class space    used 2736K, capacity 2937K, committed 2944K, reserved 1048576K
Event: 8.750 GC heap after
Heap after GC invocations=4 (full 0):
 PSYoungGen      total 18432K, used 2538K [0x00000000ebf00000, 0x00000000ee300000, 0x0000000100000000)
  eden space 15872K, 0% used [0x00000000ebf00000,0x00000000ebf00000,0x00000000ece80000)
  from space 2560K, 99% used [0x00000000ed100000,0x00000000ed37a840,0x00000000ed380000)
  to   space 2560K, 0% used [0x00000000ece80000,0x00000000ece80000,0x00000000ed100000)
 ParOldGen       total 42496K, used 8570K [0x00000000c3c00000, 0x00000000c6580000, 0x00000000ebf00000)
  object space 42496K, 20% used [0x00000000c3c00000,0x00000000c445ea10,0x00000000c6580000)
 Metaspace       used 20348K, capacity 21146K, committed 21296K, reserved 1067008K
  class space    used 2736K, capacity 2937K, committed 2944K, reserved 1048576K
}
Event: 8.750 GC heap before
{Heap before GC invocations=5 (full 1):
 PSYoungGen      total 18432K, used 2538K [0x00000000ebf00000, 0x00000000ee300000, 0x0000000100000000)
  eden space 15872K, 0% used [0x00000000ebf00000,0x00000000ebf00000,0x00000000ece80000)
  from space 2560K, 99% used [0x00000000ed100000,0x00000000ed37a840,0x00000000ed380000)
  to   space 2560K, 0% used [0x00000000ece80000,0x00000000ece80000,0x00000000ed100000)
 ParOldGen       total 42496K, used 8570K [0x00000000c3c00000, 0x00000000c6580000, 0x00000000ebf00000)
  object space 42496K, 20% used [0x00000000c3c00000,0x00000000c445ea10,0x00000000c6580000)
 Metaspace       used 20348K, capacity 21146K, committed 21296K, reserved 1067008K
  class space    used 2736K, capacity 2937K, committed 2944K, reserved 1048576K
Event: 8.837 GC heap after
Heap after GC invocations=5 (full 1):
 PSYoungGen      total 18432K, used 0K [0x00000000ebf00000, 0x00000000ee300000, 0x0000000100000000)
  eden space 15872K, 0% used [0x00000000ebf00000,0x00000000ebf00000,0x00000000ece80000)
  from space 2560K, 0% used [0x00000000ed100000,0x00000000ed100000,0x00000000ed380000)
  to   space 2560K, 0% used [0x00000000ece80000,0x00000000ece80000,0x00000000ed100000)
 ParOldGen       total 38912K, used 10919K [0x00000000c3c00000, 0x00000000c6200000, 0x00000000ebf00000)
  object space 38912K, 28% used [0x00000000c3c00000,0x00000000c46a9d00,0x00000000c6200000)
 Metaspace       used 20348K, capacity 21146K, committed 21296K, reserved 1067008K
  class space    used 2736K, capacity 2937K, committed 2944K, reserved 1048576K
}
Event: 9.545 GC heap before
{Heap before GC invocations=6 (full 1):
 PSYoungGen      total 18432K, used 15872K [0x00000000ebf00000, 0x00000000ee300000, 0x0000000100000000)
  eden space 15872K, 100% used [0x00000000ebf00000,0x00000000ece80000,0x00000000ece80000)
  from space 2560K, 0% used [0x00000000ed100000,0x00000000ed100000,0x00000000ed380000)
  to   space 2560K, 0% used [0x00000000ece80000,0x00000000ece80000,0x00000000ed100000)
 ParOldGen       total 38912K, used 10919K [0x00000000c3c00000, 0x00000000c6200000, 0x00000000ebf00000)
  object space 38912K, 28% used [0x00000000c3c00000,0x00000000c46a9d00,0x00000000c6200000)
 Metaspace       used 23088K, capacity 23894K, committed 24064K, reserved 1071104K
  class space    used 3044K, capacity 3227K, committed 3328K, reserved 1048576K
Event: 9.563 GC heap after
Heap after GC invocations=6 (full 1):
 PSYoungGen      total 18432K, used 2557K [0x00000000ebf00000, 0x00000000ee700000, 0x0000000100000000)
  eden space 15872K, 0% used [0x00000000ebf00000,0x00000000ebf00000,0x00000000ece80000)
  from space 2560K, 99% used [0x00000000ece80000,0x00000000ed0ff720,0x00000000ed100000)
  to   space 7680K, 0% used [0x00000000edf80000,0x00000000edf80000,0x00000000ee700000)
 ParOldGen       total 38912K, used 11398K [0x00000000c3c00000, 0x00000000c6200000, 0x00000000ebf00000)
  object space 38912K, 29% used [0x00000000c3c00000,0x00000000c4721b70,0x00000000c6200000)
 Metaspace       used 23088K, capacity 23894K, committed 24064K, reserved 1071104K
  class space    used 3044K, capacity 3227K, committed 3328K, reserved 1048576K
}

